[ 2016-05-30T19:23:55+08:00 ] 127.0.0.1 /Stock/index.php?m=Home&c=Index&a=index
INFO: [ app_init ] --START--
INFO: Run Behavior\BuildLiteBehavior [ RunTime:0.000012s ]
INFO: [ app_init ] --END-- [ RunTime:0.000396s ]
INFO: [ app_begin ] --START--
INFO: Run Behavior\ReadHtmlCacheBehavior [ RunTime:0.000442s ]
INFO: [ app_begin ] --END-- [ RunTime:0.000475s ]
INFO: [ view_parse ] --START--
INFO: [ template_filter ] --START--
INFO: Run Behavior\ContentReplaceBehavior [ RunTime:0.000039s ]
INFO: [ template_filter ] --END-- [ RunTime:0.000075s ]
INFO: Run Behavior\ParseTemplateBehavior [ RunTime:0.005849s ]
INFO: [ view_parse ] --END-- [ RunTime:0.005877s ]
INFO: [ view_filter ] --START--
INFO: Run Behavior\WriteHtmlCacheBehavior [ RunTime:0.000280s ]
INFO: [ view_filter ] --END-- [ RunTime:0.000309s ]
INFO: [ app_end ] --START--
INFO: Run Behavior\ShowPageTraceBehavior [ RunTime:0.000465s ]
INFO: [ app_end ] --END-- [ RunTime:0.000504s ]

[ 2016-05-30T19:25:12+08:00 ] 127.0.0.1 /Stock/index.php?m=Home&c=Index&a=index
INFO: [ app_init ] --START--
INFO: Run Behavior\BuildLiteBehavior [ RunTime:0.000007s ]
INFO: [ app_init ] --END-- [ RunTime:0.000198s ]
INFO: [ app_begin ] --START--
INFO: Run Behavior\ReadHtmlCacheBehavior [ RunTime:0.000237s ]
INFO: [ app_begin ] --END-- [ RunTime:0.000263s ]
INFO: [ view_parse ] --START--
INFO: [ template_filter ] --START--
INFO: Run Behavior\ContentReplaceBehavior [ RunTime:0.000037s ]
INFO: [ template_filter ] --END-- [ RunTime:0.000107s ]
INFO: Run Behavior\ParseTemplateBehavior [ RunTime:0.005105s ]
INFO: [ view_parse ] --END-- [ RunTime:0.005135s ]
INFO: [ view_filter ] --START--
INFO: Run Behavior\WriteHtmlCacheBehavior [ RunTime:0.000136s ]
INFO: [ view_filter ] --END-- [ RunTime:0.000160s ]
INFO: [ app_end ] --START--
INFO: Run Behavior\ShowPageTraceBehavior [ RunTime:0.000320s ]
INFO: [ app_end ] --END-- [ RunTime:0.000349s ]

[ 2016-05-30T19:25:14+08:00 ] 172.33.16.18 /Stock/index.php?m=Home&c=Index&a=minData&&url=http://img1.money.126.net/data/hs/time/today/0000001.json&&count=1
INFO: [ app_init ] --START--
INFO: Run Behavior\BuildLiteBehavior [ RunTime:0.000008s ]
INFO: [ app_init ] --END-- [ RunTime:0.000215s ]
INFO: [ app_begin ] --START--
INFO: Run Behavior\ReadHtmlCacheBehavior [ RunTime:0.000236s ]
INFO: [ app_begin ] --END-- [ RunTime:0.000262s ]
INFO: [ app_end ] --START--
INFO: Run Behavior\ShowPageTraceBehavior [ RunTime:0.000340s ]
INFO: [ app_end ] --END-- [ RunTime:0.000388s ]

[ 2016-05-30T19:25:18+08:00 ] 172.33.16.18 /Stock/index.php?m=Home&c=Index&a=index
INFO: [ app_init ] --START--
INFO: Run Behavior\BuildLiteBehavior [ RunTime:0.000008s ]
INFO: [ app_init ] --END-- [ RunTime:0.000177s ]
INFO: [ app_begin ] --START--
INFO: Run Behavior\ReadHtmlCacheBehavior [ RunTime:0.000220s ]
INFO: [ app_begin ] --END-- [ RunTime:0.000247s ]
INFO: [ view_parse ] --START--
INFO: [ template_filter ] --START--
INFO: Run Behavior\ContentReplaceBehavior [ RunTime:0.000023s ]
INFO: [ template_filter ] --END-- [ RunTime:0.000056s ]
INFO: Run Behavior\ParseTemplateBehavior [ RunTime:0.003882s ]
INFO: [ view_parse ] --END-- [ RunTime:0.003912s ]
INFO: [ view_filter ] --START--
INFO: Run Behavior\WriteHtmlCacheBehavior [ RunTime:0.000085s ]
INFO: [ view_filter ] --END-- [ RunTime:0.000104s ]
INFO: [ app_end ] --START--
INFO: Run Behavior\ShowPageTraceBehavior [ RunTime:0.000235s ]
INFO: [ app_end ] --END-- [ RunTime:0.000258s ]

[ 2016-05-30T19:25:21+08:00 ] 172.33.16.18 /Stock/index.php?m=Home&c=Index&a=minData&&url=http://img1.money.126.net/data/hs/time/today/0000001.json&&count=1
INFO: [ app_init ] --START--
INFO: Run Behavior\BuildLiteBehavior [ RunTime:0.000008s ]
INFO: [ app_init ] --END-- [ RunTime:0.000189s ]
INFO: [ app_begin ] --START--
INFO: Run Behavior\ReadHtmlCacheBehavior [ RunTime:0.000232s ]
INFO: [ app_begin ] --END-- [ RunTime:0.000257s ]
INFO: [ app_end ] --START--
INFO: Run Behavior\ShowPageTraceBehavior [ RunTime:0.000317s ]
INFO: [ app_end ] --END-- [ RunTime:0.000360s ]

[ 2016-05-30T19:25:56+08:00 ] 172.33.16.18 /Stock/index.php?m=Home&c=Index&a=getMessage&startId=2
INFO: [ app_init ] --START--
INFO: Run Behavior\BuildLiteBehavior [ RunTime:0.000008s ]
INFO: [ app_init ] --END-- [ RunTime:0.000203s ]
INFO: [ app_begin ] --START--
INFO: Run Behavior\ReadHtmlCacheBehavior [ RunTime:0.000221s ]
INFO: [ app_begin ] --END-- [ RunTime:0.000246s ]
SQL: SHOW COLUMNS FROM `message` [ RunTime:0.0004s ]
SQL: SHOW COLUMNS FROM `barrage_msg` [ RunTime:0.0003s ]
SQL: SELECT * FROM `barrage_msg` WHERE ( `messageId` > '2' AND `messageId` < 5  )  [ RunTime:0.0002s ]
INFO: [ app_end ] --START--
INFO: Run Behavior\ShowPageTraceBehavior [ RunTime:0.000313s ]
INFO: [ app_end ] --END-- [ RunTime:0.000346s ]

[ 2016-05-30T19:26:32+08:00 ] 172.33.16.18 /Stock/index.php?m=Home&c=Index&a=getMessage&startId=4
INFO: [ app_init ] --START--
INFO: Run Behavior\BuildLiteBehavior [ RunTime:0.000008s ]
INFO: [ app_init ] --END-- [ RunTime:0.000203s ]
INFO: [ app_begin ] --START--
INFO: Run Behavior\ReadHtmlCacheBehavior [ RunTime:0.000255s ]
INFO: [ app_begin ] --END-- [ RunTime:0.000283s ]
SQL: SHOW COLUMNS FROM `message` [ RunTime:0.0004s ]
SQL: SHOW COLUMNS FROM `barrage_msg` [ RunTime:0.0003s ]
SQL: SELECT * FROM `barrage_msg` WHERE ( `messageId` > '4' AND `messageId` < 7  )  [ RunTime:0.0002s ]
INFO: [ app_end ] --START--
INFO: Run Behavior\ShowPageTraceBehavior [ RunTime:0.000238s ]
INFO: [ app_end ] --END-- [ RunTime:0.000264s ]

[ 2016-05-30T19:27:07+08:00 ] 172.33.16.18 /Stock/index.php?m=Home&c=Index&a=getMessage&startId=6
INFO: [ app_init ] --START--
INFO: Run Behavior\BuildLiteBehavior [ RunTime:0.000008s ]
INFO: [ app_init ] --END-- [ RunTime:0.000206s ]
INFO: [ app_begin ] --START--
INFO: Run Behavior\ReadHtmlCacheBehavior [ RunTime:0.000256s ]
INFO: [ app_begin ] --END-- [ RunTime:0.000285s ]
SQL: SHOW COLUMNS FROM `message` [ RunTime:0.0003s ]
SQL: SHOW COLUMNS FROM `barrage_msg` [ RunTime:0.0003s ]
SQL: SELECT * FROM `barrage_msg` WHERE ( `messageId` > '6' AND `messageId` < 9  )  [ RunTime:0.0002s ]
INFO: [ app_end ] --START--
INFO: Run Behavior\ShowPageTraceBehavior [ RunTime:0.000250s ]
INFO: [ app_end ] --END-- [ RunTime:0.000273s ]

[ 2016-05-30T19:27:43+08:00 ] 172.33.16.18 /Stock/index.php?m=Home&c=Index&a=getMessage&startId=8
INFO: [ app_init ] --START--
INFO: Run Behavior\BuildLiteBehavior [ RunTime:0.000008s ]
INFO: [ app_init ] --END-- [ RunTime:0.000202s ]
INFO: [ app_begin ] --START--
INFO: Run Behavior\ReadHtmlCacheBehavior [ RunTime:0.000251s ]
INFO: [ app_begin ] --END-- [ RunTime:0.000279s ]
SQL: SHOW COLUMNS FROM `message` [ RunTime:0.0005s ]
SQL: SHOW COLUMNS FROM `barrage_msg` [ RunTime:0.0005s ]
SQL: SELECT * FROM `barrage_msg` WHERE ( `messageId` > '8' AND `messageId` < 11  )  [ RunTime:0.0003s ]
INFO: [ app_end ] --START--
INFO: Run Behavior\ShowPageTraceBehavior [ RunTime:0.000364s ]
INFO: [ app_end ] --END-- [ RunTime:0.000404s ]

[ 2016-05-30T19:28:20+08:00 ] 172.33.16.18 /Stock/index.php?m=Home&c=Index&a=getMessage&startId=10
INFO: [ app_init ] --START--
INFO: Run Behavior\BuildLiteBehavior [ RunTime:0.000008s ]
INFO: [ app_init ] --END-- [ RunTime:0.000204s ]
INFO: [ app_begin ] --START--
INFO: Run Behavior\ReadHtmlCacheBehavior [ RunTime:0.000231s ]
INFO: [ app_begin ] --END-- [ RunTime:0.000257s ]
SQL: SHOW COLUMNS FROM `message` [ RunTime:0.0004s ]
SQL: SHOW COLUMNS FROM `barrage_msg` [ RunTime:0.0003s ]
SQL: SELECT * FROM `barrage_msg` WHERE ( `messageId` > '10' AND `messageId` < 13  )  [ RunTime:0.0002s ]
INFO: [ app_end ] --START--
INFO: Run Behavior\ShowPageTraceBehavior [ RunTime:0.000242s ]
INFO: [ app_end ] --END-- [ RunTime:0.000267s ]

[ 2016-05-30T19:28:55+08:00 ] 172.33.16.18 /Stock/index.php?m=Home&c=Index&a=getMessage&startId=12
INFO: [ app_init ] --START--
INFO: Run Behavior\BuildLiteBehavior [ RunTime:0.000008s ]
INFO: [ app_init ] --END-- [ RunTime:0.000184s ]
INFO: [ app_begin ] --START--
INFO: Run Behavior\ReadHtmlCacheBehavior [ RunTime:0.000226s ]
INFO: [ app_begin ] --END-- [ RunTime:0.000262s ]
SQL: SHOW COLUMNS FROM `message` [ RunTime:0.0003s ]
SQL: SHOW COLUMNS FROM `barrage_msg` [ RunTime:0.0002s ]
SQL: SELECT * FROM `barrage_msg` WHERE ( `messageId` > '12' AND `messageId` < 15  )  [ RunTime:0.0002s ]
INFO: [ app_end ] --START--
INFO: Run Behavior\ShowPageTraceBehavior [ RunTime:0.000278s ]
INFO: [ app_end ] --END-- [ RunTime:0.000305s ]

[ 2016-05-30T19:29:32+08:00 ] 172.33.16.18 /Stock/index.php?m=Home&c=Index&a=getMessage&startId=14
INFO: [ app_init ] --START--
INFO: Run Behavior\BuildLiteBehavior [ RunTime:0.000008s ]
INFO: [ app_init ] --END-- [ RunTime:0.000170s ]
INFO: [ app_begin ] --START--
INFO: Run Behavior\ReadHtmlCacheBehavior [ RunTime:0.000212s ]
INFO: [ app_begin ] --END-- [ RunTime:0.000235s ]
SQL: SHOW COLUMNS FROM `message` [ RunTime:0.0005s ]
SQL: SHOW COLUMNS FROM `barrage_msg` [ RunTime:0.0003s ]
SQL: SELECT * FROM `barrage_msg` WHERE ( `messageId` > '14' AND `messageId` < 17  )  [ RunTime:0.0003s ]
INFO: [ app_end ] --START--
INFO: Run Behavior\ShowPageTraceBehavior [ RunTime:0.000315s ]
INFO: [ app_end ] --END-- [ RunTime:0.000346s ]

[ 2016-05-30T19:30:07+08:00 ] 172.33.16.18 /Stock/index.php?m=Home&c=Index&a=getMessage&startId=16
INFO: [ app_init ] --START--
INFO: Run Behavior\BuildLiteBehavior [ RunTime:0.000008s ]
INFO: [ app_init ] --END-- [ RunTime:0.000213s ]
INFO: [ app_begin ] --START--
INFO: Run Behavior\ReadHtmlCacheBehavior [ RunTime:0.000429s ]
INFO: [ app_begin ] --END-- [ RunTime:0.000478s ]
SQL: SHOW COLUMNS FROM `message` [ RunTime:0.0004s ]
SQL: SHOW COLUMNS FROM `barrage_msg` [ RunTime:0.0004s ]
SQL: SELECT * FROM `barrage_msg` WHERE ( `messageId` > '16' AND `messageId` < 19  )  [ RunTime:0.0003s ]
INFO: [ app_end ] --START--
INFO: Run Behavior\ShowPageTraceBehavior [ RunTime:0.000327s ]
INFO: [ app_end ] --END-- [ RunTime:0.000359s ]

[ 2016-05-30T19:30:43+08:00 ] 172.33.16.18 /Stock/index.php?m=Home&c=Index&a=getMessage&startId=18
INFO: [ app_init ] --START--
INFO: Run Behavior\BuildLiteBehavior [ RunTime:0.000008s ]
INFO: [ app_init ] --END-- [ RunTime:0.000174s ]
INFO: [ app_begin ] --START--
INFO: Run Behavior\ReadHtmlCacheBehavior [ RunTime:0.000211s ]
INFO: [ app_begin ] --END-- [ RunTime:0.000235s ]
SQL: SHOW COLUMNS FROM `message` [ RunTime:0.0003s ]
SQL: SHOW COLUMNS FROM `barrage_msg` [ RunTime:0.0003s ]
SQL: SELECT * FROM `barrage_msg` WHERE ( `messageId` > '18' AND `messageId` < 21  )  [ RunTime:0.0003s ]
INFO: [ app_end ] --START--
INFO: Run Behavior\ShowPageTraceBehavior [ RunTime:0.000289s ]
INFO: [ app_end ] --END-- [ RunTime:0.000318s ]

[ 2016-05-30T19:31:20+08:00 ] 172.33.16.18 /Stock/index.php?m=Home&c=Index&a=getMessage&startId=20
INFO: [ app_init ] --START--
INFO: Run Behavior\BuildLiteBehavior [ RunTime:0.000008s ]
INFO: [ app_init ] --END-- [ RunTime:0.000201s ]
INFO: [ app_begin ] --START--
INFO: Run Behavior\ReadHtmlCacheBehavior [ RunTime:0.000231s ]
INFO: [ app_begin ] --END-- [ RunTime:0.000256s ]
SQL: SHOW COLUMNS FROM `message` [ RunTime:0.0003s ]
SQL: SHOW COLUMNS FROM `barrage_msg` [ RunTime:0.0005s ]
SQL: SELECT * FROM `barrage_msg` WHERE ( `messageId` > '20' AND `messageId` < 23  )  [ RunTime:0.0003s ]
INFO: [ app_end ] --START--
INFO: Run Behavior\ShowPageTraceBehavior [ RunTime:0.000268s ]
INFO: [ app_end ] --END-- [ RunTime:0.000303s ]

[ 2016-05-30T19:31:55+08:00 ] 172.33.16.18 /Stock/index.php?m=Home&c=Index&a=getMessage&startId=22
INFO: [ app_init ] --START--
INFO: Run Behavior\BuildLiteBehavior [ RunTime:0.000008s ]
INFO: [ app_init ] --END-- [ RunTime:0.000201s ]
INFO: [ app_begin ] --START--
INFO: Run Behavior\ReadHtmlCacheBehavior [ RunTime:0.000265s ]
INFO: [ app_begin ] --END-- [ RunTime:0.000292s ]
SQL: SHOW COLUMNS FROM `message` [ RunTime:0.0004s ]
SQL: SHOW COLUMNS FROM `barrage_msg` [ RunTime:0.0003s ]
SQL: SELECT * FROM `barrage_msg` WHERE ( `messageId` > '22' AND `messageId` < 25  )  [ RunTime:0.0003s ]
INFO: [ app_end ] --START--
INFO: Run Behavior\ShowPageTraceBehavior [ RunTime:0.000248s ]
INFO: [ app_end ] --END-- [ RunTime:0.000274s ]

[ 2016-05-30T19:32:32+08:00 ] 172.33.16.18 /Stock/index.php?m=Home&c=Index&a=getMessage&startId=24
INFO: [ app_init ] --START--
INFO: Run Behavior\BuildLiteBehavior [ RunTime:0.000007s ]
INFO: [ app_init ] --END-- [ RunTime:0.000169s ]
INFO: [ app_begin ] --START--
INFO: Run Behavior\ReadHtmlCacheBehavior [ RunTime:0.000212s ]
INFO: [ app_begin ] --END-- [ RunTime:0.000236s ]
SQL: SHOW COLUMNS FROM `message` [ RunTime:0.0006s ]
SQL: SHOW COLUMNS FROM `barrage_msg` [ RunTime:0.0016s ]
SQL: SELECT * FROM `barrage_msg` WHERE ( `messageId` > '24' AND `messageId` < 27  )  [ RunTime:0.0005s ]
INFO: [ app_end ] --START--
INFO: Run Behavior\ShowPageTraceBehavior [ RunTime:0.000469s ]
INFO: [ app_end ] --END-- [ RunTime:0.000505s ]

[ 2016-05-30T19:33:07+08:00 ] 172.33.16.18 /Stock/index.php?m=Home&c=Index&a=getMessage&startId=26
INFO: [ app_init ] --START--
INFO: Run Behavior\BuildLiteBehavior [ RunTime:0.000008s ]
INFO: [ app_init ] --END-- [ RunTime:0.000180s ]
INFO: [ app_begin ] --START--
INFO: Run Behavior\ReadHtmlCacheBehavior [ RunTime:0.000228s ]
INFO: [ app_begin ] --END-- [ RunTime:0.000251s ]
SQL: SHOW COLUMNS FROM `message` [ RunTime:0.0004s ]
SQL: SHOW COLUMNS FROM `barrage_msg` [ RunTime:0.0003s ]
SQL: SELECT * FROM `barrage_msg` WHERE ( `messageId` > '26' AND `messageId` < 29  )  [ RunTime:0.0003s ]
INFO: [ app_end ] --START--
INFO: Run Behavior\ShowPageTraceBehavior [ RunTime:0.000241s ]
INFO: [ app_end ] --END-- [ RunTime:0.000266s ]

[ 2016-05-30T19:33:44+08:00 ] 172.33.16.18 /Stock/index.php?m=Home&c=Index&a=getMessage&startId=28
INFO: [ app_init ] --START--
INFO: Run Behavior\BuildLiteBehavior [ RunTime:0.000008s ]
INFO: [ app_init ] --END-- [ RunTime:0.000238s ]
INFO: [ app_begin ] --START--
INFO: Run Behavior\ReadHtmlCacheBehavior [ RunTime:0.000216s ]
INFO: [ app_begin ] --END-- [ RunTime:0.000240s ]
SQL: SHOW COLUMNS FROM `message` [ RunTime:0.0004s ]
SQL: SHOW COLUMNS FROM `barrage_msg` [ RunTime:0.0003s ]
SQL: SELECT * FROM `barrage_msg` WHERE ( `messageId` > '28' AND `messageId` < 31  )  [ RunTime:0.0002s ]
INFO: [ app_end ] --START--
INFO: Run Behavior\ShowPageTraceBehavior [ RunTime:0.000265s ]
INFO: [ app_end ] --END-- [ RunTime:0.000290s ]

[ 2016-05-30T19:34:20+08:00 ] 172.33.16.18 /Stock/index.php?m=Home&c=Index&a=getMessage&startId=30
INFO: [ app_init ] --START--
INFO: Run Behavior\BuildLiteBehavior [ RunTime:0.000008s ]
INFO: [ app_init ] --END-- [ RunTime:0.000182s ]
INFO: [ app_begin ] --START--
INFO: Run Behavior\ReadHtmlCacheBehavior [ RunTime:0.000231s ]
INFO: [ app_begin ] --END-- [ RunTime:0.000256s ]
SQL: SHOW COLUMNS FROM `message` [ RunTime:0.0004s ]
SQL: SHOW COLUMNS FROM `barrage_msg` [ RunTime:0.0003s ]
SQL: SELECT * FROM `barrage_msg` WHERE ( `messageId` > '30' AND `messageId` < 33  )  [ RunTime:0.0002s ]
INFO: [ app_end ] --START--
INFO: Run Behavior\ShowPageTraceBehavior [ RunTime:0.000238s ]
INFO: [ app_end ] --END-- [ RunTime:0.000263s ]

[ 2016-05-30T19:34:56+08:00 ] 172.33.16.18 /Stock/index.php?m=Home&c=Index&a=getMessage&startId=32
INFO: [ app_init ] --START--
INFO: Run Behavior\BuildLiteBehavior [ RunTime:0.000008s ]
INFO: [ app_init ] --END-- [ RunTime:0.000202s ]
INFO: [ app_begin ] --START--
INFO: Run Behavior\ReadHtmlCacheBehavior [ RunTime:0.000252s ]
INFO: [ app_begin ] --END-- [ RunTime:0.000280s ]
SQL: SHOW COLUMNS FROM `message` [ RunTime:0.0003s ]
SQL: SHOW COLUMNS FROM `barrage_msg` [ RunTime:0.0002s ]
SQL: SELECT * FROM `barrage_msg` WHERE ( `messageId` > '32' AND `messageId` < 35  )  [ RunTime:0.0002s ]
INFO: [ app_end ] --START--
INFO: Run Behavior\ShowPageTraceBehavior [ RunTime:0.000247s ]
INFO: [ app_end ] --END-- [ RunTime:0.000271s ]

[ 2016-05-30T19:35:32+08:00 ] 172.33.16.18 /Stock/index.php?m=Home&c=Index&a=getMessage&startId=34
INFO: [ app_init ] --START--
INFO: Run Behavior\BuildLiteBehavior [ RunTime:0.000008s ]
INFO: [ app_init ] --END-- [ RunTime:0.000190s ]
INFO: [ app_begin ] --START--
INFO: Run Behavior\ReadHtmlCacheBehavior [ RunTime:0.000233s ]
INFO: [ app_begin ] --END-- [ RunTime:0.000257s ]
SQL: SHOW COLUMNS FROM `message` [ RunTime:0.0003s ]
SQL: SHOW COLUMNS FROM `barrage_msg` [ RunTime:0.0003s ]
SQL: SELECT * FROM `barrage_msg` WHERE ( `messageId` > '34' AND `messageId` < 37  )  [ RunTime:0.0002s ]
INFO: [ app_end ] --START--
INFO: Run Behavior\ShowPageTraceBehavior [ RunTime:0.000248s ]
INFO: [ app_end ] --END-- [ RunTime:0.000272s ]

[ 2016-05-30T19:36:08+08:00 ] 172.33.16.18 /Stock/index.php?m=Home&c=Index&a=getMessage&startId=36
INFO: [ app_init ] --START--
INFO: Run Behavior\BuildLiteBehavior [ RunTime:0.000007s ]
INFO: [ app_init ] --END-- [ RunTime:0.000168s ]
INFO: [ app_begin ] --START--
INFO: Run Behavior\ReadHtmlCacheBehavior [ RunTime:0.000214s ]
INFO: [ app_begin ] --END-- [ RunTime:0.000236s ]
SQL: SHOW COLUMNS FROM `message` [ RunTime:0.0004s ]
SQL: SHOW COLUMNS FROM `barrage_msg` [ RunTime:0.0003s ]
SQL: SELECT * FROM `barrage_msg` WHERE ( `messageId` > '36' AND `messageId` < 39  )  [ RunTime:0.0002s ]
INFO: [ app_end ] --START--
INFO: Run Behavior\ShowPageTraceBehavior [ RunTime:0.000240s ]
INFO: [ app_end ] --END-- [ RunTime:0.000263s ]

[ 2016-05-30T19:36:44+08:00 ] 172.33.16.18 /Stock/index.php?m=Home&c=Index&a=getMessage&startId=38
INFO: [ app_init ] --START--
INFO: Run Behavior\BuildLiteBehavior [ RunTime:0.000009s ]
INFO: [ app_init ] --END-- [ RunTime:0.000182s ]
INFO: [ app_begin ] --START--
INFO: Run Behavior\ReadHtmlCacheBehavior [ RunTime:0.000220s ]
INFO: [ app_begin ] --END-- [ RunTime:0.000244s ]
SQL: SHOW COLUMNS FROM `message` [ RunTime:0.0004s ]
SQL: SHOW COLUMNS FROM `barrage_msg` [ RunTime:0.0003s ]
SQL: SELECT * FROM `barrage_msg` WHERE ( `messageId` > '38' AND `messageId` < 41  )  [ RunTime:0.0002s ]
INFO: [ app_end ] --START--
INFO: Run Behavior\ShowPageTraceBehavior [ RunTime:0.000274s ]
INFO: [ app_end ] --END-- [ RunTime:0.000300s ]

[ 2016-05-30T19:37:20+08:00 ] 172.33.16.18 /Stock/index.php?m=Home&c=Index&a=getMessage&startId=40
INFO: [ app_init ] --START--
INFO: Run Behavior\BuildLiteBehavior [ RunTime:0.000007s ]
INFO: [ app_init ] --END-- [ RunTime:0.000248s ]
INFO: [ app_begin ] --START--
INFO: Run Behavior\ReadHtmlCacheBehavior [ RunTime:0.000253s ]
INFO: [ app_begin ] --END-- [ RunTime:0.000280s ]
SQL: SHOW COLUMNS FROM `message` [ RunTime:0.0004s ]
SQL: SHOW COLUMNS FROM `barrage_msg` [ RunTime:0.0003s ]
SQL: SELECT * FROM `barrage_msg` WHERE ( `messageId` > '40' AND `messageId` < 43  )  [ RunTime:0.0002s ]
INFO: [ app_end ] --START--
INFO: Run Behavior\ShowPageTraceBehavior [ RunTime:0.000253s ]
INFO: [ app_end ] --END-- [ RunTime:0.000278s ]

[ 2016-05-30T19:37:56+08:00 ] 172.33.16.18 /Stock/index.php?m=Home&c=Index&a=getMessage&startId=42
INFO: [ app_init ] --START--
INFO: Run Behavior\BuildLiteBehavior [ RunTime:0.000011s ]
INFO: [ app_init ] --END-- [ RunTime:0.000258s ]
INFO: [ app_begin ] --START--
INFO: Run Behavior\ReadHtmlCacheBehavior [ RunTime:0.000249s ]
INFO: [ app_begin ] --END-- [ RunTime:0.000275s ]
SQL: SHOW COLUMNS FROM `message` [ RunTime:0.0003s ]
SQL: SHOW COLUMNS FROM `barrage_msg` [ RunTime:0.0002s ]
SQL: SELECT * FROM `barrage_msg` WHERE ( `messageId` > '42' AND `messageId` < 45  )  [ RunTime:0.0002s ]
INFO: [ app_end ] --START--
INFO: Run Behavior\ShowPageTraceBehavior [ RunTime:0.000253s ]
INFO: [ app_end ] --END-- [ RunTime:0.000277s ]

[ 2016-05-30T19:38:32+08:00 ] 172.33.16.18 /Stock/index.php?m=Home&c=Index&a=getMessage&startId=44
INFO: [ app_init ] --START--
INFO: Run Behavior\BuildLiteBehavior [ RunTime:0.000008s ]
INFO: [ app_init ] --END-- [ RunTime:0.000185s ]
INFO: [ app_begin ] --START--
INFO: Run Behavior\ReadHtmlCacheBehavior [ RunTime:0.000228s ]
INFO: [ app_begin ] --END-- [ RunTime:0.000253s ]
SQL: SHOW COLUMNS FROM `message` [ RunTime:0.0003s ]
SQL: SHOW COLUMNS FROM `barrage_msg` [ RunTime:0.0002s ]
SQL: SELECT * FROM `barrage_msg` WHERE ( `messageId` > '44' AND `messageId` < 47  )  [ RunTime:0.0002s ]
INFO: [ app_end ] --START--
INFO: Run Behavior\ShowPageTraceBehavior [ RunTime:0.000302s ]
INFO: [ app_end ] --END-- [ RunTime:0.000362s ]

[ 2016-05-30T19:39:08+08:00 ] 172.33.16.18 /Stock/index.php?m=Home&c=Index&a=getMessage&startId=46
INFO: [ app_init ] --START--
INFO: Run Behavior\BuildLiteBehavior [ RunTime:0.000008s ]
INFO: [ app_init ] --END-- [ RunTime:0.000174s ]
INFO: [ app_begin ] --START--
INFO: Run Behavior\ReadHtmlCacheBehavior [ RunTime:0.000221s ]
INFO: [ app_begin ] --END-- [ RunTime:0.000245s ]
SQL: SHOW COLUMNS FROM `message` [ RunTime:0.0004s ]
SQL: SHOW COLUMNS FROM `barrage_msg` [ RunTime:0.0003s ]
SQL: SELECT * FROM `barrage_msg` WHERE ( `messageId` > '46' AND `messageId` < 49  )  [ RunTime:0.0002s ]
INFO: [ app_end ] --START--
INFO: Run Behavior\ShowPageTraceBehavior [ RunTime:0.000338s ]
INFO: [ app_end ] --END-- [ RunTime:0.000375s ]

[ 2016-05-30T19:39:43+08:00 ] 172.33.16.18 /Stock/index.php?m=Home&c=Index&a=getMessage&startId=48
INFO: [ app_init ] --START--
INFO: Run Behavior\BuildLiteBehavior [ RunTime:0.000008s ]
INFO: [ app_init ] --END-- [ RunTime:0.000193s ]
INFO: [ app_begin ] --START--
INFO: Run Behavior\ReadHtmlCacheBehavior [ RunTime:0.000232s ]
INFO: [ app_begin ] --END-- [ RunTime:0.000257s ]
SQL: SHOW COLUMNS FROM `message` [ RunTime:0.0004s ]
SQL: SHOW COLUMNS FROM `barrage_msg` [ RunTime:0.0003s ]
SQL: SELECT * FROM `barrage_msg` WHERE ( `messageId` > '48' AND `messageId` < 51  )  [ RunTime:0.0003s ]
INFO: [ app_end ] --START--
INFO: Run Behavior\ShowPageTraceBehavior [ RunTime:0.000309s ]
INFO: [ app_end ] --END-- [ RunTime:0.000347s ]

[ 2016-05-30T19:40:19+08:00 ] 172.33.16.18 /Stock/index.php?m=Home&c=Index&a=getMessage&startId=50
INFO: [ app_init ] --START--
INFO: Run Behavior\BuildLiteBehavior [ RunTime:0.000007s ]
INFO: [ app_init ] --END-- [ RunTime:0.000175s ]
INFO: [ app_begin ] --START--
INFO: Run Behavior\ReadHtmlCacheBehavior [ RunTime:0.000219s ]
INFO: [ app_begin ] --END-- [ RunTime:0.000243s ]
SQL: SHOW COLUMNS FROM `message` [ RunTime:0.0004s ]
SQL: SHOW COLUMNS FROM `barrage_msg` [ RunTime:0.0002s ]
SQL: SELECT * FROM `barrage_msg` WHERE ( `messageId` > '50' AND `messageId` < 53  )  [ RunTime:0.0002s ]
INFO: [ app_end ] --START--
INFO: Run Behavior\ShowPageTraceBehavior [ RunTime:0.000251s ]
INFO: [ app_end ] --END-- [ RunTime:0.000275s ]

[ 2016-05-30T19:40:55+08:00 ] 172.33.16.18 /Stock/index.php?m=Home&c=Index&a=getMessage&startId=52
INFO: [ app_init ] --START--
INFO: Run Behavior\BuildLiteBehavior [ RunTime:0.000007s ]
INFO: [ app_init ] --END-- [ RunTime:0.000175s ]
INFO: [ app_begin ] --START--
INFO: Run Behavior\ReadHtmlCacheBehavior [ RunTime:0.000217s ]
INFO: [ app_begin ] --END-- [ RunTime:0.000241s ]
SQL: SHOW COLUMNS FROM `message` [ RunTime:0.0005s ]
SQL: SHOW COLUMNS FROM `barrage_msg` [ RunTime:0.0003s ]
SQL: SELECT * FROM `barrage_msg` WHERE ( `messageId` > '52' AND `messageId` < 55  )  [ RunTime:0.0003s ]
INFO: [ app_end ] --START--
INFO: Run Behavior\ShowPageTraceBehavior [ RunTime:0.000316s ]
INFO: [ app_end ] --END-- [ RunTime:0.000345s ]

[ 2016-05-30T19:41:31+08:00 ] 172.33.16.18 /Stock/index.php?m=Home&c=Index&a=getMessage&startId=54
INFO: [ app_init ] --START--
INFO: Run Behavior\BuildLiteBehavior [ RunTime:0.000007s ]
INFO: [ app_init ] --END-- [ RunTime:0.000169s ]
INFO: [ app_begin ] --START--
INFO: Run Behavior\ReadHtmlCacheBehavior [ RunTime:0.000212s ]
INFO: [ app_begin ] --END-- [ RunTime:0.000235s ]
SQL: SHOW COLUMNS FROM `message` [ RunTime:0.0004s ]
SQL: SHOW COLUMNS FROM `barrage_msg` [ RunTime:0.0004s ]
SQL: SELECT * FROM `barrage_msg` WHERE ( `messageId` > '54' AND `messageId` < 57  )  [ RunTime:0.0003s ]
INFO: [ app_end ] --START--
INFO: Run Behavior\ShowPageTraceBehavior [ RunTime:0.000363s ]
INFO: [ app_end ] --END-- [ RunTime:0.000397s ]

[ 2016-05-30T19:42:07+08:00 ] 172.33.16.18 /Stock/index.php?m=Home&c=Index&a=getMessage&startId=56
INFO: [ app_init ] --START--
INFO: Run Behavior\BuildLiteBehavior [ RunTime:0.000008s ]
INFO: [ app_init ] --END-- [ RunTime:0.000180s ]
INFO: [ app_begin ] --START--
INFO: Run Behavior\ReadHtmlCacheBehavior [ RunTime:0.000245s ]
INFO: [ app_begin ] --END-- [ RunTime:0.000269s ]
SQL: SHOW COLUMNS FROM `message` [ RunTime:0.0004s ]
SQL: SHOW COLUMNS FROM `barrage_msg` [ RunTime:0.0002s ]
SQL: SELECT * FROM `barrage_msg` WHERE ( `messageId` > '56' AND `messageId` < 59  )  [ RunTime:0.0002s ]
INFO: [ app_end ] --START--
INFO: Run Behavior\ShowPageTraceBehavior [ RunTime:0.000249s ]
INFO: [ app_end ] --END-- [ RunTime:0.000272s ]

[ 2016-05-30T19:42:43+08:00 ] 172.33.16.18 /Stock/index.php?m=Home&c=Index&a=getMessage&startId=58
INFO: [ app_init ] --START--
INFO: Run Behavior\BuildLiteBehavior [ RunTime:0.000008s ]
INFO: [ app_init ] --END-- [ RunTime:0.000186s ]
INFO: [ app_begin ] --START--
INFO: Run Behavior\ReadHtmlCacheBehavior [ RunTime:0.000246s ]
INFO: [ app_begin ] --END-- [ RunTime:0.000273s ]
SQL: SHOW COLUMNS FROM `message` [ RunTime:0.0004s ]
SQL: SHOW COLUMNS FROM `barrage_msg` [ RunTime:0.0003s ]
SQL: SELECT * FROM `barrage_msg` WHERE ( `messageId` > '58' AND `messageId` < 61  )  [ RunTime:0.0003s ]
INFO: [ app_end ] --START--
INFO: Run Behavior\ShowPageTraceBehavior [ RunTime:0.000323s ]
INFO: [ app_end ] --END-- [ RunTime:0.000355s ]

[ 2016-05-30T19:43:19+08:00 ] 172.33.16.18 /Stock/index.php?m=Home&c=Index&a=getMessage&startId=60
INFO: [ app_init ] --START--
INFO: Run Behavior\BuildLiteBehavior [ RunTime:0.000007s ]
INFO: [ app_init ] --END-- [ RunTime:0.000180s ]
INFO: [ app_begin ] --START--
INFO: Run Behavior\ReadHtmlCacheBehavior [ RunTime:0.000211s ]
INFO: [ app_begin ] --END-- [ RunTime:0.000234s ]
SQL: SHOW COLUMNS FROM `message` [ RunTime:0.0004s ]
SQL: SHOW COLUMNS FROM `barrage_msg` [ RunTime:0.0003s ]
SQL: SELECT * FROM `barrage_msg` WHERE ( `messageId` > '60' AND `messageId` < 63  )  [ RunTime:0.0002s ]
INFO: [ app_end ] --START--
INFO: Run Behavior\ShowPageTraceBehavior [ RunTime:0.000241s ]
INFO: [ app_end ] --END-- [ RunTime:0.000266s ]

[ 2016-05-30T19:43:55+08:00 ] 172.33.16.18 /Stock/index.php?m=Home&c=Index&a=getMessage&startId=62
INFO: [ app_init ] --START--
INFO: Run Behavior\BuildLiteBehavior [ RunTime:0.000007s ]
INFO: [ app_init ] --END-- [ RunTime:0.000174s ]
INFO: [ app_begin ] --START--
INFO: Run Behavior\ReadHtmlCacheBehavior [ RunTime:0.000238s ]
INFO: [ app_begin ] --END-- [ RunTime:0.000261s ]
SQL: SHOW COLUMNS FROM `message` [ RunTime:0.0003s ]
SQL: SHOW COLUMNS FROM `barrage_msg` [ RunTime:0.0002s ]
SQL: SELECT * FROM `barrage_msg` WHERE ( `messageId` > '62' AND `messageId` < 65  )  [ RunTime:0.0002s ]
INFO: [ app_end ] --START--
INFO: Run Behavior\ShowPageTraceBehavior [ RunTime:0.000238s ]
INFO: [ app_end ] --END-- [ RunTime:0.000262s ]

[ 2016-05-30T19:44:31+08:00 ] 172.33.16.18 /Stock/index.php?m=Home&c=Index&a=getMessage&startId=64
INFO: [ app_init ] --START--
INFO: Run Behavior\BuildLiteBehavior [ RunTime:0.000009s ]
INFO: [ app_init ] --END-- [ RunTime:0.000205s ]
INFO: [ app_begin ] --START--
INFO: Run Behavior\ReadHtmlCacheBehavior [ RunTime:0.000246s ]
INFO: [ app_begin ] --END-- [ RunTime:0.000274s ]
SQL: SHOW COLUMNS FROM `message` [ RunTime:0.0004s ]
SQL: SHOW COLUMNS FROM `barrage_msg` [ RunTime:0.0003s ]
SQL: SELECT * FROM `barrage_msg` WHERE ( `messageId` > '64' AND `messageId` < 67  )  [ RunTime:0.0002s ]
INFO: [ app_end ] --START--
INFO: Run Behavior\ShowPageTraceBehavior [ RunTime:0.000310s ]
INFO: [ app_end ] --END-- [ RunTime:0.000339s ]

[ 2016-05-30T19:45:07+08:00 ] 172.33.16.18 /Stock/index.php?m=Home&c=Index&a=getMessage&startId=66
INFO: [ app_init ] --START--
INFO: Run Behavior\BuildLiteBehavior [ RunTime:0.000008s ]
INFO: [ app_init ] --END-- [ RunTime:0.000171s ]
INFO: [ app_begin ] --START--
INFO: Run Behavior\ReadHtmlCacheBehavior [ RunTime:0.000212s ]
INFO: [ app_begin ] --END-- [ RunTime:0.000236s ]
SQL: SHOW COLUMNS FROM `message` [ RunTime:0.0004s ]
SQL: SHOW COLUMNS FROM `barrage_msg` [ RunTime:0.0003s ]
SQL: SELECT * FROM `barrage_msg` WHERE ( `messageId` > '66' AND `messageId` < 69  )  [ RunTime:0.0002s ]
INFO: [ app_end ] --START--
INFO: Run Behavior\ShowPageTraceBehavior [ RunTime:0.000240s ]
INFO: [ app_end ] --END-- [ RunTime:0.000265s ]

[ 2016-05-30T19:45:43+08:00 ] 172.33.16.18 /Stock/index.php?m=Home&c=Index&a=getMessage&startId=68
INFO: [ app_init ] --START--
INFO: Run Behavior\BuildLiteBehavior [ RunTime:0.000008s ]
INFO: [ app_init ] --END-- [ RunTime:0.000180s ]
INFO: [ app_begin ] --START--
INFO: Run Behavior\ReadHtmlCacheBehavior [ RunTime:0.000212s ]
INFO: [ app_begin ] --END-- [ RunTime:0.000235s ]
SQL: SHOW COLUMNS FROM `message` [ RunTime:0.0004s ]
SQL: SHOW COLUMNS FROM `barrage_msg` [ RunTime:0.0004s ]
SQL: SELECT * FROM `barrage_msg` WHERE ( `messageId` > '68' AND `messageId` < 71  )  [ RunTime:0.0003s ]
INFO: [ app_end ] --START--
INFO: Run Behavior\ShowPageTraceBehavior [ RunTime:0.000359s ]
INFO: [ app_end ] --END-- [ RunTime:0.000395s ]

[ 2016-05-30T19:46:19+08:00 ] 172.33.16.18 /Stock/index.php?m=Home&c=Index&a=getMessage&startId=70
INFO: [ app_init ] --START--
INFO: Run Behavior\BuildLiteBehavior [ RunTime:0.000008s ]
INFO: [ app_init ] --END-- [ RunTime:0.000179s ]
INFO: [ app_begin ] --START--
INFO: Run Behavior\ReadHtmlCacheBehavior [ RunTime:0.000224s ]
INFO: [ app_begin ] --END-- [ RunTime:0.000249s ]
SQL: SHOW COLUMNS FROM `message` [ RunTime:0.0003s ]
SQL: SHOW COLUMNS FROM `barrage_msg` [ RunTime:0.0002s ]
SQL: SELECT * FROM `barrage_msg` WHERE ( `messageId` > '70' AND `messageId` < 73  )  [ RunTime:0.0003s ]
INFO: [ app_end ] --START--
INFO: Run Behavior\ShowPageTraceBehavior [ RunTime:0.000248s ]
INFO: [ app_end ] --END-- [ RunTime:0.000273s ]

[ 2016-05-30T19:46:55+08:00 ] 172.33.16.18 /Stock/index.php?m=Home&c=Index&a=getMessage&startId=72
INFO: [ app_init ] --START--
INFO: Run Behavior\BuildLiteBehavior [ RunTime:0.000007s ]
INFO: [ app_init ] --END-- [ RunTime:0.000170s ]
INFO: [ app_begin ] --START--
INFO: Run Behavior\ReadHtmlCacheBehavior [ RunTime:0.000213s ]
INFO: [ app_begin ] --END-- [ RunTime:0.000235s ]
SQL: SHOW COLUMNS FROM `message` [ RunTime:0.0003s ]
SQL: SHOW COLUMNS FROM `barrage_msg` [ RunTime:0.0003s ]
SQL: SELECT * FROM `barrage_msg` WHERE ( `messageId` > '72' AND `messageId` < 75  )  [ RunTime:0.0002s ]
INFO: [ app_end ] --START--
INFO: Run Behavior\ShowPageTraceBehavior [ RunTime:0.000239s ]
INFO: [ app_end ] --END-- [ RunTime:0.000264s ]

[ 2016-05-30T19:47:31+08:00 ] 172.33.16.18 /Stock/index.php?m=Home&c=Index&a=getMessage&startId=74
INFO: [ app_init ] --START--
INFO: Run Behavior\BuildLiteBehavior [ RunTime:0.000007s ]
INFO: [ app_init ] --END-- [ RunTime:0.000169s ]
INFO: [ app_begin ] --START--
INFO: Run Behavior\ReadHtmlCacheBehavior [ RunTime:0.000210s ]
INFO: [ app_begin ] --END-- [ RunTime:0.000233s ]
SQL: SHOW COLUMNS FROM `message` [ RunTime:0.0003s ]
SQL: SHOW COLUMNS FROM `barrage_msg` [ RunTime:0.0003s ]
SQL: SELECT * FROM `barrage_msg` WHERE ( `messageId` > '74' AND `messageId` < 77  )  [ RunTime:0.0003s ]
INFO: [ app_end ] --START--
INFO: Run Behavior\ShowPageTraceBehavior [ RunTime:0.000241s ]
INFO: [ app_end ] --END-- [ RunTime:0.000264s ]

[ 2016-05-30T19:48:07+08:00 ] 172.33.16.18 /Stock/index.php?m=Home&c=Index&a=getMessage&startId=76
INFO: [ app_init ] --START--
INFO: Run Behavior\BuildLiteBehavior [ RunTime:0.000009s ]
INFO: [ app_init ] --END-- [ RunTime:0.000199s ]
INFO: [ app_begin ] --START--
INFO: Run Behavior\ReadHtmlCacheBehavior [ RunTime:0.000248s ]
INFO: [ app_begin ] --END-- [ RunTime:0.000274s ]
SQL: SHOW COLUMNS FROM `message` [ RunTime:0.0003s ]
SQL: SHOW COLUMNS FROM `barrage_msg` [ RunTime:0.0002s ]
SQL: SELECT * FROM `barrage_msg` WHERE ( `messageId` > '76' AND `messageId` < 79  )  [ RunTime:0.0002s ]
INFO: [ app_end ] --START--
INFO: Run Behavior\ShowPageTraceBehavior [ RunTime:0.000256s ]
INFO: [ app_end ] --END-- [ RunTime:0.000280s ]

[ 2016-05-30T19:48:43+08:00 ] 172.33.16.18 /Stock/index.php?m=Home&c=Index&a=getMessage&startId=78
INFO: [ app_init ] --START--
INFO: Run Behavior\BuildLiteBehavior [ RunTime:0.000007s ]
INFO: [ app_init ] --END-- [ RunTime:0.000167s ]
INFO: [ app_begin ] --START--
INFO: Run Behavior\ReadHtmlCacheBehavior [ RunTime:0.000210s ]
INFO: [ app_begin ] --END-- [ RunTime:0.000233s ]
SQL: SHOW COLUMNS FROM `message` [ RunTime:0.0004s ]
SQL: SHOW COLUMNS FROM `barrage_msg` [ RunTime:0.0003s ]
SQL: SELECT * FROM `barrage_msg` WHERE ( `messageId` > '78' AND `messageId` < 81  )  [ RunTime:0.0002s ]
INFO: [ app_end ] --START--
INFO: Run Behavior\ShowPageTraceBehavior [ RunTime:0.000241s ]
INFO: [ app_end ] --END-- [ RunTime:0.000266s ]

[ 2016-05-30T19:49:19+08:00 ] 172.33.16.18 /Stock/index.php?m=Home&c=Index&a=getMessage&startId=80
INFO: [ app_init ] --START--
INFO: Run Behavior\BuildLiteBehavior [ RunTime:0.000008s ]
INFO: [ app_init ] --END-- [ RunTime:0.000166s ]
INFO: [ app_begin ] --START--
INFO: Run Behavior\ReadHtmlCacheBehavior [ RunTime:0.000203s ]
INFO: [ app_begin ] --END-- [ RunTime:0.000225s ]
SQL: SHOW COLUMNS FROM `message` [ RunTime:0.0004s ]
SQL: SHOW COLUMNS FROM `barrage_msg` [ RunTime:0.0004s ]
SQL: SELECT * FROM `barrage_msg` WHERE ( `messageId` > '80' AND `messageId` < 83  )  [ RunTime:0.0003s ]
INFO: [ app_end ] --START--
INFO: Run Behavior\ShowPageTraceBehavior [ RunTime:0.000362s ]
INFO: [ app_end ] --END-- [ RunTime:0.000399s ]

[ 2016-05-30T19:49:55+08:00 ] 172.33.16.18 /Stock/index.php?m=Home&c=Index&a=getMessage&startId=82
INFO: [ app_init ] --START--
INFO: Run Behavior\BuildLiteBehavior [ RunTime:0.000007s ]
INFO: [ app_init ] --END-- [ RunTime:0.000169s ]
INFO: [ app_begin ] --START--
INFO: Run Behavior\ReadHtmlCacheBehavior [ RunTime:0.000256s ]
INFO: [ app_begin ] --END-- [ RunTime:0.000279s ]
SQL: SHOW COLUMNS FROM `message` [ RunTime:0.0004s ]
SQL: SHOW COLUMNS FROM `barrage_msg` [ RunTime:0.0003s ]
SQL: SELECT * FROM `barrage_msg` WHERE ( `messageId` > '82' AND `messageId` < 85  )  [ RunTime:0.0002s ]
INFO: [ app_end ] --START--
INFO: Run Behavior\ShowPageTraceBehavior [ RunTime:0.000262s ]
INFO: [ app_end ] --END-- [ RunTime:0.000286s ]

[ 2016-05-30T19:50:31+08:00 ] 172.33.16.18 /Stock/index.php?m=Home&c=Index&a=getMessage&startId=84
INFO: [ app_init ] --START--
INFO: Run Behavior\BuildLiteBehavior [ RunTime:0.000009s ]
INFO: [ app_init ] --END-- [ RunTime:0.000220s ]
INFO: [ app_begin ] --START--
INFO: Run Behavior\ReadHtmlCacheBehavior [ RunTime:0.000282s ]
INFO: [ app_begin ] --END-- [ RunTime:0.000320s ]
SQL: SHOW COLUMNS FROM `message` [ RunTime:0.0004s ]
SQL: SHOW COLUMNS FROM `barrage_msg` [ RunTime:0.0003s ]
SQL: SELECT * FROM `barrage_msg` WHERE ( `messageId` > '84' AND `messageId` < 87  )  [ RunTime:0.0002s ]
INFO: [ app_end ] --START--
INFO: Run Behavior\ShowPageTraceBehavior [ RunTime:0.000242s ]
INFO: [ app_end ] --END-- [ RunTime:0.000266s ]

[ 2016-05-30T19:51:07+08:00 ] 172.33.16.18 /Stock/index.php?m=Home&c=Index&a=getMessage&startId=86
INFO: [ app_init ] --START--
INFO: Run Behavior\BuildLiteBehavior [ RunTime:0.000017s ]
INFO: [ app_init ] --END-- [ RunTime:0.000211s ]
INFO: [ app_begin ] --START--
INFO: Run Behavior\ReadHtmlCacheBehavior [ RunTime:0.000231s ]
INFO: [ app_begin ] --END-- [ RunTime:0.000257s ]
SQL: SHOW COLUMNS FROM `message` [ RunTime:0.0004s ]
SQL: SHOW COLUMNS FROM `barrage_msg` [ RunTime:0.0003s ]
SQL: SELECT * FROM `barrage_msg` WHERE ( `messageId` > '86' AND `messageId` < 89  )  [ RunTime:0.0003s ]
INFO: [ app_end ] --START--
INFO: Run Behavior\ShowPageTraceBehavior [ RunTime:0.000276s ]
INFO: [ app_end ] --END-- [ RunTime:0.000300s ]

[ 2016-05-30T19:51:43+08:00 ] 172.33.16.18 /Stock/index.php?m=Home&c=Index&a=getMessage&startId=88
INFO: [ app_init ] --START--
INFO: Run Behavior\BuildLiteBehavior [ RunTime:0.000009s ]
INFO: [ app_init ] --END-- [ RunTime:0.000213s ]
INFO: [ app_begin ] --START--
INFO: Run Behavior\ReadHtmlCacheBehavior [ RunTime:0.000230s ]
INFO: [ app_begin ] --END-- [ RunTime:0.000255s ]
SQL: SHOW COLUMNS FROM `message` [ RunTime:0.0004s ]
SQL: SHOW COLUMNS FROM `barrage_msg` [ RunTime:0.0003s ]
SQL: SELECT * FROM `barrage_msg` WHERE ( `messageId` > '88' AND `messageId` < 91  )  [ RunTime:0.0002s ]
INFO: [ app_end ] --START--
INFO: Run Behavior\ShowPageTraceBehavior [ RunTime:0.000242s ]
INFO: [ app_end ] --END-- [ RunTime:0.000267s ]

[ 2016-05-30T19:52:19+08:00 ] 172.33.16.18 /Stock/index.php?m=Home&c=Index&a=getMessage&startId=90
INFO: [ app_init ] --START--
INFO: Run Behavior\BuildLiteBehavior [ RunTime:0.000007s ]
INFO: [ app_init ] --END-- [ RunTime:0.000170s ]
INFO: [ app_begin ] --START--
INFO: Run Behavior\ReadHtmlCacheBehavior [ RunTime:0.000212s ]
INFO: [ app_begin ] --END-- [ RunTime:0.000234s ]
SQL: SHOW COLUMNS FROM `message` [ RunTime:0.0004s ]
SQL: SHOW COLUMNS FROM `barrage_msg` [ RunTime:0.0003s ]
SQL: SELECT * FROM `barrage_msg` WHERE ( `messageId` > '90' AND `messageId` < 93  )  [ RunTime:0.0002s ]
INFO: [ app_end ] --START--
INFO: Run Behavior\ShowPageTraceBehavior [ RunTime:0.000288s ]
INFO: [ app_end ] --END-- [ RunTime:0.000317s ]

[ 2016-05-30T19:52:55+08:00 ] 172.33.16.18 /Stock/index.php?m=Home&c=Index&a=getMessage&startId=92
INFO: [ app_init ] --START--
INFO: Run Behavior\BuildLiteBehavior [ RunTime:0.000008s ]
INFO: [ app_init ] --END-- [ RunTime:0.000200s ]
INFO: [ app_begin ] --START--
INFO: Run Behavior\ReadHtmlCacheBehavior [ RunTime:0.000231s ]
INFO: [ app_begin ] --END-- [ RunTime:0.000255s ]
SQL: SHOW COLUMNS FROM `message` [ RunTime:0.0004s ]
SQL: SHOW COLUMNS FROM `barrage_msg` [ RunTime:0.0003s ]
SQL: SELECT * FROM `barrage_msg` WHERE ( `messageId` > '92' AND `messageId` < 95  )  [ RunTime:0.0002s ]
INFO: [ app_end ] --START--
INFO: Run Behavior\ShowPageTraceBehavior [ RunTime:0.000239s ]
INFO: [ app_end ] --END-- [ RunTime:0.000264s ]

[ 2016-05-30T19:53:31+08:00 ] 172.33.16.18 /Stock/index.php?m=Home&c=Index&a=getMessage&startId=94
INFO: [ app_init ] --START--
INFO: Run Behavior\BuildLiteBehavior [ RunTime:0.000008s ]
INFO: [ app_init ] --END-- [ RunTime:0.000172s ]
INFO: [ app_begin ] --START--
INFO: Run Behavior\ReadHtmlCacheBehavior [ RunTime:0.000212s ]
INFO: [ app_begin ] --END-- [ RunTime:0.000236s ]
SQL: SHOW COLUMNS FROM `message` [ RunTime:0.0004s ]
SQL: SHOW COLUMNS FROM `barrage_msg` [ RunTime:0.0003s ]
SQL: SELECT * FROM `barrage_msg` WHERE ( `messageId` > '94' AND `messageId` < 97  )  [ RunTime:0.0002s ]
INFO: [ app_end ] --START--
INFO: Run Behavior\ShowPageTraceBehavior [ RunTime:0.000246s ]
INFO: [ app_end ] --END-- [ RunTime:0.000271s ]

[ 2016-05-30T19:54:07+08:00 ] 172.33.16.18 /Stock/index.php?m=Home&c=Index&a=getMessage&startId=96
INFO: [ app_init ] --START--
INFO: Run Behavior\BuildLiteBehavior [ RunTime:0.000007s ]
INFO: [ app_init ] --END-- [ RunTime:0.000168s ]
INFO: [ app_begin ] --START--
INFO: Run Behavior\ReadHtmlCacheBehavior [ RunTime:0.000213s ]
INFO: [ app_begin ] --END-- [ RunTime:0.000237s ]
SQL: SHOW COLUMNS FROM `message` [ RunTime:0.0003s ]
SQL: SHOW COLUMNS FROM `barrage_msg` [ RunTime:0.0002s ]
SQL: SELECT * FROM `barrage_msg` WHERE ( `messageId` > '96' AND `messageId` < 99  )  [ RunTime:0.0004s ]
INFO: [ app_end ] --START--
INFO: Run Behavior\ShowPageTraceBehavior [ RunTime:0.000459s ]
INFO: [ app_end ] --END-- [ RunTime:0.000506s ]

[ 2016-05-30T19:54:43+08:00 ] 172.33.16.18 /Stock/index.php?m=Home&c=Index&a=getMessage&startId=98
INFO: [ app_init ] --START--
INFO: Run Behavior\BuildLiteBehavior [ RunTime:0.000007s ]
INFO: [ app_init ] --END-- [ RunTime:0.000163s ]
INFO: [ app_begin ] --START--
INFO: Run Behavior\ReadHtmlCacheBehavior [ RunTime:0.000206s ]
INFO: [ app_begin ] --END-- [ RunTime:0.000229s ]
SQL: SHOW COLUMNS FROM `message` [ RunTime:0.0004s ]
SQL: SHOW COLUMNS FROM `barrage_msg` [ RunTime:0.0003s ]
SQL: SELECT * FROM `barrage_msg` WHERE ( `messageId` > '98' AND `messageId` < 101  )  [ RunTime:0.0003s ]
INFO: [ app_end ] --START--
INFO: Run Behavior\ShowPageTraceBehavior [ RunTime:0.000245s ]
INFO: [ app_end ] --END-- [ RunTime:0.000270s ]

[ 2016-05-30T20:10:34+08:00 ] 172.33.16.18 /Stock/index.php?m=Home&c=Index&a=getMessage&startId=100
INFO: [ app_init ] --START--
INFO: Run Behavior\BuildLiteBehavior [ RunTime:0.000027s ]
INFO: [ app_init ] --END-- [ RunTime:0.000677s ]
INFO: [ app_begin ] --START--
INFO: Run Behavior\ReadHtmlCacheBehavior [ RunTime:0.000846s ]
INFO: [ app_begin ] --END-- [ RunTime:0.000943s ]
SQL: SHOW COLUMNS FROM `message` [ RunTime:0.0011s ]
SQL: SHOW COLUMNS FROM `barrage_msg` [ RunTime:0.0011s ]
SQL: SELECT * FROM `barrage_msg` WHERE ( `messageId` > '100' AND `messageId` < 103  )  [ RunTime:0.0008s ]
INFO: [ app_end ] --START--
INFO: Run Behavior\ShowPageTraceBehavior [ RunTime:0.000951s ]
INFO: [ app_end ] --END-- [ RunTime:0.001053s ]

[ 2016-05-30T20:11:06+08:00 ] 172.33.16.18 /Stock/index.php?m=Home&c=Index&a=getMessage&startId=102
INFO: [ app_init ] --START--
INFO: Run Behavior\BuildLiteBehavior [ RunTime:0.000008s ]
INFO: [ app_init ] --END-- [ RunTime:0.000172s ]
INFO: [ app_begin ] --START--
INFO: Run Behavior\ReadHtmlCacheBehavior [ RunTime:0.000214s ]
INFO: [ app_begin ] --END-- [ RunTime:0.000237s ]
SQL: SHOW COLUMNS FROM `message` [ RunTime:0.0004s ]
SQL: SHOW COLUMNS FROM `barrage_msg` [ RunTime:0.0003s ]
SQL: SELECT * FROM `barrage_msg` WHERE ( `messageId` > '102' AND `messageId` < 105  )  [ RunTime:0.0002s ]
INFO: [ app_end ] --START--
INFO: Run Behavior\ShowPageTraceBehavior [ RunTime:0.000245s ]
INFO: [ app_end ] --END-- [ RunTime:0.000270s ]

[ 2016-05-30T20:39:07+08:00 ] 172.33.16.18 /Stock/index.php?m=Home&c=Index&a=getMessage&startId=106
INFO: [ app_init ] --START--
INFO: Run Behavior\BuildLiteBehavior [ RunTime:0.000007s ]
INFO: [ app_init ] --END-- [ RunTime:0.000228s ]
INFO: [ app_begin ] --START--
INFO: Run Behavior\ReadHtmlCacheBehavior [ RunTime:0.000214s ]
INFO: [ app_begin ] --END-- [ RunTime:0.000238s ]
SQL: SHOW COLUMNS FROM `message` [ RunTime:0.0003s ]
SQL: SHOW COLUMNS FROM `barrage_msg` [ RunTime:0.0002s ]
SQL: SELECT * FROM `barrage_msg` WHERE ( `messageId` > '106' AND `messageId` < 109  )  [ RunTime:0.0002s ]
INFO: [ app_end ] --START--
INFO: Run Behavior\ShowPageTraceBehavior [ RunTime:0.000261s ]
INFO: [ app_end ] --END-- [ RunTime:0.000291s ]

[ 2016-05-30T20:39:43+08:00 ] 172.33.16.18 /Stock/index.php?m=Home&c=Index&a=getMessage&startId=108
INFO: [ app_init ] --START--
INFO: Run Behavior\BuildLiteBehavior [ RunTime:0.000008s ]
INFO: [ app_init ] --END-- [ RunTime:0.000167s ]
INFO: [ app_begin ] --START--
INFO: Run Behavior\ReadHtmlCacheBehavior [ RunTime:0.000205s ]
INFO: [ app_begin ] --END-- [ RunTime:0.000228s ]
SQL: SHOW COLUMNS FROM `message` [ RunTime:0.0004s ]
SQL: SHOW COLUMNS FROM `barrage_msg` [ RunTime:0.0004s ]
SQL: SELECT * FROM `barrage_msg` WHERE ( `messageId` > '108' AND `messageId` < 111  )  [ RunTime:0.0003s ]
INFO: [ app_end ] --START--
INFO: Run Behavior\ShowPageTraceBehavior [ RunTime:0.000365s ]
INFO: [ app_end ] --END-- [ RunTime:0.000407s ]

[ 2016-05-30T20:40:19+08:00 ] 172.33.16.18 /Stock/index.php?m=Home&c=Index&a=getMessage&startId=110
INFO: [ app_init ] --START--
INFO: Run Behavior\BuildLiteBehavior [ RunTime:0.000007s ]
INFO: [ app_init ] --END-- [ RunTime:0.000169s ]
INFO: [ app_begin ] --START--
INFO: Run Behavior\ReadHtmlCacheBehavior [ RunTime:0.000213s ]
INFO: [ app_begin ] --END-- [ RunTime:0.000236s ]
SQL: SHOW COLUMNS FROM `message` [ RunTime:0.0004s ]
SQL: SHOW COLUMNS FROM `barrage_msg` [ RunTime:0.0003s ]
SQL: SELECT * FROM `barrage_msg` WHERE ( `messageId` > '110' AND `messageId` < 113  )  [ RunTime:0.0002s ]
INFO: [ app_end ] --START--
INFO: Run Behavior\ShowPageTraceBehavior [ RunTime:0.000244s ]
INFO: [ app_end ] --END-- [ RunTime:0.000268s ]

[ 2016-05-30T20:40:55+08:00 ] 172.33.16.18 /Stock/index.php?m=Home&c=Index&a=getMessage&startId=112
INFO: [ app_init ] --START--
INFO: Run Behavior\BuildLiteBehavior [ RunTime:0.000007s ]
INFO: [ app_init ] --END-- [ RunTime:0.000175s ]
INFO: [ app_begin ] --START--
INFO: Run Behavior\ReadHtmlCacheBehavior [ RunTime:0.000219s ]
INFO: [ app_begin ] --END-- [ RunTime:0.000256s ]
SQL: SHOW COLUMNS FROM `message` [ RunTime:0.0004s ]
SQL: SHOW COLUMNS FROM `barrage_msg` [ RunTime:0.0002s ]
SQL: SELECT * FROM `barrage_msg` WHERE ( `messageId` > '112' AND `messageId` < 115  )  [ RunTime:0.0002s ]
INFO: [ app_end ] --START--
INFO: Run Behavior\ShowPageTraceBehavior [ RunTime:0.000250s ]
INFO: [ app_end ] --END-- [ RunTime:0.000274s ]

[ 2016-05-30T20:41:31+08:00 ] 172.33.16.18 /Stock/index.php?m=Home&c=Index&a=getMessage&startId=114
INFO: [ app_init ] --START--
INFO: Run Behavior\BuildLiteBehavior [ RunTime:0.000007s ]
INFO: [ app_init ] --END-- [ RunTime:0.000170s ]
INFO: [ app_begin ] --START--
INFO: Run Behavior\ReadHtmlCacheBehavior [ RunTime:0.000212s ]
INFO: [ app_begin ] --END-- [ RunTime:0.000235s ]
SQL: SHOW COLUMNS FROM `message` [ RunTime:0.0003s ]
SQL: SHOW COLUMNS FROM `barrage_msg` [ RunTime:0.0003s ]
SQL: SELECT * FROM `barrage_msg` WHERE ( `messageId` > '114' AND `messageId` < 117  )  [ RunTime:0.0002s ]
INFO: [ app_end ] --START--
INFO: Run Behavior\ShowPageTraceBehavior [ RunTime:0.000276s ]
INFO: [ app_end ] --END-- [ RunTime:0.000303s ]

[ 2016-05-30T20:42:07+08:00 ] 172.33.16.18 /Stock/index.php?m=Home&c=Index&a=getMessage&startId=116
INFO: [ app_init ] --START--
INFO: Run Behavior\BuildLiteBehavior [ RunTime:0.000008s ]
INFO: [ app_init ] --END-- [ RunTime:0.000175s ]
INFO: [ app_begin ] --START--
INFO: Run Behavior\ReadHtmlCacheBehavior [ RunTime:0.000218s ]
INFO: [ app_begin ] --END-- [ RunTime:0.000242s ]
SQL: SHOW COLUMNS FROM `message` [ RunTime:0.0003s ]
SQL: SHOW COLUMNS FROM `barrage_msg` [ RunTime:0.0002s ]
SQL: SELECT * FROM `barrage_msg` WHERE ( `messageId` > '116' AND `messageId` < 119  )  [ RunTime:0.0002s ]
INFO: [ app_end ] --START--
INFO: Run Behavior\ShowPageTraceBehavior [ RunTime:0.000246s ]
INFO: [ app_end ] --END-- [ RunTime:0.000271s ]

[ 2016-05-30T20:42:43+08:00 ] 172.33.16.18 /Stock/index.php?m=Home&c=Index&a=getMessage&startId=118
INFO: [ app_init ] --START--
INFO: Run Behavior\BuildLiteBehavior [ RunTime:0.000008s ]
INFO: [ app_init ] --END-- [ RunTime:0.000181s ]
INFO: [ app_begin ] --START--
INFO: Run Behavior\ReadHtmlCacheBehavior [ RunTime:0.000231s ]
INFO: [ app_begin ] --END-- [ RunTime:0.000254s ]
SQL: SHOW COLUMNS FROM `message` [ RunTime:0.0003s ]
SQL: SHOW COLUMNS FROM `barrage_msg` [ RunTime:0.0002s ]
SQL: SELECT * FROM `barrage_msg` WHERE ( `messageId` > '118' AND `messageId` < 121  )  [ RunTime:0.0002s ]
INFO: [ app_end ] --START--
INFO: Run Behavior\ShowPageTraceBehavior [ RunTime:0.000248s ]
INFO: [ app_end ] --END-- [ RunTime:0.000271s ]

[ 2016-05-30T20:43:19+08:00 ] 172.33.16.18 /Stock/index.php?m=Home&c=Index&a=getMessage&startId=120
INFO: [ app_init ] --START--
INFO: Run Behavior\BuildLiteBehavior [ RunTime:0.000014s ]
INFO: [ app_init ] --END-- [ RunTime:0.000260s ]
INFO: [ app_begin ] --START--
INFO: Run Behavior\ReadHtmlCacheBehavior [ RunTime:0.000238s ]
INFO: [ app_begin ] --END-- [ RunTime:0.000263s ]
SQL: SHOW COLUMNS FROM `message` [ RunTime:0.0003s ]
SQL: SHOW COLUMNS FROM `barrage_msg` [ RunTime:0.0002s ]
SQL: SELECT * FROM `barrage_msg` WHERE ( `messageId` > '120' AND `messageId` < 123  )  [ RunTime:0.0002s ]
INFO: [ app_end ] --START--
INFO: Run Behavior\ShowPageTraceBehavior [ RunTime:0.000254s ]
INFO: [ app_end ] --END-- [ RunTime:0.000278s ]

