[ 2016-05-21T00:19:41+08:00 ] 192.168.2.105 /Stock/index.php?m=Home&c=Index&a=index
INFO: [ app_init ] --START--
INFO: Run Behavior\BuildLiteBehavior [ RunTime:0.000010s ]
INFO: [ app_init ] --END-- [ RunTime:0.000624s ]

[ 2016-05-21T00:19:42+08:00 ] 192.168.2.105 /Stock/index.php?m=Home&c=Index&a=getMessage&startId=0
INFO: [ app_init ] --START--
INFO: Run Behavior\BuildLiteBehavior [ RunTime:0.000011s ]
INFO: [ app_init ] --END-- [ RunTime:0.000291s ]
INFO: [ app_begin ] --START--
INFO: Run Behavior\ReadHtmlCacheBehavior [ RunTime:0.000335s ]
INFO: [ app_begin ] --END-- [ RunTime:0.000377s ]
SQL: SHOW COLUMNS FROM `message` [ RunTime:0.0054s ]
SQL: SHOW COLUMNS FROM `barrage_msg` [ RunTime:0.0013s ]
SQL: SELECT * FROM `barrage_msg` WHERE ( `messageId` > '0' AND `messageId` < 3  )  [ RunTime:0.0042s ]
INFO: [ app_end ] --START--
INFO: Run Behavior\ShowPageTraceBehavior [ RunTime:0.000679s ]
INFO: [ app_end ] --END-- [ RunTime:0.000728s ]

[ 2016-05-21T00:19:44+08:00 ] 192.168.2.105 /Stock/index.php?m=Home&c=Index&a=minData&&url=http://img1.money.126.net/data/hs/time/today/0000001.json&&count=1
INFO: [ app_init ] --START--
INFO: Run Behavior\BuildLiteBehavior [ RunTime:0.000011s ]
INFO: [ app_init ] --END-- [ RunTime:0.000316s ]
INFO: [ app_begin ] --START--
INFO: Run Behavior\ReadHtmlCacheBehavior [ RunTime:0.000363s ]
INFO: [ app_begin ] --END-- [ RunTime:0.000420s ]
INFO: [ app_end ] --START--
INFO: Run Behavior\ShowPageTraceBehavior [ RunTime:0.000547s ]
INFO: [ app_end ] --END-- [ RunTime:0.000606s ]

[ 2016-05-21T00:19:44+08:00 ] 192.168.2.105 /Stock/index.php?m=Home&c=Index&a=getMessage&startId=2
INFO: [ app_init ] --START--
INFO: Run Behavior\BuildLiteBehavior [ RunTime:0.000012s ]
INFO: [ app_init ] --END-- [ RunTime:0.000401s ]
INFO: [ app_begin ] --START--
INFO: Run Behavior\ReadHtmlCacheBehavior [ RunTime:0.000309s ]
INFO: [ app_begin ] --END-- [ RunTime:0.000363s ]
SQL: SHOW COLUMNS FROM `message` [ RunTime:0.0013s ]
SQL: SHOW COLUMNS FROM `barrage_msg` [ RunTime:0.0012s ]
SQL: SELECT * FROM `barrage_msg` WHERE ( `messageId` > '2' AND `messageId` < 5  )  [ RunTime:0.0007s ]
INFO: [ app_end ] --START--
INFO: Run Behavior\ShowPageTraceBehavior [ RunTime:0.000502s ]
INFO: [ app_end ] --END-- [ RunTime:0.000553s ]

[ 2016-05-21T00:19:45+08:00 ] 192.168.2.105 /Stock/index.php?m=Home&c=Index&a=minData&&url=http://img1.money.126.net/data/hs/kline/day/history/2016/0000001.json&&count=1
INFO: [ app_init ] --START--
INFO: Run Behavior\BuildLiteBehavior [ RunTime:0.000011s ]
INFO: [ app_init ] --END-- [ RunTime:0.000240s ]
INFO: [ app_begin ] --START--
INFO: Run Behavior\ReadHtmlCacheBehavior [ RunTime:0.000317s ]
INFO: [ app_begin ] --END-- [ RunTime:0.000354s ]
INFO: [ app_end ] --START--
INFO: Run Behavior\ShowPageTraceBehavior [ RunTime:0.000331s ]
INFO: [ app_end ] --END-- [ RunTime:0.000377s ]

[ 2016-05-21T00:19:45+08:00 ] 192.168.2.105 /Stock/index.php?m=Home&c=Index&a=minData&&url=http://img1.money.126.net/data/hs/kline/day/history/2016/0000001.json&&count=2
INFO: [ app_init ] --START--
INFO: Run Behavior\BuildLiteBehavior [ RunTime:0.000007s ]
INFO: [ app_init ] --END-- [ RunTime:0.000179s ]
INFO: [ app_begin ] --START--
INFO: Run Behavior\ReadHtmlCacheBehavior [ RunTime:0.000207s ]
INFO: [ app_begin ] --END-- [ RunTime:0.000231s ]
INFO: [ app_end ] --START--
INFO: Run Behavior\ShowPageTraceBehavior [ RunTime:0.000335s ]
INFO: [ app_end ] --END-- [ RunTime:0.000385s ]

[ 2016-05-21T00:19:45+08:00 ] 192.168.2.105 /Stock/index.php?m=Home&c=Index&a=minData&&url=http://img1.money.126.net/data/hs/kline/day/history/2016/0000001.json&&count=3
INFO: [ app_init ] --START--
INFO: Run Behavior\BuildLiteBehavior [ RunTime:0.000010s ]
INFO: [ app_init ] --END-- [ RunTime:0.000288s ]
INFO: [ app_begin ] --START--
INFO: Run Behavior\ReadHtmlCacheBehavior [ RunTime:0.000311s ]
INFO: [ app_begin ] --END-- [ RunTime:0.000352s ]
INFO: [ app_end ] --START--
INFO: Run Behavior\ShowPageTraceBehavior [ RunTime:0.000369s ]
INFO: [ app_end ] --END-- [ RunTime:0.000412s ]

[ 2016-05-21T00:19:45+08:00 ] 192.168.2.105 /Stock/index.php?m=Home&c=Index&a=minData&&url=http://img1.money.126.net/data/hs/kline/day/history/2016/0000001.json&&count=4
INFO: [ app_init ] --START--
INFO: Run Behavior\BuildLiteBehavior [ RunTime:0.000008s ]
INFO: [ app_init ] --END-- [ RunTime:0.000197s ]
INFO: [ app_begin ] --START--
INFO: Run Behavior\ReadHtmlCacheBehavior [ RunTime:0.000266s ]
INFO: [ app_begin ] --END-- [ RunTime:0.000292s ]
INFO: [ app_end ] --START--
INFO: Run Behavior\ShowPageTraceBehavior [ RunTime:0.000329s ]
INFO: [ app_end ] --END-- [ RunTime:0.000372s ]

[ 2016-05-21T00:19:47+08:00 ] 192.168.2.105 /Stock/index.php?m=Home&c=Index&a=getMessage&startId=4
INFO: [ app_init ] --START--
INFO: Run Behavior\BuildLiteBehavior [ RunTime:0.000013s ]
INFO: [ app_init ] --END-- [ RunTime:0.000360s ]
INFO: [ app_begin ] --START--
INFO: Run Behavior\ReadHtmlCacheBehavior [ RunTime:0.000265s ]
INFO: [ app_begin ] --END-- [ RunTime:0.000290s ]
SQL: SHOW COLUMNS FROM `message` [ RunTime:0.0005s ]
SQL: SHOW COLUMNS FROM `barrage_msg` [ RunTime:0.0003s ]
SQL: SELECT * FROM `barrage_msg` WHERE ( `messageId` > '4' AND `messageId` < 7  )  [ RunTime:0.0002s ]
INFO: [ app_end ] --START--
INFO: Run Behavior\ShowPageTraceBehavior [ RunTime:0.000247s ]
INFO: [ app_end ] --END-- [ RunTime:0.000271s ]

[ 2016-05-21T00:19:50+08:00 ] 192.168.2.105 /Stock/index.php?m=Home&c=Index&a=minData&&url=http://img1.money.126.net/data/hs/kline/week/history/2015/0000001.json&&count=1
INFO: [ app_init ] --START--
INFO: Run Behavior\BuildLiteBehavior [ RunTime:0.000008s ]
INFO: [ app_init ] --END-- [ RunTime:0.000194s ]
INFO: [ app_begin ] --START--
INFO: Run Behavior\ReadHtmlCacheBehavior [ RunTime:0.000244s ]
INFO: [ app_begin ] --END-- [ RunTime:0.000270s ]
INFO: [ app_end ] --START--
INFO: Run Behavior\ShowPageTraceBehavior [ RunTime:0.000321s ]
INFO: [ app_end ] --END-- [ RunTime:0.000365s ]

[ 2016-05-21T00:19:50+08:00 ] 192.168.2.105 /Stock/index.php?m=Home&c=Index&a=getMessage&startId=6
INFO: [ app_init ] --START--
INFO: Run Behavior\BuildLiteBehavior [ RunTime:0.000009s ]
INFO: [ app_init ] --END-- [ RunTime:0.000174s ]
INFO: [ app_begin ] --START--
INFO: Run Behavior\ReadHtmlCacheBehavior [ RunTime:0.000225s ]
INFO: [ app_begin ] --END-- [ RunTime:0.000250s ]
SQL: SHOW COLUMNS FROM `message` [ RunTime:0.0005s ]
SQL: SHOW COLUMNS FROM `barrage_msg` [ RunTime:0.0003s ]
SQL: SELECT * FROM `barrage_msg` WHERE ( `messageId` > '6' AND `messageId` < 9  )  [ RunTime:0.0003s ]
INFO: [ app_end ] --START--
INFO: Run Behavior\ShowPageTraceBehavior [ RunTime:0.000269s ]
INFO: [ app_end ] --END-- [ RunTime:0.000294s ]

[ 2016-05-21T00:19:51+08:00 ] 192.168.2.105 /Stock/index.php?m=Home&c=Index&a=minData&&url=http://img1.money.126.net/data/hs/kline/week/history/2015/0000001.json&&count=2
INFO: [ app_init ] --START--
INFO: Run Behavior\BuildLiteBehavior [ RunTime:0.000007s ]
INFO: [ app_init ] --END-- [ RunTime:0.000170s ]
INFO: [ app_begin ] --START--
INFO: Run Behavior\ReadHtmlCacheBehavior [ RunTime:0.000295s ]
INFO: [ app_begin ] --END-- [ RunTime:0.000322s ]
INFO: [ app_end ] --START--
INFO: Run Behavior\ShowPageTraceBehavior [ RunTime:0.000314s ]
INFO: [ app_end ] --END-- [ RunTime:0.000358s ]

[ 2016-05-21T00:19:51+08:00 ] 192.168.2.105 /Stock/index.php?m=Home&c=Index&a=minData&&url=http://img1.money.126.net/data/hs/kline/week/history/2015/0000001.json&&count=3
INFO: [ app_init ] --START--
INFO: Run Behavior\BuildLiteBehavior [ RunTime:0.000008s ]
INFO: [ app_init ] --END-- [ RunTime:0.000192s ]
INFO: [ app_begin ] --START--
INFO: Run Behavior\ReadHtmlCacheBehavior [ RunTime:0.000294s ]
INFO: [ app_begin ] --END-- [ RunTime:0.000322s ]
INFO: [ app_end ] --START--
INFO: Run Behavior\ShowPageTraceBehavior [ RunTime:0.000320s ]
INFO: [ app_end ] --END-- [ RunTime:0.000362s ]

[ 2016-05-21T00:19:51+08:00 ] 192.168.2.105 /Stock/index.php?m=Home&c=Index&a=minData&&url=http://img1.money.126.net/data/hs/kline/week/history/2015/0000001.json&&count=4
INFO: [ app_init ] --START--
INFO: Run Behavior\BuildLiteBehavior [ RunTime:0.000009s ]
INFO: [ app_init ] --END-- [ RunTime:0.000184s ]
INFO: [ app_begin ] --START--
INFO: Run Behavior\ReadHtmlCacheBehavior [ RunTime:0.000246s ]
INFO: [ app_begin ] --END-- [ RunTime:0.000275s ]
INFO: [ app_end ] --START--
INFO: Run Behavior\ShowPageTraceBehavior [ RunTime:0.000326s ]
INFO: [ app_end ] --END-- [ RunTime:0.000370s ]

[ 2016-05-21T00:19:53+08:00 ] 192.168.2.105 /Stock/index.php?m=Home&c=Index&a=getMessage&startId=8
INFO: [ app_init ] --START--
INFO: Run Behavior\BuildLiteBehavior [ RunTime:0.000011s ]
INFO: [ app_init ] --END-- [ RunTime:0.000402s ]
INFO: [ app_begin ] --START--
INFO: Run Behavior\ReadHtmlCacheBehavior [ RunTime:0.000396s ]
INFO: [ app_begin ] --END-- [ RunTime:0.000514s ]
SQL: SHOW COLUMNS FROM `message` [ RunTime:0.0005s ]
SQL: SHOW COLUMNS FROM `barrage_msg` [ RunTime:0.0005s ]
SQL: SELECT * FROM `barrage_msg` WHERE ( `messageId` > '8' AND `messageId` < 11  )  [ RunTime:0.0003s ]
INFO: [ app_end ] --START--
INFO: Run Behavior\ShowPageTraceBehavior [ RunTime:0.000373s ]
INFO: [ app_end ] --END-- [ RunTime:0.000415s ]

[ 2016-05-21T00:19:56+08:00 ] 192.168.2.105 /Stock/index.php?m=Home&c=Index&a=getMessage&startId=10
INFO: [ app_init ] --START--
INFO: Run Behavior\BuildLiteBehavior [ RunTime:0.000007s ]
INFO: [ app_init ] --END-- [ RunTime:0.000179s ]
INFO: [ app_begin ] --START--
INFO: Run Behavior\ReadHtmlCacheBehavior [ RunTime:0.000211s ]
INFO: [ app_begin ] --END-- [ RunTime:0.000234s ]
SQL: SHOW COLUMNS FROM `message` [ RunTime:0.0004s ]
SQL: SHOW COLUMNS FROM `barrage_msg` [ RunTime:0.0004s ]
SQL: SELECT * FROM `barrage_msg` WHERE ( `messageId` > '10' AND `messageId` < 13  )  [ RunTime:0.0003s ]
INFO: [ app_end ] --START--
INFO: Run Behavior\ShowPageTraceBehavior [ RunTime:0.000272s ]
INFO: [ app_end ] --END-- [ RunTime:0.000296s ]

[ 2016-05-21T00:20:00+08:00 ] 192.168.2.105 /Stock/index.php?m=Home&c=Index&a=getMessage&startId=12
INFO: [ app_init ] --START--
INFO: Run Behavior\BuildLiteBehavior [ RunTime:0.000007s ]
INFO: [ app_init ] --END-- [ RunTime:0.000180s ]
INFO: [ app_begin ] --START--
INFO: Run Behavior\ReadHtmlCacheBehavior [ RunTime:0.000237s ]
INFO: [ app_begin ] --END-- [ RunTime:0.000263s ]
SQL: SHOW COLUMNS FROM `message` [ RunTime:0.0004s ]
SQL: SHOW COLUMNS FROM `barrage_msg` [ RunTime:0.0003s ]
SQL: SELECT * FROM `barrage_msg` WHERE ( `messageId` > '12' AND `messageId` < 15  )  [ RunTime:0.0002s ]
INFO: [ app_end ] --START--
INFO: Run Behavior\ShowPageTraceBehavior [ RunTime:0.000351s ]
INFO: [ app_end ] --END-- [ RunTime:0.000381s ]

[ 2016-05-21T00:20:03+08:00 ] 192.168.2.105 /Stock/index.php?m=Home&c=Index&a=getMessage&startId=14
INFO: [ app_init ] --START--
INFO: Run Behavior\BuildLiteBehavior [ RunTime:0.000008s ]
INFO: [ app_init ] --END-- [ RunTime:0.000182s ]
INFO: [ app_begin ] --START--
INFO: Run Behavior\ReadHtmlCacheBehavior [ RunTime:0.000226s ]
INFO: [ app_begin ] --END-- [ RunTime:0.000251s ]
SQL: SHOW COLUMNS FROM `message` [ RunTime:0.0004s ]
SQL: SHOW COLUMNS FROM `barrage_msg` [ RunTime:0.0003s ]
SQL: SELECT * FROM `barrage_msg` WHERE ( `messageId` > '14' AND `messageId` < 17  )  [ RunTime:0.0002s ]
INFO: [ app_end ] --START--
INFO: Run Behavior\ShowPageTraceBehavior [ RunTime:0.000348s ]
INFO: [ app_end ] --END-- [ RunTime:0.000377s ]

[ 2016-05-21T00:20:06+08:00 ] 192.168.2.105 /Stock/index.php?m=Home&c=Index&a=getMessage&startId=16
INFO: [ app_init ] --START--
INFO: Run Behavior\BuildLiteBehavior [ RunTime:0.000009s ]
INFO: [ app_init ] --END-- [ RunTime:0.000201s ]
INFO: [ app_begin ] --START--
INFO: Run Behavior\ReadHtmlCacheBehavior [ RunTime:0.000244s ]
INFO: [ app_begin ] --END-- [ RunTime:0.000271s ]
SQL: SHOW COLUMNS FROM `message` [ RunTime:0.0004s ]
SQL: SHOW COLUMNS FROM `barrage_msg` [ RunTime:0.0003s ]
SQL: SELECT * FROM `barrage_msg` WHERE ( `messageId` > '16' AND `messageId` < 19  )  [ RunTime:0.0002s ]
INFO: [ app_end ] --START--
INFO: Run Behavior\ShowPageTraceBehavior [ RunTime:0.000241s ]
INFO: [ app_end ] --END-- [ RunTime:0.000265s ]

[ 2016-05-21T00:20:10+08:00 ] 192.168.2.105 /Stock/index.php?m=Home&c=Index&a=getMessage&startId=18
INFO: [ app_init ] --START--
INFO: Run Behavior\BuildLiteBehavior [ RunTime:0.000008s ]
INFO: [ app_init ] --END-- [ RunTime:0.000198s ]
INFO: [ app_begin ] --START--
INFO: Run Behavior\ReadHtmlCacheBehavior [ RunTime:0.000227s ]
INFO: [ app_begin ] --END-- [ RunTime:0.000252s ]
SQL: SHOW COLUMNS FROM `message` [ RunTime:0.0004s ]
SQL: SHOW COLUMNS FROM `barrage_msg` [ RunTime:0.0004s ]
SQL: SELECT * FROM `barrage_msg` WHERE ( `messageId` > '18' AND `messageId` < 21  )  [ RunTime:0.0002s ]
INFO: [ app_end ] --START--
INFO: Run Behavior\ShowPageTraceBehavior [ RunTime:0.000239s ]
INFO: [ app_end ] --END-- [ RunTime:0.000263s ]

[ 2016-05-21T00:20:12+08:00 ] 192.168.2.105 /Stock/index.php?m=Home&c=Index&a=getMessage&startId=20
INFO: [ app_init ] --START--
INFO: Run Behavior\BuildLiteBehavior [ RunTime:0.000007s ]
INFO: [ app_init ] --END-- [ RunTime:0.000181s ]
INFO: [ app_begin ] --START--
INFO: Run Behavior\ReadHtmlCacheBehavior [ RunTime:0.000207s ]
INFO: [ app_begin ] --END-- [ RunTime:0.000230s ]
SQL: SHOW COLUMNS FROM `message` [ RunTime:0.0004s ]
SQL: SHOW COLUMNS FROM `barrage_msg` [ RunTime:0.0003s ]
SQL: SELECT * FROM `barrage_msg` WHERE ( `messageId` > '20' AND `messageId` < 23  )  [ RunTime:0.0002s ]
INFO: [ app_end ] --START--
INFO: Run Behavior\ShowPageTraceBehavior [ RunTime:0.000241s ]
INFO: [ app_end ] --END-- [ RunTime:0.000263s ]

[ 2016-05-21T00:48:58+08:00 ] 192.168.2.105 /Stock/index.php?m=Home&c=Index&a=getMessage&startId=22
INFO: [ app_init ] --START--
INFO: Run Behavior\BuildLiteBehavior [ RunTime:0.000016s ]
INFO: [ app_init ] --END-- [ RunTime:0.000347s ]
INFO: [ app_begin ] --START--
INFO: Run Behavior\ReadHtmlCacheBehavior [ RunTime:0.000392s ]
INFO: [ app_begin ] --END-- [ RunTime:0.000431s ]
SQL: SHOW COLUMNS FROM `message` [ RunTime:0.0007s ]
SQL: SHOW COLUMNS FROM `barrage_msg` [ RunTime:0.0005s ]
SQL: SELECT * FROM `barrage_msg` WHERE ( `messageId` > '22' AND `messageId` < 25  )  [ RunTime:0.0062s ]
INFO: [ app_end ] --START--
INFO: Run Behavior\ShowPageTraceBehavior [ RunTime:0.000290s ]
INFO: [ app_end ] --END-- [ RunTime:0.000326s ]

[ 2016-05-21T00:52:20+08:00 ] 192.168.2.105 /Stock/index.php?m=Home&c=Index&a=getMessage&startId=158
INFO: [ app_init ] --START--
INFO: Run Behavior\BuildLiteBehavior [ RunTime:0.000009s ]
INFO: [ app_init ] --END-- [ RunTime:0.000221s ]
INFO: [ app_begin ] --START--
INFO: Run Behavior\ReadHtmlCacheBehavior [ RunTime:0.000243s ]
INFO: [ app_begin ] --END-- [ RunTime:0.000271s ]
SQL: SHOW COLUMNS FROM `message` [ RunTime:0.0004s ]
SQL: SHOW COLUMNS FROM `barrage_msg` [ RunTime:0.0003s ]
SQL: SELECT * FROM `barrage_msg` WHERE ( `messageId` > '158' AND `messageId` < 161  )  [ RunTime:0.0002s ]
INFO: [ app_end ] --START--
INFO: Run Behavior\ShowPageTraceBehavior [ RunTime:0.000292s ]
INFO: [ app_end ] --END-- [ RunTime:0.000317s ]

[ 2016-05-21T00:52:23+08:00 ] 192.168.2.105 /Stock/index.php?m=Home&c=Index&a=getMessage&startId=160
INFO: [ app_init ] --START--
INFO: Run Behavior\BuildLiteBehavior [ RunTime:0.000010s ]
INFO: [ app_init ] --END-- [ RunTime:0.000266s ]
INFO: [ app_begin ] --START--
INFO: Run Behavior\ReadHtmlCacheBehavior [ RunTime:0.000248s ]
INFO: [ app_begin ] --END-- [ RunTime:0.000275s ]
SQL: SHOW COLUMNS FROM `message` [ RunTime:0.0004s ]
SQL: SHOW COLUMNS FROM `barrage_msg` [ RunTime:0.0003s ]
SQL: SELECT * FROM `barrage_msg` WHERE ( `messageId` > '160' AND `messageId` < 163  )  [ RunTime:0.0002s ]
INFO: [ app_end ] --START--
INFO: Run Behavior\ShowPageTraceBehavior [ RunTime:0.000284s ]
INFO: [ app_end ] --END-- [ RunTime:0.000313s ]

[ 2016-05-21T00:52:26+08:00 ] 192.168.2.105 /Stock/index.php?m=Home&c=Index&a=getMessage&startId=162
INFO: [ app_init ] --START--
INFO: Run Behavior\BuildLiteBehavior [ RunTime:0.000008s ]
INFO: [ app_init ] --END-- [ RunTime:0.000205s ]
INFO: [ app_begin ] --START--
INFO: Run Behavior\ReadHtmlCacheBehavior [ RunTime:0.000255s ]
INFO: [ app_begin ] --END-- [ RunTime:0.000282s ]
SQL: SHOW COLUMNS FROM `message` [ RunTime:0.0004s ]
SQL: SHOW COLUMNS FROM `barrage_msg` [ RunTime:0.0003s ]
SQL: SELECT * FROM `barrage_msg` WHERE ( `messageId` > '162' AND `messageId` < 165  )  [ RunTime:0.0002s ]
INFO: [ app_end ] --START--
INFO: Run Behavior\ShowPageTraceBehavior [ RunTime:0.000261s ]
INFO: [ app_end ] --END-- [ RunTime:0.000286s ]

[ 2016-05-21T00:52:28+08:00 ] 192.168.2.105 /Stock/index.php?m=Home&c=Index&a=getMessage&startId=164
INFO: [ app_init ] --START--
INFO: Run Behavior\BuildLiteBehavior [ RunTime:0.000009s ]
INFO: [ app_init ] --END-- [ RunTime:0.000183s ]
INFO: [ app_begin ] --START--
INFO: Run Behavior\ReadHtmlCacheBehavior [ RunTime:0.000221s ]
INFO: [ app_begin ] --END-- [ RunTime:0.000244s ]
SQL: SHOW COLUMNS FROM `message` [ RunTime:0.0004s ]
SQL: SHOW COLUMNS FROM `barrage_msg` [ RunTime:0.0003s ]
SQL: SELECT * FROM `barrage_msg` WHERE ( `messageId` > '164' AND `messageId` < 167  )  [ RunTime:0.0003s ]
INFO: [ app_end ] --START--
INFO: Run Behavior\ShowPageTraceBehavior [ RunTime:0.000284s ]
INFO: [ app_end ] --END-- [ RunTime:0.000311s ]

[ 2016-05-21T00:52:31+08:00 ] 192.168.2.105 /Stock/index.php?m=Home&c=Index&a=getMessage&startId=166
INFO: [ app_init ] --START--
INFO: Run Behavior\BuildLiteBehavior [ RunTime:0.000008s ]
INFO: [ app_init ] --END-- [ RunTime:0.000177s ]
INFO: [ app_begin ] --START--
INFO: Run Behavior\ReadHtmlCacheBehavior [ RunTime:0.000211s ]
INFO: [ app_begin ] --END-- [ RunTime:0.000233s ]
SQL: SHOW COLUMNS FROM `message` [ RunTime:0.0003s ]
SQL: SHOW COLUMNS FROM `barrage_msg` [ RunTime:0.0002s ]
SQL: SELECT * FROM `barrage_msg` WHERE ( `messageId` > '166' AND `messageId` < 169  )  [ RunTime:0.0002s ]
INFO: [ app_end ] --START--
INFO: Run Behavior\ShowPageTraceBehavior [ RunTime:0.000258s ]
INFO: [ app_end ] --END-- [ RunTime:0.000281s ]

[ 2016-05-21T00:52:34+08:00 ] 192.168.2.105 /Stock/index.php?m=Home&c=Index&a=getMessage&startId=168
INFO: [ app_init ] --START--
INFO: Run Behavior\BuildLiteBehavior [ RunTime:0.000007s ]
INFO: [ app_init ] --END-- [ RunTime:0.000162s ]
INFO: [ app_begin ] --START--
INFO: Run Behavior\ReadHtmlCacheBehavior [ RunTime:0.000202s ]
INFO: [ app_begin ] --END-- [ RunTime:0.000225s ]
SQL: SHOW COLUMNS FROM `message` [ RunTime:0.0004s ]
SQL: SHOW COLUMNS FROM `barrage_msg` [ RunTime:0.0003s ]
SQL: SELECT * FROM `barrage_msg` WHERE ( `messageId` > '168' AND `messageId` < 171  )  [ RunTime:0.0003s ]
INFO: [ app_end ] --START--
INFO: Run Behavior\ShowPageTraceBehavior [ RunTime:0.000271s ]
INFO: [ app_end ] --END-- [ RunTime:0.000296s ]

[ 2016-05-21T00:52:38+08:00 ] 192.168.2.105 /Stock/index.php?m=Home&c=Index&a=getMessage&startId=170
INFO: [ app_init ] --START--
INFO: Run Behavior\BuildLiteBehavior [ RunTime:0.000009s ]
INFO: [ app_init ] --END-- [ RunTime:0.000185s ]
INFO: [ app_begin ] --START--
INFO: Run Behavior\ReadHtmlCacheBehavior [ RunTime:0.000224s ]
INFO: [ app_begin ] --END-- [ RunTime:0.000248s ]
SQL: SHOW COLUMNS FROM `message` [ RunTime:0.0003s ]
SQL: SHOW COLUMNS FROM `barrage_msg` [ RunTime:0.0003s ]
SQL: SELECT * FROM `barrage_msg` WHERE ( `messageId` > '170' AND `messageId` < 173  )  [ RunTime:0.0002s ]
INFO: [ app_end ] --START--
INFO: Run Behavior\ShowPageTraceBehavior [ RunTime:0.000257s ]
INFO: [ app_end ] --END-- [ RunTime:0.000283s ]

[ 2016-05-21T00:52:41+08:00 ] 192.168.2.105 /Stock/index.php?m=Home&c=Index&a=getMessage&startId=172
INFO: [ app_init ] --START--
INFO: Run Behavior\BuildLiteBehavior [ RunTime:0.000008s ]
INFO: [ app_init ] --END-- [ RunTime:0.000176s ]
INFO: [ app_begin ] --START--
INFO: Run Behavior\ReadHtmlCacheBehavior [ RunTime:0.000222s ]
INFO: [ app_begin ] --END-- [ RunTime:0.000245s ]
SQL: SHOW COLUMNS FROM `message` [ RunTime:0.0005s ]
SQL: SHOW COLUMNS FROM `barrage_msg` [ RunTime:0.0004s ]
SQL: SELECT * FROM `barrage_msg` WHERE ( `messageId` > '172' AND `messageId` < 175  )  [ RunTime:0.0003s ]
INFO: [ app_end ] --START--
INFO: Run Behavior\ShowPageTraceBehavior [ RunTime:0.000371s ]
INFO: [ app_end ] --END-- [ RunTime:0.000410s ]

[ 2016-05-21T00:52:44+08:00 ] 192.168.2.105 /Stock/index.php?m=Home&c=Index&a=getMessage&startId=174
INFO: [ app_init ] --START--
INFO: Run Behavior\BuildLiteBehavior [ RunTime:0.000010s ]
INFO: [ app_init ] --END-- [ RunTime:0.000204s ]
INFO: [ app_begin ] --START--
INFO: Run Behavior\ReadHtmlCacheBehavior [ RunTime:0.000227s ]
INFO: [ app_begin ] --END-- [ RunTime:0.000251s ]
SQL: SHOW COLUMNS FROM `message` [ RunTime:0.0004s ]
SQL: SHOW COLUMNS FROM `barrage_msg` [ RunTime:0.0004s ]
SQL: SELECT * FROM `barrage_msg` WHERE ( `messageId` > '174' AND `messageId` < 177  )  [ RunTime:0.0003s ]
INFO: [ app_end ] --START--
INFO: Run Behavior\ShowPageTraceBehavior [ RunTime:0.000360s ]
INFO: [ app_end ] --END-- [ RunTime:0.000396s ]

[ 2016-05-21T00:52:47+08:00 ] 192.168.2.105 /Stock/index.php?m=Home&c=Index&a=getMessage&startId=176
INFO: [ app_init ] --START--
INFO: Run Behavior\BuildLiteBehavior [ RunTime:0.000009s ]
INFO: [ app_init ] --END-- [ RunTime:0.000181s ]
INFO: [ app_begin ] --START--
INFO: Run Behavior\ReadHtmlCacheBehavior [ RunTime:0.000234s ]
INFO: [ app_begin ] --END-- [ RunTime:0.000258s ]
SQL: SHOW COLUMNS FROM `message` [ RunTime:0.0003s ]
SQL: SHOW COLUMNS FROM `barrage_msg` [ RunTime:0.0003s ]
SQL: SELECT * FROM `barrage_msg` WHERE ( `messageId` > '176' AND `messageId` < 179  )  [ RunTime:0.0002s ]
INFO: [ app_end ] --START--
INFO: Run Behavior\ShowPageTraceBehavior [ RunTime:0.000294s ]
INFO: [ app_end ] --END-- [ RunTime:0.000321s ]

[ 2016-05-21T00:52:50+08:00 ] 192.168.2.105 /Stock/index.php?m=Home&c=Index&a=getMessage&startId=178
INFO: [ app_init ] --START--
INFO: Run Behavior\BuildLiteBehavior [ RunTime:0.000008s ]
INFO: [ app_init ] --END-- [ RunTime:0.000171s ]
INFO: [ app_begin ] --START--
INFO: Run Behavior\ReadHtmlCacheBehavior [ RunTime:0.000236s ]
INFO: [ app_begin ] --END-- [ RunTime:0.000259s ]
SQL: SHOW COLUMNS FROM `message` [ RunTime:0.0004s ]
SQL: SHOW COLUMNS FROM `barrage_msg` [ RunTime:0.0003s ]
SQL: SELECT * FROM `barrage_msg` WHERE ( `messageId` > '178' AND `messageId` < 181  )  [ RunTime:0.0003s ]
INFO: [ app_end ] --START--
INFO: Run Behavior\ShowPageTraceBehavior [ RunTime:0.000297s ]
INFO: [ app_end ] --END-- [ RunTime:0.000322s ]

[ 2016-05-21T00:52:53+08:00 ] 192.168.2.105 /Stock/index.php?m=Home&c=Index&a=getMessage&startId=180
INFO: [ app_init ] --START--
INFO: Run Behavior\BuildLiteBehavior [ RunTime:0.000009s ]
INFO: [ app_init ] --END-- [ RunTime:0.000200s ]
INFO: [ app_begin ] --START--
INFO: Run Behavior\ReadHtmlCacheBehavior [ RunTime:0.000246s ]
INFO: [ app_begin ] --END-- [ RunTime:0.000273s ]
SQL: SHOW COLUMNS FROM `message` [ RunTime:0.0004s ]
SQL: SHOW COLUMNS FROM `barrage_msg` [ RunTime:0.0003s ]
SQL: SELECT * FROM `barrage_msg` WHERE ( `messageId` > '180' AND `messageId` < 183  )  [ RunTime:0.0003s ]
INFO: [ app_end ] --START--
INFO: Run Behavior\ShowPageTraceBehavior [ RunTime:0.000312s ]
INFO: [ app_end ] --END-- [ RunTime:0.000340s ]

[ 2016-05-21T00:52:56+08:00 ] 192.168.2.105 /Stock/index.php?m=Home&c=Index&a=getMessage&startId=182
INFO: [ app_init ] --START--
INFO: Run Behavior\BuildLiteBehavior [ RunTime:0.000009s ]
INFO: [ app_init ] --END-- [ RunTime:0.000205s ]
INFO: [ app_begin ] --START--
INFO: Run Behavior\ReadHtmlCacheBehavior [ RunTime:0.000254s ]
INFO: [ app_begin ] --END-- [ RunTime:0.000281s ]
SQL: SHOW COLUMNS FROM `message` [ RunTime:0.0004s ]
SQL: SHOW COLUMNS FROM `barrage_msg` [ RunTime:0.0003s ]
SQL: SELECT * FROM `barrage_msg` WHERE ( `messageId` > '182' AND `messageId` < 185  )  [ RunTime:0.0003s ]
INFO: [ app_end ] --START--
INFO: Run Behavior\ShowPageTraceBehavior [ RunTime:0.000244s ]
INFO: [ app_end ] --END-- [ RunTime:0.000269s ]

[ 2016-05-21T00:52:59+08:00 ] 192.168.2.105 /Stock/index.php?m=Home&c=Index&a=getMessage&startId=184
INFO: [ app_init ] --START--
INFO: Run Behavior\BuildLiteBehavior [ RunTime:0.000009s ]
INFO: [ app_init ] --END-- [ RunTime:0.000202s ]
INFO: [ app_begin ] --START--
INFO: Run Behavior\ReadHtmlCacheBehavior [ RunTime:0.000249s ]
INFO: [ app_begin ] --END-- [ RunTime:0.000276s ]
SQL: SHOW COLUMNS FROM `message` [ RunTime:0.0004s ]
SQL: SHOW COLUMNS FROM `barrage_msg` [ RunTime:0.0003s ]
SQL: SELECT * FROM `barrage_msg` WHERE ( `messageId` > '184' AND `messageId` < 187  )  [ RunTime:0.0002s ]
INFO: [ app_end ] --START--
INFO: Run Behavior\ShowPageTraceBehavior [ RunTime:0.000307s ]
INFO: [ app_end ] --END-- [ RunTime:0.000374s ]

[ 2016-05-21T00:53:02+08:00 ] 192.168.2.105 /Stock/index.php?m=Home&c=Index&a=getMessage&startId=186
INFO: [ app_init ] --START--
INFO: Run Behavior\BuildLiteBehavior [ RunTime:0.000009s ]
INFO: [ app_init ] --END-- [ RunTime:0.000200s ]
INFO: [ app_begin ] --START--
INFO: Run Behavior\ReadHtmlCacheBehavior [ RunTime:0.000247s ]
INFO: [ app_begin ] --END-- [ RunTime:0.000275s ]
SQL: SHOW COLUMNS FROM `message` [ RunTime:0.0004s ]
SQL: SHOW COLUMNS FROM `barrage_msg` [ RunTime:0.0003s ]
SQL: SELECT * FROM `barrage_msg` WHERE ( `messageId` > '186' AND `messageId` < 189  )  [ RunTime:0.0003s ]
INFO: [ app_end ] --START--
INFO: Run Behavior\ShowPageTraceBehavior [ RunTime:0.000250s ]
INFO: [ app_end ] --END-- [ RunTime:0.000275s ]

[ 2016-05-21T00:53:05+08:00 ] 192.168.2.105 /Stock/index.php?m=Home&c=Index&a=getMessage&startId=188
INFO: [ app_init ] --START--
INFO: Run Behavior\BuildLiteBehavior [ RunTime:0.000009s ]
INFO: [ app_init ] --END-- [ RunTime:0.000197s ]
INFO: [ app_begin ] --START--
INFO: Run Behavior\ReadHtmlCacheBehavior [ RunTime:0.000243s ]
INFO: [ app_begin ] --END-- [ RunTime:0.000270s ]
SQL: SHOW COLUMNS FROM `message` [ RunTime:0.0004s ]
SQL: SHOW COLUMNS FROM `barrage_msg` [ RunTime:0.0003s ]
SQL: SELECT * FROM `barrage_msg` WHERE ( `messageId` > '188' AND `messageId` < 191  )  [ RunTime:0.0003s ]
INFO: [ app_end ] --START--
INFO: Run Behavior\ShowPageTraceBehavior [ RunTime:0.000251s ]
INFO: [ app_end ] --END-- [ RunTime:0.000277s ]

[ 2016-05-21T00:53:07+08:00 ] 192.168.2.105 /Stock/index.php?m=Home&c=Index&a=getMessage&startId=190
INFO: [ app_init ] --START--
INFO: Run Behavior\BuildLiteBehavior [ RunTime:0.000007s ]
INFO: [ app_init ] --END-- [ RunTime:0.000170s ]
INFO: [ app_begin ] --START--
INFO: Run Behavior\ReadHtmlCacheBehavior [ RunTime:0.000225s ]
INFO: [ app_begin ] --END-- [ RunTime:0.000248s ]
SQL: SHOW COLUMNS FROM `message` [ RunTime:0.0003s ]
SQL: SHOW COLUMNS FROM `barrage_msg` [ RunTime:0.0003s ]
SQL: SELECT * FROM `barrage_msg` WHERE ( `messageId` > '190' AND `messageId` < 193  )  [ RunTime:0.0003s ]
INFO: [ app_end ] --START--
INFO: Run Behavior\ShowPageTraceBehavior [ RunTime:0.000240s ]
INFO: [ app_end ] --END-- [ RunTime:0.000264s ]

[ 2016-05-21T00:53:10+08:00 ] 192.168.2.105 /Stock/index.php?m=Home&c=Index&a=getMessage&startId=192
INFO: [ app_init ] --START--
INFO: Run Behavior\BuildLiteBehavior [ RunTime:0.000007s ]
INFO: [ app_init ] --END-- [ RunTime:0.000167s ]
INFO: [ app_begin ] --START--
INFO: Run Behavior\ReadHtmlCacheBehavior [ RunTime:0.000210s ]
INFO: [ app_begin ] --END-- [ RunTime:0.000233s ]
SQL: SHOW COLUMNS FROM `message` [ RunTime:0.0003s ]
SQL: SHOW COLUMNS FROM `barrage_msg` [ RunTime:0.0003s ]
SQL: SELECT * FROM `barrage_msg` WHERE ( `messageId` > '192' AND `messageId` < 195  )  [ RunTime:0.0002s ]
INFO: [ app_end ] --START--
INFO: Run Behavior\ShowPageTraceBehavior [ RunTime:0.000248s ]
INFO: [ app_end ] --END-- [ RunTime:0.000273s ]

[ 2016-05-21T00:53:13+08:00 ] 192.168.2.105 /Stock/index.php?m=Home&c=Index&a=getMessage&startId=194
INFO: [ app_init ] --START--
INFO: Run Behavior\BuildLiteBehavior [ RunTime:0.000008s ]
INFO: [ app_init ] --END-- [ RunTime:0.000179s ]
INFO: [ app_begin ] --START--
INFO: Run Behavior\ReadHtmlCacheBehavior [ RunTime:0.000221s ]
INFO: [ app_begin ] --END-- [ RunTime:0.000245s ]
SQL: SHOW COLUMNS FROM `message` [ RunTime:0.0004s ]
SQL: SHOW COLUMNS FROM `barrage_msg` [ RunTime:0.0003s ]
SQL: SELECT * FROM `barrage_msg` WHERE ( `messageId` > '194' AND `messageId` < 197  )  [ RunTime:0.0003s ]
INFO: [ app_end ] --START--
INFO: Run Behavior\ShowPageTraceBehavior [ RunTime:0.000315s ]
INFO: [ app_end ] --END-- [ RunTime:0.000353s ]

[ 2016-05-21T00:53:16+08:00 ] 192.168.2.105 /Stock/index.php?m=Home&c=Index&a=getMessage&startId=196
INFO: [ app_init ] --START--
INFO: Run Behavior\BuildLiteBehavior [ RunTime:0.000008s ]
INFO: [ app_init ] --END-- [ RunTime:0.000169s ]
INFO: [ app_begin ] --START--
INFO: Run Behavior\ReadHtmlCacheBehavior [ RunTime:0.000237s ]
INFO: [ app_begin ] --END-- [ RunTime:0.000270s ]
SQL: SHOW COLUMNS FROM `message` [ RunTime:0.0003s ]
SQL: SHOW COLUMNS FROM `barrage_msg` [ RunTime:0.0003s ]
SQL: SELECT * FROM `barrage_msg` WHERE ( `messageId` > '196' AND `messageId` < 199  )  [ RunTime:0.0003s ]
INFO: [ app_end ] --START--
INFO: Run Behavior\ShowPageTraceBehavior [ RunTime:0.000245s ]
INFO: [ app_end ] --END-- [ RunTime:0.000270s ]

[ 2016-05-21T00:53:19+08:00 ] 192.168.2.105 /Stock/index.php?m=Home&c=Index&a=getMessage&startId=198
INFO: [ app_init ] --START--
INFO: Run Behavior\BuildLiteBehavior [ RunTime:0.000014s ]
INFO: [ app_init ] --END-- [ RunTime:0.000282s ]
INFO: [ app_begin ] --START--
INFO: Run Behavior\ReadHtmlCacheBehavior [ RunTime:0.000349s ]
INFO: [ app_begin ] --END-- [ RunTime:0.000385s ]
SQL: SHOW COLUMNS FROM `message` [ RunTime:0.0004s ]
SQL: SHOW COLUMNS FROM `barrage_msg` [ RunTime:0.0003s ]
SQL: SELECT * FROM `barrage_msg` WHERE ( `messageId` > '198' AND `messageId` < 201  )  [ RunTime:0.0003s ]
INFO: [ app_end ] --START--
INFO: Run Behavior\ShowPageTraceBehavior [ RunTime:0.000297s ]
INFO: [ app_end ] --END-- [ RunTime:0.000322s ]

[ 2016-05-21T00:53:22+08:00 ] 192.168.2.105 /Stock/index.php?m=Home&c=Index&a=getMessage&startId=200
INFO: [ app_init ] --START--
INFO: Run Behavior\BuildLiteBehavior [ RunTime:0.000008s ]
INFO: [ app_init ] --END-- [ RunTime:0.000172s ]
INFO: [ app_begin ] --START--
INFO: Run Behavior\ReadHtmlCacheBehavior [ RunTime:0.000214s ]
INFO: [ app_begin ] --END-- [ RunTime:0.000237s ]
SQL: SHOW COLUMNS FROM `message` [ RunTime:0.0004s ]
SQL: SHOW COLUMNS FROM `barrage_msg` [ RunTime:0.0003s ]
SQL: SELECT * FROM `barrage_msg` WHERE ( `messageId` > '200' AND `messageId` < 203  )  [ RunTime:0.0003s ]
INFO: [ app_end ] --START--
INFO: Run Behavior\ShowPageTraceBehavior [ RunTime:0.000448s ]
INFO: [ app_end ] --END-- [ RunTime:0.000487s ]

[ 2016-05-21T00:53:25+08:00 ] 192.168.2.105 /Stock/index.php?m=Home&c=Index&a=getMessage&startId=202
INFO: [ app_init ] --START--
INFO: Run Behavior\BuildLiteBehavior [ RunTime:0.000009s ]
INFO: [ app_init ] --END-- [ RunTime:0.000174s ]
INFO: [ app_begin ] --START--
INFO: Run Behavior\ReadHtmlCacheBehavior [ RunTime:0.000212s ]
INFO: [ app_begin ] --END-- [ RunTime:0.000235s ]
SQL: SHOW COLUMNS FROM `message` [ RunTime:0.0004s ]
SQL: SHOW COLUMNS FROM `barrage_msg` [ RunTime:0.0003s ]
SQL: SELECT * FROM `barrage_msg` WHERE ( `messageId` > '202' AND `messageId` < 205  )  [ RunTime:0.0003s ]
INFO: [ app_end ] --START--
INFO: Run Behavior\ShowPageTraceBehavior [ RunTime:0.000264s ]
INFO: [ app_end ] --END-- [ RunTime:0.000290s ]

[ 2016-05-21T00:53:29+08:00 ] 192.168.2.105 /Stock/index.php?m=Home&c=Index&a=getMessage&startId=204
INFO: [ app_init ] --START--
INFO: Run Behavior\BuildLiteBehavior [ RunTime:0.000009s ]
INFO: [ app_init ] --END-- [ RunTime:0.000186s ]
INFO: [ app_begin ] --START--
INFO: Run Behavior\ReadHtmlCacheBehavior [ RunTime:0.000232s ]
INFO: [ app_begin ] --END-- [ RunTime:0.000255s ]
SQL: SHOW COLUMNS FROM `message` [ RunTime:0.0004s ]
SQL: SHOW COLUMNS FROM `barrage_msg` [ RunTime:0.0003s ]
SQL: SELECT * FROM `barrage_msg` WHERE ( `messageId` > '204' AND `messageId` < 207  )  [ RunTime:0.0003s ]
INFO: [ app_end ] --START--
INFO: Run Behavior\ShowPageTraceBehavior [ RunTime:0.000297s ]
INFO: [ app_end ] --END-- [ RunTime:0.000324s ]

[ 2016-05-21T00:53:29+08:00 ] 192.168.2.105 /Stock/index.php?m=Home&c=Index&a=getMessage&startId=22
INFO: [ app_init ] --START--
INFO: Run Behavior\BuildLiteBehavior [ RunTime:0.000009s ]
INFO: [ app_init ] --END-- [ RunTime:0.000218s ]
INFO: [ app_begin ] --START--
INFO: Run Behavior\ReadHtmlCacheBehavior [ RunTime:0.000284s ]
INFO: [ app_begin ] --END-- [ RunTime:0.000315s ]
SQL: SHOW COLUMNS FROM `message` [ RunTime:0.0005s ]
SQL: SHOW COLUMNS FROM `barrage_msg` [ RunTime:0.0056s ]
SQL: SELECT * FROM `barrage_msg` WHERE ( `messageId` > '22' AND `messageId` < 25  )  [ RunTime:0.0003s ]
INFO: [ app_end ] --START--
INFO: Run Behavior\ShowPageTraceBehavior [ RunTime:0.000351s ]
INFO: [ app_end ] --END-- [ RunTime:0.000381s ]

[ 2016-05-21T00:53:32+08:00 ] 192.168.2.105 /Stock/index.php?m=Home&c=Index&a=getMessage&startId=206
INFO: [ app_init ] --START--
INFO: Run Behavior\BuildLiteBehavior [ RunTime:0.000010s ]
INFO: [ app_init ] --END-- [ RunTime:0.000199s ]
INFO: [ app_begin ] --START--
INFO: Run Behavior\ReadHtmlCacheBehavior [ RunTime:0.000244s ]
INFO: [ app_begin ] --END-- [ RunTime:0.000271s ]
SQL: SHOW COLUMNS FROM `message` [ RunTime:0.0004s ]
SQL: SHOW COLUMNS FROM `barrage_msg` [ RunTime:0.0003s ]
SQL: SELECT * FROM `barrage_msg` WHERE ( `messageId` > '206' AND `messageId` < 209  )  [ RunTime:0.0002s ]
INFO: [ app_end ] --START--
INFO: Run Behavior\ShowPageTraceBehavior [ RunTime:0.000296s ]
INFO: [ app_end ] --END-- [ RunTime:0.000326s ]

[ 2016-05-21T00:53:34+08:00 ] 192.168.2.105 /Stock/index.php?m=Home&c=Index&a=getMessage&startId=10
INFO: [ app_init ] --START--
INFO: Run Behavior\BuildLiteBehavior [ RunTime:0.000007s ]
INFO: [ app_init ] --END-- [ RunTime:0.000164s ]
INFO: [ app_begin ] --START--
INFO: Run Behavior\ReadHtmlCacheBehavior [ RunTime:0.000210s ]
INFO: [ app_begin ] --END-- [ RunTime:0.000232s ]
SQL: SHOW COLUMNS FROM `message` [ RunTime:0.0004s ]
SQL: SHOW COLUMNS FROM `barrage_msg` [ RunTime:0.0003s ]
SQL: SELECT * FROM `barrage_msg` WHERE ( `messageId` > '10' AND `messageId` < 13  )  [ RunTime:0.0002s ]
INFO: [ app_end ] --START--
INFO: Run Behavior\ShowPageTraceBehavior [ RunTime:0.000240s ]
INFO: [ app_end ] --END-- [ RunTime:0.000264s ]

[ 2016-05-21T00:53:37+08:00 ] 192.168.2.105 /Stock/index.php?m=Home&c=Index&a=getMessage&startId=12
INFO: [ app_init ] --START--
INFO: Run Behavior\BuildLiteBehavior [ RunTime:0.000007s ]
INFO: [ app_init ] --END-- [ RunTime:0.000161s ]
INFO: [ app_begin ] --START--
INFO: Run Behavior\ReadHtmlCacheBehavior [ RunTime:0.000204s ]
INFO: [ app_begin ] --END-- [ RunTime:0.000226s ]
SQL: SHOW COLUMNS FROM `message` [ RunTime:0.0004s ]
SQL: SHOW COLUMNS FROM `barrage_msg` [ RunTime:0.0002s ]
SQL: SELECT * FROM `barrage_msg` WHERE ( `messageId` > '12' AND `messageId` < 15  )  [ RunTime:0.0002s ]
INFO: [ app_end ] --START--
INFO: Run Behavior\ShowPageTraceBehavior [ RunTime:0.000248s ]
INFO: [ app_end ] --END-- [ RunTime:0.000272s ]

[ 2016-05-21T00:53:40+08:00 ] 192.168.2.105 /Stock/index.php?m=Home&c=Index&a=getMessage&startId=14
INFO: [ app_init ] --START--
INFO: Run Behavior\BuildLiteBehavior [ RunTime:0.000007s ]
INFO: [ app_init ] --END-- [ RunTime:0.000161s ]
INFO: [ app_begin ] --START--
INFO: Run Behavior\ReadHtmlCacheBehavior [ RunTime:0.000200s ]
INFO: [ app_begin ] --END-- [ RunTime:0.000222s ]
SQL: SHOW COLUMNS FROM `message` [ RunTime:0.0004s ]
SQL: SHOW COLUMNS FROM `barrage_msg` [ RunTime:0.0003s ]
SQL: SELECT * FROM `barrage_msg` WHERE ( `messageId` > '14' AND `messageId` < 17  )  [ RunTime:0.0002s ]
INFO: [ app_end ] --START--
INFO: Run Behavior\ShowPageTraceBehavior [ RunTime:0.000241s ]
INFO: [ app_end ] --END-- [ RunTime:0.000263s ]

[ 2016-05-21T00:53:43+08:00 ] 192.168.2.105 /Stock/index.php?m=Home&c=Index&a=getMessage&startId=16
INFO: [ app_init ] --START--
INFO: Run Behavior\BuildLiteBehavior [ RunTime:0.000007s ]
INFO: [ app_init ] --END-- [ RunTime:0.000178s ]
INFO: [ app_begin ] --START--
INFO: Run Behavior\ReadHtmlCacheBehavior [ RunTime:0.000216s ]
INFO: [ app_begin ] --END-- [ RunTime:0.000240s ]
SQL: SHOW COLUMNS FROM `message` [ RunTime:0.0004s ]
SQL: SHOW COLUMNS FROM `barrage_msg` [ RunTime:0.0003s ]
SQL: SELECT * FROM `barrage_msg` WHERE ( `messageId` > '16' AND `messageId` < 19  )  [ RunTime:0.0003s ]
INFO: [ app_end ] --START--
INFO: Run Behavior\ShowPageTraceBehavior [ RunTime:0.000348s ]
INFO: [ app_end ] --END-- [ RunTime:0.000385s ]

[ 2016-05-21T00:53:46+08:00 ] 192.168.2.105 /Stock/index.php?m=Home&c=Index&a=getMessage&startId=18
INFO: [ app_init ] --START--
INFO: Run Behavior\BuildLiteBehavior [ RunTime:0.000007s ]
INFO: [ app_init ] --END-- [ RunTime:0.000164s ]
INFO: [ app_begin ] --START--
INFO: Run Behavior\ReadHtmlCacheBehavior [ RunTime:0.000203s ]
INFO: [ app_begin ] --END-- [ RunTime:0.000225s ]
SQL: SHOW COLUMNS FROM `message` [ RunTime:0.0004s ]
SQL: SHOW COLUMNS FROM `barrage_msg` [ RunTime:0.0003s ]
SQL: SELECT * FROM `barrage_msg` WHERE ( `messageId` > '18' AND `messageId` < 21  )  [ RunTime:0.0002s ]
INFO: [ app_end ] --START--
INFO: Run Behavior\ShowPageTraceBehavior [ RunTime:0.000243s ]
INFO: [ app_end ] --END-- [ RunTime:0.000267s ]

[ 2016-05-21T00:53:49+08:00 ] 192.168.2.105 /Stock/index.php?m=Home&c=Index&a=getMessage&startId=20
INFO: [ app_init ] --START--
INFO: Run Behavior\BuildLiteBehavior [ RunTime:0.000008s ]
INFO: [ app_init ] --END-- [ RunTime:0.000201s ]
INFO: [ app_begin ] --START--
INFO: Run Behavior\ReadHtmlCacheBehavior [ RunTime:0.000234s ]
INFO: [ app_begin ] --END-- [ RunTime:0.000257s ]
SQL: SHOW COLUMNS FROM `message` [ RunTime:0.0004s ]
SQL: SHOW COLUMNS FROM `barrage_msg` [ RunTime:0.0004s ]
SQL: SELECT * FROM `barrage_msg` WHERE ( `messageId` > '20' AND `messageId` < 23  )  [ RunTime:0.0003s ]
INFO: [ app_end ] --START--
INFO: Run Behavior\ShowPageTraceBehavior [ RunTime:0.000271s ]
INFO: [ app_end ] --END-- [ RunTime:0.000297s ]

[ 2016-05-21T00:53:52+08:00 ] 192.168.2.105 /Stock/index.php?m=Home&c=Index&a=getMessage&startId=22
INFO: [ app_init ] --START--
INFO: Run Behavior\BuildLiteBehavior [ RunTime:0.000007s ]
INFO: [ app_init ] --END-- [ RunTime:0.000168s ]
INFO: [ app_begin ] --START--
INFO: Run Behavior\ReadHtmlCacheBehavior [ RunTime:0.000207s ]
INFO: [ app_begin ] --END-- [ RunTime:0.000230s ]
SQL: SHOW COLUMNS FROM `message` [ RunTime:0.0003s ]
SQL: SHOW COLUMNS FROM `barrage_msg` [ RunTime:0.0003s ]
SQL: SELECT * FROM `barrage_msg` WHERE ( `messageId` > '22' AND `messageId` < 25  )  [ RunTime:0.0003s ]
INFO: [ app_end ] --START--
INFO: Run Behavior\ShowPageTraceBehavior [ RunTime:0.000242s ]
INFO: [ app_end ] --END-- [ RunTime:0.000266s ]

[ 2016-05-21T00:53:55+08:00 ] 192.168.2.105 /Stock/index.php?m=Home&c=Index&a=getMessage&startId=24
INFO: [ app_init ] --START--
INFO: Run Behavior\BuildLiteBehavior [ RunTime:0.000009s ]
INFO: [ app_init ] --END-- [ RunTime:0.000208s ]
INFO: [ app_begin ] --START--
INFO: Run Behavior\ReadHtmlCacheBehavior [ RunTime:0.000396s ]
INFO: [ app_begin ] --END-- [ RunTime:0.000447s ]
SQL: SHOW COLUMNS FROM `message` [ RunTime:0.0003s ]
SQL: SHOW COLUMNS FROM `barrage_msg` [ RunTime:0.0003s ]
SQL: SELECT * FROM `barrage_msg` WHERE ( `messageId` > '24' AND `messageId` < 27  )  [ RunTime:0.0002s ]
INFO: [ app_end ] --START--
INFO: Run Behavior\ShowPageTraceBehavior [ RunTime:0.000252s ]
INFO: [ app_end ] --END-- [ RunTime:0.000280s ]

[ 2016-05-21T00:53:58+08:00 ] 192.168.2.105 /Stock/index.php?m=Home&c=Index&a=getMessage&startId=26
INFO: [ app_init ] --START--
INFO: Run Behavior\BuildLiteBehavior [ RunTime:0.000010s ]
INFO: [ app_init ] --END-- [ RunTime:0.000238s ]
INFO: [ app_begin ] --START--
INFO: Run Behavior\ReadHtmlCacheBehavior [ RunTime:0.000306s ]
INFO: [ app_begin ] --END-- [ RunTime:0.000340s ]
SQL: SHOW COLUMNS FROM `message` [ RunTime:0.0004s ]
SQL: SHOW COLUMNS FROM `barrage_msg` [ RunTime:0.0003s ]
SQL: SELECT * FROM `barrage_msg` WHERE ( `messageId` > '26' AND `messageId` < 29  )  [ RunTime:0.0002s ]
INFO: [ app_end ] --START--
INFO: Run Behavior\ShowPageTraceBehavior [ RunTime:0.000272s ]
INFO: [ app_end ] --END-- [ RunTime:0.000297s ]

[ 2016-05-21T00:54:01+08:00 ] 192.168.2.105 /Stock/index.php?m=Home&c=Index&a=getMessage&startId=28
INFO: [ app_init ] --START--
INFO: Run Behavior\BuildLiteBehavior [ RunTime:0.000008s ]
INFO: [ app_init ] --END-- [ RunTime:0.000221s ]
INFO: [ app_begin ] --START--
INFO: Run Behavior\ReadHtmlCacheBehavior [ RunTime:0.000215s ]
INFO: [ app_begin ] --END-- [ RunTime:0.000237s ]
SQL: SHOW COLUMNS FROM `message` [ RunTime:0.0003s ]
SQL: SHOW COLUMNS FROM `barrage_msg` [ RunTime:0.0003s ]
SQL: SELECT * FROM `barrage_msg` WHERE ( `messageId` > '28' AND `messageId` < 31  )  [ RunTime:0.0002s ]
INFO: [ app_end ] --START--
INFO: Run Behavior\ShowPageTraceBehavior [ RunTime:0.000270s ]
INFO: [ app_end ] --END-- [ RunTime:0.000293s ]

[ 2016-05-21T00:54:04+08:00 ] 192.168.2.105 /Stock/index.php?m=Home&c=Index&a=getMessage&startId=30
INFO: [ app_init ] --START--
INFO: Run Behavior\BuildLiteBehavior [ RunTime:0.000008s ]
INFO: [ app_init ] --END-- [ RunTime:0.000176s ]
INFO: [ app_begin ] --START--
INFO: Run Behavior\ReadHtmlCacheBehavior [ RunTime:0.000227s ]
INFO: [ app_begin ] --END-- [ RunTime:0.000251s ]
SQL: SHOW COLUMNS FROM `message` [ RunTime:0.0004s ]
SQL: SHOW COLUMNS FROM `barrage_msg` [ RunTime:0.0004s ]
SQL: SELECT * FROM `barrage_msg` WHERE ( `messageId` > '30' AND `messageId` < 33  )  [ RunTime:0.0003s ]
INFO: [ app_end ] --START--
INFO: Run Behavior\ShowPageTraceBehavior [ RunTime:0.000352s ]
INFO: [ app_end ] --END-- [ RunTime:0.000388s ]

[ 2016-05-21T00:54:08+08:00 ] 192.168.2.105 /Stock/index.php?m=Home&c=Index&a=getMessage&startId=32
INFO: [ app_init ] --START--
INFO: Run Behavior\BuildLiteBehavior [ RunTime:0.000009s ]
INFO: [ app_init ] --END-- [ RunTime:0.000208s ]
INFO: [ app_begin ] --START--
INFO: Run Behavior\ReadHtmlCacheBehavior [ RunTime:0.000255s ]
INFO: [ app_begin ] --END-- [ RunTime:0.000282s ]
SQL: SHOW COLUMNS FROM `message` [ RunTime:0.0004s ]
SQL: SHOW COLUMNS FROM `barrage_msg` [ RunTime:0.0003s ]
SQL: SELECT * FROM `barrage_msg` WHERE ( `messageId` > '32' AND `messageId` < 35  )  [ RunTime:0.0003s ]
INFO: [ app_end ] --START--
INFO: Run Behavior\ShowPageTraceBehavior [ RunTime:0.000296s ]
INFO: [ app_end ] --END-- [ RunTime:0.000322s ]

[ 2016-05-21T00:54:11+08:00 ] 192.168.2.105 /Stock/index.php?m=Home&c=Index&a=getMessage&startId=34
INFO: [ app_init ] --START--
INFO: Run Behavior\BuildLiteBehavior [ RunTime:0.000008s ]
INFO: [ app_init ] --END-- [ RunTime:0.000179s ]
INFO: [ app_begin ] --START--
INFO: Run Behavior\ReadHtmlCacheBehavior [ RunTime:0.000284s ]
INFO: [ app_begin ] --END-- [ RunTime:0.000312s ]
SQL: SHOW COLUMNS FROM `message` [ RunTime:0.0003s ]
SQL: SHOW COLUMNS FROM `barrage_msg` [ RunTime:0.0003s ]
SQL: SELECT * FROM `barrage_msg` WHERE ( `messageId` > '34' AND `messageId` < 37  )  [ RunTime:0.0002s ]
INFO: [ app_end ] --START--
INFO: Run Behavior\ShowPageTraceBehavior [ RunTime:0.000267s ]
INFO: [ app_end ] --END-- [ RunTime:0.000293s ]

[ 2016-05-21T00:54:14+08:00 ] 192.168.2.105 /Stock/index.php?m=Home&c=Index&a=getMessage&startId=36
INFO: [ app_init ] --START--
INFO: Run Behavior\BuildLiteBehavior [ RunTime:0.000009s ]
INFO: [ app_init ] --END-- [ RunTime:0.000201s ]
INFO: [ app_begin ] --START--
INFO: Run Behavior\ReadHtmlCacheBehavior [ RunTime:0.000227s ]
INFO: [ app_begin ] --END-- [ RunTime:0.000252s ]
SQL: SHOW COLUMNS FROM `message` [ RunTime:0.0004s ]
SQL: SHOW COLUMNS FROM `barrage_msg` [ RunTime:0.0003s ]
SQL: SELECT * FROM `barrage_msg` WHERE ( `messageId` > '36' AND `messageId` < 39  )  [ RunTime:0.0003s ]
INFO: [ app_end ] --START--
INFO: Run Behavior\ShowPageTraceBehavior [ RunTime:0.000257s ]
INFO: [ app_end ] --END-- [ RunTime:0.000283s ]

[ 2016-05-21T00:54:17+08:00 ] 192.168.2.105 /Stock/index.php?m=Home&c=Index&a=getMessage&startId=38
INFO: [ app_init ] --START--
INFO: Run Behavior\BuildLiteBehavior [ RunTime:0.000009s ]
INFO: [ app_init ] --END-- [ RunTime:0.000192s ]
INFO: [ app_begin ] --START--
INFO: Run Behavior\ReadHtmlCacheBehavior [ RunTime:0.000272s ]
INFO: [ app_begin ] --END-- [ RunTime:0.000300s ]
SQL: SHOW COLUMNS FROM `message` [ RunTime:0.0004s ]
SQL: SHOW COLUMNS FROM `barrage_msg` [ RunTime:0.0003s ]
SQL: SELECT * FROM `barrage_msg` WHERE ( `messageId` > '38' AND `messageId` < 41  )  [ RunTime:0.0003s ]
INFO: [ app_end ] --START--
INFO: Run Behavior\ShowPageTraceBehavior [ RunTime:0.000301s ]
INFO: [ app_end ] --END-- [ RunTime:0.000328s ]

[ 2016-05-21T00:54:20+08:00 ] 192.168.2.105 /Stock/index.php?m=Home&c=Index&a=getMessage&startId=40
INFO: [ app_init ] --START--
INFO: Run Behavior\BuildLiteBehavior [ RunTime:0.000009s ]
INFO: [ app_init ] --END-- [ RunTime:0.000198s ]
INFO: [ app_begin ] --START--
INFO: Run Behavior\ReadHtmlCacheBehavior [ RunTime:0.000244s ]
INFO: [ app_begin ] --END-- [ RunTime:0.000271s ]
SQL: SHOW COLUMNS FROM `message` [ RunTime:0.0004s ]
SQL: SHOW COLUMNS FROM `barrage_msg` [ RunTime:0.0003s ]
SQL: SELECT * FROM `barrage_msg` WHERE ( `messageId` > '40' AND `messageId` < 43  )  [ RunTime:0.0003s ]
INFO: [ app_end ] --START--
INFO: Run Behavior\ShowPageTraceBehavior [ RunTime:0.000330s ]
INFO: [ app_end ] --END-- [ RunTime:0.000357s ]

[ 2016-05-21T00:54:23+08:00 ] 192.168.2.105 /Stock/index.php?m=Home&c=Index&a=getMessage&startId=42
INFO: [ app_init ] --START--
INFO: Run Behavior\BuildLiteBehavior [ RunTime:0.000017s ]
INFO: [ app_init ] --END-- [ RunTime:0.000246s ]
INFO: [ app_begin ] --START--
INFO: Run Behavior\ReadHtmlCacheBehavior [ RunTime:0.000339s ]
INFO: [ app_begin ] --END-- [ RunTime:0.000370s ]
SQL: SHOW COLUMNS FROM `message` [ RunTime:0.0004s ]
SQL: SHOW COLUMNS FROM `barrage_msg` [ RunTime:0.0002s ]
SQL: SELECT * FROM `barrage_msg` WHERE ( `messageId` > '42' AND `messageId` < 45  )  [ RunTime:0.0002s ]
INFO: [ app_end ] --START--
INFO: Run Behavior\ShowPageTraceBehavior [ RunTime:0.000312s ]
INFO: [ app_end ] --END-- [ RunTime:0.000339s ]

[ 2016-05-21T00:54:26+08:00 ] 192.168.2.105 /Stock/index.php?m=Home&c=Index&a=getMessage&startId=44
INFO: [ app_init ] --START--
INFO: Run Behavior\BuildLiteBehavior [ RunTime:0.000009s ]
INFO: [ app_init ] --END-- [ RunTime:0.000205s ]
INFO: [ app_begin ] --START--
INFO: Run Behavior\ReadHtmlCacheBehavior [ RunTime:0.000251s ]
INFO: [ app_begin ] --END-- [ RunTime:0.000279s ]
SQL: SHOW COLUMNS FROM `message` [ RunTime:0.0004s ]
SQL: SHOW COLUMNS FROM `barrage_msg` [ RunTime:0.0003s ]
SQL: SELECT * FROM `barrage_msg` WHERE ( `messageId` > '44' AND `messageId` < 47  )  [ RunTime:0.0003s ]
INFO: [ app_end ] --START--
INFO: Run Behavior\ShowPageTraceBehavior [ RunTime:0.000300s ]
INFO: [ app_end ] --END-- [ RunTime:0.000326s ]

[ 2016-05-21T00:54:29+08:00 ] 192.168.2.105 /Stock/index.php?m=Home&c=Index&a=getMessage&startId=46
INFO: [ app_init ] --START--
INFO: Run Behavior\BuildLiteBehavior [ RunTime:0.000009s ]
INFO: [ app_init ] --END-- [ RunTime:0.000201s ]
INFO: [ app_begin ] --START--
INFO: Run Behavior\ReadHtmlCacheBehavior [ RunTime:0.000246s ]
INFO: [ app_begin ] --END-- [ RunTime:0.000272s ]
SQL: SHOW COLUMNS FROM `message` [ RunTime:0.0004s ]
SQL: SHOW COLUMNS FROM `barrage_msg` [ RunTime:0.0003s ]
SQL: SELECT * FROM `barrage_msg` WHERE ( `messageId` > '46' AND `messageId` < 49  )  [ RunTime:0.0002s ]
INFO: [ app_end ] --START--
INFO: Run Behavior\ShowPageTraceBehavior [ RunTime:0.000342s ]
INFO: [ app_end ] --END-- [ RunTime:0.000371s ]

[ 2016-05-21T00:54:32+08:00 ] 192.168.2.105 /Stock/index.php?m=Home&c=Index&a=getMessage&startId=48
INFO: [ app_init ] --START--
INFO: Run Behavior\BuildLiteBehavior [ RunTime:0.000008s ]
INFO: [ app_init ] --END-- [ RunTime:0.000201s ]
INFO: [ app_begin ] --START--
INFO: Run Behavior\ReadHtmlCacheBehavior [ RunTime:0.000232s ]
INFO: [ app_begin ] --END-- [ RunTime:0.000257s ]
SQL: SHOW COLUMNS FROM `message` [ RunTime:0.0004s ]
SQL: SHOW COLUMNS FROM `barrage_msg` [ RunTime:0.0003s ]
SQL: SELECT * FROM `barrage_msg` WHERE ( `messageId` > '48' AND `messageId` < 51  )  [ RunTime:0.0003s ]
INFO: [ app_end ] --START--
INFO: Run Behavior\ShowPageTraceBehavior [ RunTime:0.000284s ]
INFO: [ app_end ] --END-- [ RunTime:0.000310s ]

[ 2016-05-21T00:54:35+08:00 ] 192.168.2.105 /Stock/index.php?m=Home&c=Index&a=getMessage&startId=50
INFO: [ app_init ] --START--
INFO: Run Behavior\BuildLiteBehavior [ RunTime:0.000009s ]
INFO: [ app_init ] --END-- [ RunTime:0.000203s ]
INFO: [ app_begin ] --START--
INFO: Run Behavior\ReadHtmlCacheBehavior [ RunTime:0.000253s ]
INFO: [ app_begin ] --END-- [ RunTime:0.000280s ]
SQL: SHOW COLUMNS FROM `message` [ RunTime:0.0004s ]
SQL: SHOW COLUMNS FROM `barrage_msg` [ RunTime:0.0003s ]
SQL: SELECT * FROM `barrage_msg` WHERE ( `messageId` > '50' AND `messageId` < 53  )  [ RunTime:0.0003s ]
INFO: [ app_end ] --START--
INFO: Run Behavior\ShowPageTraceBehavior [ RunTime:0.000263s ]
INFO: [ app_end ] --END-- [ RunTime:0.000288s ]

[ 2016-05-21T00:54:38+08:00 ] 192.168.2.105 /Stock/index.php?m=Home&c=Index&a=getMessage&startId=52
INFO: [ app_init ] --START--
INFO: Run Behavior\BuildLiteBehavior [ RunTime:0.000009s ]
INFO: [ app_init ] --END-- [ RunTime:0.000201s ]
INFO: [ app_begin ] --START--
INFO: Run Behavior\ReadHtmlCacheBehavior [ RunTime:0.000247s ]
INFO: [ app_begin ] --END-- [ RunTime:0.000274s ]
SQL: SHOW COLUMNS FROM `message` [ RunTime:0.0004s ]
SQL: SHOW COLUMNS FROM `barrage_msg` [ RunTime:0.0003s ]
SQL: SELECT * FROM `barrage_msg` WHERE ( `messageId` > '52' AND `messageId` < 55  )  [ RunTime:0.0003s ]
INFO: [ app_end ] --START--
INFO: Run Behavior\ShowPageTraceBehavior [ RunTime:0.000434s ]
INFO: [ app_end ] --END-- [ RunTime:0.000475s ]

[ 2016-05-21T00:54:40+08:00 ] 192.168.2.105 /Stock/index.php?m=Home&c=Index&a=getMessage&startId=54
INFO: [ app_init ] --START--
INFO: Run Behavior\BuildLiteBehavior [ RunTime:0.000008s ]
INFO: [ app_init ] --END-- [ RunTime:0.000172s ]
INFO: [ app_begin ] --START--
INFO: Run Behavior\ReadHtmlCacheBehavior [ RunTime:0.000210s ]
INFO: [ app_begin ] --END-- [ RunTime:0.000233s ]
SQL: SHOW COLUMNS FROM `message` [ RunTime:0.0004s ]
SQL: SHOW COLUMNS FROM `barrage_msg` [ RunTime:0.0003s ]
SQL: SELECT * FROM `barrage_msg` WHERE ( `messageId` > '54' AND `messageId` < 57  )  [ RunTime:0.0002s ]
INFO: [ app_end ] --START--
INFO: Run Behavior\ShowPageTraceBehavior [ RunTime:0.000297s ]
INFO: [ app_end ] --END-- [ RunTime:0.000323s ]

[ 2016-05-21T00:54:44+08:00 ] 192.168.2.105 /Stock/index.php?m=Home&c=Index&a=getMessage&startId=56
INFO: [ app_init ] --START--
INFO: Run Behavior\BuildLiteBehavior [ RunTime:0.000007s ]
INFO: [ app_init ] --END-- [ RunTime:0.000185s ]
INFO: [ app_begin ] --START--
INFO: Run Behavior\ReadHtmlCacheBehavior [ RunTime:0.000222s ]
INFO: [ app_begin ] --END-- [ RunTime:0.000246s ]
SQL: SHOW COLUMNS FROM `message` [ RunTime:0.0003s ]
SQL: SHOW COLUMNS FROM `barrage_msg` [ RunTime:0.0003s ]
SQL: SELECT * FROM `barrage_msg` WHERE ( `messageId` > '56' AND `messageId` < 59  )  [ RunTime:0.0002s ]
INFO: [ app_end ] --START--
INFO: Run Behavior\ShowPageTraceBehavior [ RunTime:0.000393s ]
INFO: [ app_end ] --END-- [ RunTime:0.000425s ]

[ 2016-05-21T00:54:47+08:00 ] 192.168.2.105 /Stock/index.php?m=Home&c=Index&a=getMessage&startId=58
INFO: [ app_init ] --START--
INFO: Run Behavior\BuildLiteBehavior [ RunTime:0.000011s ]
INFO: [ app_init ] --END-- [ RunTime:0.000245s ]
INFO: [ app_begin ] --START--
INFO: Run Behavior\ReadHtmlCacheBehavior [ RunTime:0.000363s ]
INFO: [ app_begin ] --END-- [ RunTime:0.000403s ]
SQL: SHOW COLUMNS FROM `message` [ RunTime:0.0003s ]
SQL: SHOW COLUMNS FROM `barrage_msg` [ RunTime:0.0003s ]
SQL: SELECT * FROM `barrage_msg` WHERE ( `messageId` > '58' AND `messageId` < 61  )  [ RunTime:0.0003s ]
INFO: [ app_end ] --START--
INFO: Run Behavior\ShowPageTraceBehavior [ RunTime:0.000322s ]
INFO: [ app_end ] --END-- [ RunTime:0.000354s ]

[ 2016-05-21T00:54:50+08:00 ] 192.168.2.105 /Stock/index.php?m=Home&c=Index&a=getMessage&startId=60
INFO: [ app_init ] --START--
INFO: Run Behavior\BuildLiteBehavior [ RunTime:0.000009s ]
INFO: [ app_init ] --END-- [ RunTime:0.000202s ]
INFO: [ app_begin ] --START--
INFO: Run Behavior\ReadHtmlCacheBehavior [ RunTime:0.000247s ]
INFO: [ app_begin ] --END-- [ RunTime:0.000274s ]
SQL: SHOW COLUMNS FROM `message` [ RunTime:0.0004s ]
SQL: SHOW COLUMNS FROM `barrage_msg` [ RunTime:0.0003s ]
SQL: SELECT * FROM `barrage_msg` WHERE ( `messageId` > '60' AND `messageId` < 63  )  [ RunTime:0.0003s ]
INFO: [ app_end ] --START--
INFO: Run Behavior\ShowPageTraceBehavior [ RunTime:0.000308s ]
INFO: [ app_end ] --END-- [ RunTime:0.000337s ]

[ 2016-05-21T00:54:53+08:00 ] 192.168.2.105 /Stock/index.php?m=Home&c=Index&a=getMessage&startId=62
INFO: [ app_init ] --START--
INFO: Run Behavior\BuildLiteBehavior [ RunTime:0.000008s ]
INFO: [ app_init ] --END-- [ RunTime:0.000199s ]
INFO: [ app_begin ] --START--
INFO: Run Behavior\ReadHtmlCacheBehavior [ RunTime:0.000245s ]
INFO: [ app_begin ] --END-- [ RunTime:0.000271s ]
SQL: SHOW COLUMNS FROM `message` [ RunTime:0.0005s ]
SQL: SHOW COLUMNS FROM `barrage_msg` [ RunTime:0.0003s ]
SQL: SELECT * FROM `barrage_msg` WHERE ( `messageId` > '62' AND `messageId` < 65  )  [ RunTime:0.0003s ]
INFO: [ app_end ] --START--
INFO: Run Behavior\ShowPageTraceBehavior [ RunTime:0.000325s ]
INFO: [ app_end ] --END-- [ RunTime:0.000352s ]

[ 2016-05-21T00:54:56+08:00 ] 192.168.2.105 /Stock/index.php?m=Home&c=Index&a=getMessage&startId=64
INFO: [ app_init ] --START--
INFO: Run Behavior\BuildLiteBehavior [ RunTime:0.000009s ]
INFO: [ app_init ] --END-- [ RunTime:0.000200s ]
INFO: [ app_begin ] --START--
INFO: Run Behavior\ReadHtmlCacheBehavior [ RunTime:0.000244s ]
INFO: [ app_begin ] --END-- [ RunTime:0.000270s ]
SQL: SHOW COLUMNS FROM `message` [ RunTime:0.0004s ]
SQL: SHOW COLUMNS FROM `barrage_msg` [ RunTime:0.0003s ]
SQL: SELECT * FROM `barrage_msg` WHERE ( `messageId` > '64' AND `messageId` < 67  )  [ RunTime:0.0003s ]
INFO: [ app_end ] --START--
INFO: Run Behavior\ShowPageTraceBehavior [ RunTime:0.000266s ]
INFO: [ app_end ] --END-- [ RunTime:0.000291s ]

[ 2016-05-21T00:54:58+08:00 ] 192.168.2.105 /Stock/index.php?m=Home&c=Index&a=getMessage&startId=66
INFO: [ app_init ] --START--
INFO: Run Behavior\BuildLiteBehavior [ RunTime:0.000008s ]
INFO: [ app_init ] --END-- [ RunTime:0.000190s ]
INFO: [ app_begin ] --START--
INFO: Run Behavior\ReadHtmlCacheBehavior [ RunTime:0.000212s ]
INFO: [ app_begin ] --END-- [ RunTime:0.000234s ]
SQL: SHOW COLUMNS FROM `message` [ RunTime:0.0003s ]
SQL: SHOW COLUMNS FROM `barrage_msg` [ RunTime:0.0004s ]
SQL: SELECT * FROM `barrage_msg` WHERE ( `messageId` > '66' AND `messageId` < 69  )  [ RunTime:0.0003s ]
INFO: [ app_end ] --START--
INFO: Run Behavior\ShowPageTraceBehavior [ RunTime:0.000307s ]
INFO: [ app_end ] --END-- [ RunTime:0.000334s ]

[ 2016-05-21T00:55:01+08:00 ] 192.168.2.105 /Stock/index.php?m=Home&c=Index&a=getMessage&startId=68
INFO: [ app_init ] --START--
INFO: Run Behavior\BuildLiteBehavior [ RunTime:0.000008s ]
INFO: [ app_init ] --END-- [ RunTime:0.000201s ]
INFO: [ app_begin ] --START--
INFO: Run Behavior\ReadHtmlCacheBehavior [ RunTime:0.000230s ]
INFO: [ app_begin ] --END-- [ RunTime:0.000254s ]
SQL: SHOW COLUMNS FROM `message` [ RunTime:0.0004s ]
SQL: SHOW COLUMNS FROM `barrage_msg` [ RunTime:0.0003s ]
SQL: SELECT * FROM `barrage_msg` WHERE ( `messageId` > '68' AND `messageId` < 71  )  [ RunTime:0.0003s ]
INFO: [ app_end ] --START--
INFO: Run Behavior\ShowPageTraceBehavior [ RunTime:0.000302s ]
INFO: [ app_end ] --END-- [ RunTime:0.000333s ]

[ 2016-05-21T00:55:04+08:00 ] 192.168.2.105 /Stock/index.php?m=Home&c=Index&a=getMessage&startId=70
INFO: [ app_init ] --START--
INFO: Run Behavior\BuildLiteBehavior [ RunTime:0.000006s ]
INFO: [ app_init ] --END-- [ RunTime:0.000164s ]
INFO: [ app_begin ] --START--
INFO: Run Behavior\ReadHtmlCacheBehavior [ RunTime:0.000201s ]
INFO: [ app_begin ] --END-- [ RunTime:0.000223s ]
SQL: SHOW COLUMNS FROM `message` [ RunTime:0.0004s ]
SQL: SHOW COLUMNS FROM `barrage_msg` [ RunTime:0.0003s ]
SQL: SELECT * FROM `barrage_msg` WHERE ( `messageId` > '70' AND `messageId` < 73  )  [ RunTime:0.0002s ]
INFO: [ app_end ] --START--
INFO: Run Behavior\ShowPageTraceBehavior [ RunTime:0.000239s ]
INFO: [ app_end ] --END-- [ RunTime:0.000263s ]

[ 2016-05-21T00:55:08+08:00 ] 192.168.2.105 /Stock/index.php?m=Home&c=Index&a=getMessage&startId=72
INFO: [ app_init ] --START--
INFO: Run Behavior\BuildLiteBehavior [ RunTime:0.000009s ]
INFO: [ app_init ] --END-- [ RunTime:0.000205s ]
INFO: [ app_begin ] --START--
INFO: Run Behavior\ReadHtmlCacheBehavior [ RunTime:0.000254s ]
INFO: [ app_begin ] --END-- [ RunTime:0.000281s ]
SQL: SHOW COLUMNS FROM `message` [ RunTime:0.0004s ]
SQL: SHOW COLUMNS FROM `barrage_msg` [ RunTime:0.0003s ]
SQL: SELECT * FROM `barrage_msg` WHERE ( `messageId` > '72' AND `messageId` < 75  )  [ RunTime:0.0003s ]
INFO: [ app_end ] --START--
INFO: Run Behavior\ShowPageTraceBehavior [ RunTime:0.000266s ]
INFO: [ app_end ] --END-- [ RunTime:0.000291s ]

[ 2016-05-21T00:55:11+08:00 ] 192.168.2.105 /Stock/index.php?m=Home&c=Index&a=getMessage&startId=74
INFO: [ app_init ] --START--
INFO: Run Behavior\BuildLiteBehavior [ RunTime:0.000008s ]
INFO: [ app_init ] --END-- [ RunTime:0.000200s ]
INFO: [ app_begin ] --START--
INFO: Run Behavior\ReadHtmlCacheBehavior [ RunTime:0.000246s ]
INFO: [ app_begin ] --END-- [ RunTime:0.000272s ]
SQL: SHOW COLUMNS FROM `message` [ RunTime:0.0004s ]
SQL: SHOW COLUMNS FROM `barrage_msg` [ RunTime:0.0003s ]
SQL: SELECT * FROM `barrage_msg` WHERE ( `messageId` > '74' AND `messageId` < 77  )  [ RunTime:0.0003s ]
INFO: [ app_end ] --START--
INFO: Run Behavior\ShowPageTraceBehavior [ RunTime:0.000261s ]
INFO: [ app_end ] --END-- [ RunTime:0.000286s ]

[ 2016-05-21T00:55:14+08:00 ] 192.168.2.105 /Stock/index.php?m=Home&c=Index&a=getMessage&startId=76
INFO: [ app_init ] --START--
INFO: Run Behavior\BuildLiteBehavior [ RunTime:0.000009s ]
INFO: [ app_init ] --END-- [ RunTime:0.000198s ]
INFO: [ app_begin ] --START--
INFO: Run Behavior\ReadHtmlCacheBehavior [ RunTime:0.000246s ]
INFO: [ app_begin ] --END-- [ RunTime:0.000273s ]
SQL: SHOW COLUMNS FROM `message` [ RunTime:0.0004s ]
SQL: SHOW COLUMNS FROM `barrage_msg` [ RunTime:0.0003s ]
SQL: SELECT * FROM `barrage_msg` WHERE ( `messageId` > '76' AND `messageId` < 79  )  [ RunTime:0.0003s ]
INFO: [ app_end ] --START--
INFO: Run Behavior\ShowPageTraceBehavior [ RunTime:0.000265s ]
INFO: [ app_end ] --END-- [ RunTime:0.000289s ]

[ 2016-05-21T00:55:17+08:00 ] 192.168.2.105 /Stock/index.php?m=Home&c=Index&a=getMessage&startId=78
INFO: [ app_init ] --START--
INFO: Run Behavior\BuildLiteBehavior [ RunTime:0.000009s ]
INFO: [ app_init ] --END-- [ RunTime:0.000198s ]
INFO: [ app_begin ] --START--
INFO: Run Behavior\ReadHtmlCacheBehavior [ RunTime:0.000249s ]
INFO: [ app_begin ] --END-- [ RunTime:0.000276s ]
SQL: SHOW COLUMNS FROM `message` [ RunTime:0.0004s ]
SQL: SHOW COLUMNS FROM `barrage_msg` [ RunTime:0.0004s ]
SQL: SELECT * FROM `barrage_msg` WHERE ( `messageId` > '78' AND `messageId` < 81  )  [ RunTime:0.0003s ]
INFO: [ app_end ] --START--
INFO: Run Behavior\ShowPageTraceBehavior [ RunTime:0.000328s ]
INFO: [ app_end ] --END-- [ RunTime:0.000356s ]

[ 2016-05-21T00:55:20+08:00 ] 192.168.2.105 /Stock/index.php?m=Home&c=Index&a=getMessage&startId=80
INFO: [ app_init ] --START--
INFO: Run Behavior\BuildLiteBehavior [ RunTime:0.000009s ]
INFO: [ app_init ] --END-- [ RunTime:0.000199s ]
INFO: [ app_begin ] --START--
INFO: Run Behavior\ReadHtmlCacheBehavior [ RunTime:0.000294s ]
INFO: [ app_begin ] --END-- [ RunTime:0.000324s ]
SQL: SHOW COLUMNS FROM `message` [ RunTime:0.0004s ]
SQL: SHOW COLUMNS FROM `barrage_msg` [ RunTime:0.0003s ]
SQL: SELECT * FROM `barrage_msg` WHERE ( `messageId` > '80' AND `messageId` < 83  )  [ RunTime:0.0003s ]
INFO: [ app_end ] --START--
INFO: Run Behavior\ShowPageTraceBehavior [ RunTime:0.000265s ]
INFO: [ app_end ] --END-- [ RunTime:0.000290s ]

[ 2016-05-21T00:55:23+08:00 ] 192.168.2.105 /Stock/index.php?m=Home&c=Index&a=getMessage&startId=82
INFO: [ app_init ] --START--
INFO: Run Behavior\BuildLiteBehavior [ RunTime:0.000008s ]
INFO: [ app_init ] --END-- [ RunTime:0.000185s ]
INFO: [ app_begin ] --START--
INFO: Run Behavior\ReadHtmlCacheBehavior [ RunTime:0.000225s ]
INFO: [ app_begin ] --END-- [ RunTime:0.000248s ]
SQL: SHOW COLUMNS FROM `message` [ RunTime:0.0004s ]
SQL: SHOW COLUMNS FROM `barrage_msg` [ RunTime:0.0003s ]
SQL: SELECT * FROM `barrage_msg` WHERE ( `messageId` > '82' AND `messageId` < 85  )  [ RunTime:0.0003s ]
INFO: [ app_end ] --START--
INFO: Run Behavior\ShowPageTraceBehavior [ RunTime:0.000262s ]
INFO: [ app_end ] --END-- [ RunTime:0.000287s ]

[ 2016-05-21T00:55:26+08:00 ] 192.168.2.105 /Stock/index.php?m=Home&c=Index&a=getMessage&startId=84
INFO: [ app_init ] --START--
INFO: Run Behavior\BuildLiteBehavior [ RunTime:0.000008s ]
INFO: [ app_init ] --END-- [ RunTime:0.000174s ]
INFO: [ app_begin ] --START--
INFO: Run Behavior\ReadHtmlCacheBehavior [ RunTime:0.000214s ]
INFO: [ app_begin ] --END-- [ RunTime:0.000237s ]
SQL: SHOW COLUMNS FROM `message` [ RunTime:0.0003s ]
SQL: SHOW COLUMNS FROM `barrage_msg` [ RunTime:0.0007s ]
SQL: SELECT * FROM `barrage_msg` WHERE ( `messageId` > '84' AND `messageId` < 87  )  [ RunTime:0.0005s ]
INFO: [ app_end ] --START--
INFO: Run Behavior\ShowPageTraceBehavior [ RunTime:0.000447s ]
INFO: [ app_end ] --END-- [ RunTime:0.000491s ]

[ 2016-05-21T00:55:29+08:00 ] 192.168.2.105 /Stock/index.php?m=Home&c=Index&a=getMessage&startId=86
INFO: [ app_init ] --START--
INFO: Run Behavior\BuildLiteBehavior [ RunTime:0.000008s ]
INFO: [ app_init ] --END-- [ RunTime:0.000199s ]
INFO: [ app_begin ] --START--
INFO: Run Behavior\ReadHtmlCacheBehavior [ RunTime:0.000227s ]
INFO: [ app_begin ] --END-- [ RunTime:0.000251s ]
SQL: SHOW COLUMNS FROM `message` [ RunTime:0.0004s ]
SQL: SHOW COLUMNS FROM `barrage_msg` [ RunTime:0.0003s ]
SQL: SELECT * FROM `barrage_msg` WHERE ( `messageId` > '86' AND `messageId` < 89  )  [ RunTime:0.0002s ]
INFO: [ app_end ] --START--
INFO: Run Behavior\ShowPageTraceBehavior [ RunTime:0.000271s ]
INFO: [ app_end ] --END-- [ RunTime:0.000297s ]

[ 2016-05-21T00:55:32+08:00 ] 192.168.2.105 /Stock/index.php?m=Home&c=Index&a=getMessage&startId=88
INFO: [ app_init ] --START--
INFO: Run Behavior\BuildLiteBehavior [ RunTime:0.000010s ]
INFO: [ app_init ] --END-- [ RunTime:0.000200s ]
INFO: [ app_begin ] --START--
INFO: Run Behavior\ReadHtmlCacheBehavior [ RunTime:0.000247s ]
INFO: [ app_begin ] --END-- [ RunTime:0.000275s ]
SQL: SHOW COLUMNS FROM `message` [ RunTime:0.0005s ]
SQL: SHOW COLUMNS FROM `barrage_msg` [ RunTime:0.0004s ]
SQL: SELECT * FROM `barrage_msg` WHERE ( `messageId` > '88' AND `messageId` < 91  )  [ RunTime:0.0003s ]
INFO: [ app_end ] --START--
INFO: Run Behavior\ShowPageTraceBehavior [ RunTime:0.000343s ]
INFO: [ app_end ] --END-- [ RunTime:0.000373s ]

[ 2016-05-21T00:55:35+08:00 ] 192.168.2.105 /Stock/index.php?m=Home&c=Index&a=getMessage&startId=90
INFO: [ app_init ] --START--
INFO: Run Behavior\BuildLiteBehavior [ RunTime:0.000007s ]
INFO: [ app_init ] --END-- [ RunTime:0.000175s ]
INFO: [ app_begin ] --START--
INFO: Run Behavior\ReadHtmlCacheBehavior [ RunTime:0.000216s ]
INFO: [ app_begin ] --END-- [ RunTime:0.000239s ]
SQL: SHOW COLUMNS FROM `message` [ RunTime:0.0004s ]
SQL: SHOW COLUMNS FROM `barrage_msg` [ RunTime:0.0003s ]
SQL: SELECT * FROM `barrage_msg` WHERE ( `messageId` > '90' AND `messageId` < 93  )  [ RunTime:0.0002s ]
INFO: [ app_end ] --START--
INFO: Run Behavior\ShowPageTraceBehavior [ RunTime:0.000283s ]
INFO: [ app_end ] --END-- [ RunTime:0.000309s ]

[ 2016-05-21T00:55:38+08:00 ] 192.168.2.105 /Stock/index.php?m=Home&c=Index&a=getMessage&startId=92
INFO: [ app_init ] --START--
INFO: Run Behavior\BuildLiteBehavior [ RunTime:0.000008s ]
INFO: [ app_init ] --END-- [ RunTime:0.000187s ]
INFO: [ app_begin ] --START--
INFO: Run Behavior\ReadHtmlCacheBehavior [ RunTime:0.000350s ]
INFO: [ app_begin ] --END-- [ RunTime:0.000386s ]
SQL: SHOW COLUMNS FROM `message` [ RunTime:0.0006s ]
SQL: SHOW COLUMNS FROM `barrage_msg` [ RunTime:0.0004s ]
SQL: SELECT * FROM `barrage_msg` WHERE ( `messageId` > '92' AND `messageId` < 95  )  [ RunTime:0.0003s ]
INFO: [ app_end ] --START--
INFO: Run Behavior\ShowPageTraceBehavior [ RunTime:0.000386s ]
INFO: [ app_end ] --END-- [ RunTime:0.000425s ]

[ 2016-05-21T00:55:40+08:00 ] 192.168.2.105 /Stock/index.php?m=Home&c=Index&a=getMessage&startId=94
INFO: [ app_init ] --START--
INFO: Run Behavior\BuildLiteBehavior [ RunTime:0.000011s ]
INFO: [ app_init ] --END-- [ RunTime:0.000244s ]
INFO: [ app_begin ] --START--
INFO: Run Behavior\ReadHtmlCacheBehavior [ RunTime:0.000309s ]
INFO: [ app_begin ] --END-- [ RunTime:0.000343s ]
SQL: SHOW COLUMNS FROM `message` [ RunTime:0.0004s ]
SQL: SHOW COLUMNS FROM `barrage_msg` [ RunTime:0.0003s ]
SQL: SELECT * FROM `barrage_msg` WHERE ( `messageId` > '94' AND `messageId` < 97  )  [ RunTime:0.0002s ]
INFO: [ app_end ] --START--
INFO: Run Behavior\ShowPageTraceBehavior [ RunTime:0.000284s ]
INFO: [ app_end ] --END-- [ RunTime:0.000310s ]

[ 2016-05-21T00:55:43+08:00 ] 192.168.2.105 /Stock/index.php?m=Home&c=Index&a=getMessage&startId=96
INFO: [ app_init ] --START--
INFO: Run Behavior\BuildLiteBehavior [ RunTime:0.000009s ]
INFO: [ app_init ] --END-- [ RunTime:0.000190s ]
INFO: [ app_begin ] --START--
INFO: Run Behavior\ReadHtmlCacheBehavior [ RunTime:0.000234s ]
INFO: [ app_begin ] --END-- [ RunTime:0.000258s ]
SQL: SHOW COLUMNS FROM `message` [ RunTime:0.0004s ]
SQL: SHOW COLUMNS FROM `barrage_msg` [ RunTime:0.0003s ]
SQL: SELECT * FROM `barrage_msg` WHERE ( `messageId` > '96' AND `messageId` < 99  )  [ RunTime:0.0002s ]
INFO: [ app_end ] --START--
INFO: Run Behavior\ShowPageTraceBehavior [ RunTime:0.000284s ]
INFO: [ app_end ] --END-- [ RunTime:0.000311s ]

[ 2016-05-21T00:55:47+08:00 ] 192.168.2.105 /Stock/index.php?m=Home&c=Index&a=getMessage&startId=98
INFO: [ app_init ] --START--
INFO: Run Behavior\BuildLiteBehavior [ RunTime:0.000013s ]
INFO: [ app_init ] --END-- [ RunTime:0.000360s ]
INFO: [ app_begin ] --START--
INFO: Run Behavior\ReadHtmlCacheBehavior [ RunTime:0.000267s ]
INFO: [ app_begin ] --END-- [ RunTime:0.000292s ]
SQL: SHOW COLUMNS FROM `message` [ RunTime:0.0003s ]
SQL: SHOW COLUMNS FROM `barrage_msg` [ RunTime:0.0003s ]
SQL: SELECT * FROM `barrage_msg` WHERE ( `messageId` > '98' AND `messageId` < 101  )  [ RunTime:0.0003s ]
INFO: [ app_end ] --START--
INFO: Run Behavior\ShowPageTraceBehavior [ RunTime:0.000268s ]
INFO: [ app_end ] --END-- [ RunTime:0.000293s ]

[ 2016-05-21T00:55:50+08:00 ] 192.168.2.105 /Stock/index.php?m=Home&c=Index&a=getMessage&startId=100
INFO: [ app_init ] --START--
INFO: Run Behavior\BuildLiteBehavior [ RunTime:0.000008s ]
INFO: [ app_init ] --END-- [ RunTime:0.000182s ]
INFO: [ app_begin ] --START--
INFO: Run Behavior\ReadHtmlCacheBehavior [ RunTime:0.000222s ]
INFO: [ app_begin ] --END-- [ RunTime:0.000246s ]
SQL: SHOW COLUMNS FROM `message` [ RunTime:0.0003s ]
SQL: SHOW COLUMNS FROM `barrage_msg` [ RunTime:0.0003s ]
SQL: SELECT * FROM `barrage_msg` WHERE ( `messageId` > '100' AND `messageId` < 103  )  [ RunTime:0.0003s ]
INFO: [ app_end ] --START--
INFO: Run Behavior\ShowPageTraceBehavior [ RunTime:0.000259s ]
INFO: [ app_end ] --END-- [ RunTime:0.000284s ]

[ 2016-05-21T00:55:53+08:00 ] 192.168.2.105 /Stock/index.php?m=Home&c=Index&a=getMessage&startId=102
INFO: [ app_init ] --START--
INFO: Run Behavior\BuildLiteBehavior [ RunTime:0.000009s ]
INFO: [ app_init ] --END-- [ RunTime:0.000187s ]
INFO: [ app_begin ] --START--
INFO: Run Behavior\ReadHtmlCacheBehavior [ RunTime:0.000225s ]
INFO: [ app_begin ] --END-- [ RunTime:0.000249s ]
SQL: SHOW COLUMNS FROM `message` [ RunTime:0.0004s ]
SQL: SHOW COLUMNS FROM `barrage_msg` [ RunTime:0.0003s ]
SQL: SELECT * FROM `barrage_msg` WHERE ( `messageId` > '102' AND `messageId` < 105  )  [ RunTime:0.0002s ]
INFO: [ app_end ] --START--
INFO: Run Behavior\ShowPageTraceBehavior [ RunTime:0.000337s ]
INFO: [ app_end ] --END-- [ RunTime:0.000364s ]

[ 2016-05-21T00:55:56+08:00 ] 192.168.2.105 /Stock/index.php?m=Home&c=Index&a=getMessage&startId=104
INFO: [ app_init ] --START--
INFO: Run Behavior\BuildLiteBehavior [ RunTime:0.000011s ]
INFO: [ app_init ] --END-- [ RunTime:0.000203s ]
INFO: [ app_begin ] --START--
INFO: Run Behavior\ReadHtmlCacheBehavior [ RunTime:0.000227s ]
INFO: [ app_begin ] --END-- [ RunTime:0.000251s ]
SQL: SHOW COLUMNS FROM `message` [ RunTime:0.0004s ]
SQL: SHOW COLUMNS FROM `barrage_msg` [ RunTime:0.0003s ]
SQL: SELECT * FROM `barrage_msg` WHERE ( `messageId` > '104' AND `messageId` < 107  )  [ RunTime:0.0003s ]
INFO: [ app_end ] --START--
INFO: Run Behavior\ShowPageTraceBehavior [ RunTime:0.000312s ]
INFO: [ app_end ] --END-- [ RunTime:0.000339s ]

[ 2016-05-21T00:55:59+08:00 ] 192.168.2.105 /Stock/index.php?m=Home&c=Index&a=getMessage&startId=106
INFO: [ app_init ] --START--
INFO: Run Behavior\BuildLiteBehavior [ RunTime:0.000008s ]
INFO: [ app_init ] --END-- [ RunTime:0.000199s ]
INFO: [ app_begin ] --START--
INFO: Run Behavior\ReadHtmlCacheBehavior [ RunTime:0.000259s ]
INFO: [ app_begin ] --END-- [ RunTime:0.000284s ]
SQL: SHOW COLUMNS FROM `message` [ RunTime:0.0004s ]
SQL: SHOW COLUMNS FROM `barrage_msg` [ RunTime:0.0003s ]
SQL: SELECT * FROM `barrage_msg` WHERE ( `messageId` > '106' AND `messageId` < 109  )  [ RunTime:0.0003s ]
INFO: [ app_end ] --START--
INFO: Run Behavior\ShowPageTraceBehavior [ RunTime:0.000258s ]
INFO: [ app_end ] --END-- [ RunTime:0.000284s ]

[ 2016-05-21T00:56:02+08:00 ] 192.168.2.105 /Stock/index.php?m=Home&c=Index&a=getMessage&startId=108
INFO: [ app_init ] --START--
INFO: Run Behavior\BuildLiteBehavior [ RunTime:0.000009s ]
INFO: [ app_init ] --END-- [ RunTime:0.000197s ]
INFO: [ app_begin ] --START--
INFO: Run Behavior\ReadHtmlCacheBehavior [ RunTime:0.000232s ]
INFO: [ app_begin ] --END-- [ RunTime:0.000258s ]
SQL: SHOW COLUMNS FROM `message` [ RunTime:0.0003s ]
SQL: SHOW COLUMNS FROM `barrage_msg` [ RunTime:0.0003s ]
SQL: SELECT * FROM `barrage_msg` WHERE ( `messageId` > '108' AND `messageId` < 111  )  [ RunTime:0.0002s ]
INFO: [ app_end ] --START--
INFO: Run Behavior\ShowPageTraceBehavior [ RunTime:0.000292s ]
INFO: [ app_end ] --END-- [ RunTime:0.000319s ]

[ 2016-05-21T00:56:05+08:00 ] 192.168.2.105 /Stock/index.php?m=Home&c=Index&a=getMessage&startId=110
INFO: [ app_init ] --START--
INFO: Run Behavior\BuildLiteBehavior [ RunTime:0.000012s ]
INFO: [ app_init ] --END-- [ RunTime:0.000307s ]
INFO: [ app_begin ] --START--
INFO: Run Behavior\ReadHtmlCacheBehavior [ RunTime:0.000277s ]
INFO: [ app_begin ] --END-- [ RunTime:0.000307s ]
SQL: SHOW COLUMNS FROM `message` [ RunTime:0.0003s ]
SQL: SHOW COLUMNS FROM `barrage_msg` [ RunTime:0.0003s ]
SQL: SELECT * FROM `barrage_msg` WHERE ( `messageId` > '110' AND `messageId` < 113  )  [ RunTime:0.0002s ]
INFO: [ app_end ] --START--
INFO: Run Behavior\ShowPageTraceBehavior [ RunTime:0.000266s ]
INFO: [ app_end ] --END-- [ RunTime:0.000291s ]

[ 2016-05-21T00:56:08+08:00 ] 192.168.2.105 /Stock/index.php?m=Home&c=Index&a=getMessage&startId=112
INFO: [ app_init ] --START--
INFO: Run Behavior\BuildLiteBehavior [ RunTime:0.000010s ]
INFO: [ app_init ] --END-- [ RunTime:0.000288s ]
INFO: [ app_begin ] --START--
INFO: Run Behavior\ReadHtmlCacheBehavior [ RunTime:0.000218s ]
INFO: [ app_begin ] --END-- [ RunTime:0.000244s ]
SQL: SHOW COLUMNS FROM `message` [ RunTime:0.0004s ]
SQL: SHOW COLUMNS FROM `barrage_msg` [ RunTime:0.0003s ]
SQL: SELECT * FROM `barrage_msg` WHERE ( `messageId` > '112' AND `messageId` < 115  )  [ RunTime:0.0003s ]
INFO: [ app_end ] --START--
INFO: Run Behavior\ShowPageTraceBehavior [ RunTime:0.000300s ]
INFO: [ app_end ] --END-- [ RunTime:0.000329s ]

[ 2016-05-21T00:56:10+08:00 ] 192.168.2.105 /Stock/index.php?m=Home&c=Index&a=getMessage&startId=114
INFO: [ app_init ] --START--
INFO: Run Behavior\BuildLiteBehavior [ RunTime:0.000010s ]
INFO: [ app_init ] --END-- [ RunTime:0.000226s ]
INFO: [ app_begin ] --START--
INFO: Run Behavior\ReadHtmlCacheBehavior [ RunTime:0.000226s ]
INFO: [ app_begin ] --END-- [ RunTime:0.000249s ]
SQL: SHOW COLUMNS FROM `message` [ RunTime:0.0003s ]
SQL: SHOW COLUMNS FROM `barrage_msg` [ RunTime:0.0004s ]
SQL: SELECT * FROM `barrage_msg` WHERE ( `messageId` > '114' AND `messageId` < 117  )  [ RunTime:0.0003s ]
INFO: [ app_end ] --START--
INFO: Run Behavior\ShowPageTraceBehavior [ RunTime:0.000385s ]
INFO: [ app_end ] --END-- [ RunTime:0.000423s ]

[ 2016-05-21T00:56:13+08:00 ] 192.168.2.105 /Stock/index.php?m=Home&c=Index&a=getMessage&startId=116
INFO: [ app_init ] --START--
INFO: Run Behavior\BuildLiteBehavior [ RunTime:0.000008s ]
INFO: [ app_init ] --END-- [ RunTime:0.000173s ]
INFO: [ app_begin ] --START--
INFO: Run Behavior\ReadHtmlCacheBehavior [ RunTime:0.000221s ]
INFO: [ app_begin ] --END-- [ RunTime:0.000245s ]
SQL: SHOW COLUMNS FROM `message` [ RunTime:0.0004s ]
SQL: SHOW COLUMNS FROM `barrage_msg` [ RunTime:0.0003s ]
SQL: SELECT * FROM `barrage_msg` WHERE ( `messageId` > '116' AND `messageId` < 119  )  [ RunTime:0.0002s ]
INFO: [ app_end ] --START--
INFO: Run Behavior\ShowPageTraceBehavior [ RunTime:0.000367s ]
INFO: [ app_end ] --END-- [ RunTime:0.000401s ]

[ 2016-05-21T00:56:17+08:00 ] 192.168.2.105 /Stock/index.php?m=Home&c=Index&a=getMessage&startId=118
INFO: [ app_init ] --START--
INFO: Run Behavior\BuildLiteBehavior [ RunTime:0.000008s ]
INFO: [ app_init ] --END-- [ RunTime:0.000169s ]
INFO: [ app_begin ] --START--
INFO: Run Behavior\ReadHtmlCacheBehavior [ RunTime:0.000209s ]
INFO: [ app_begin ] --END-- [ RunTime:0.000231s ]
SQL: SHOW COLUMNS FROM `message` [ RunTime:0.0004s ]
SQL: SHOW COLUMNS FROM `barrage_msg` [ RunTime:0.0003s ]
SQL: SELECT * FROM `barrage_msg` WHERE ( `messageId` > '118' AND `messageId` < 121  )  [ RunTime:0.0003s ]
INFO: [ app_end ] --START--
INFO: Run Behavior\ShowPageTraceBehavior [ RunTime:0.000270s ]
INFO: [ app_end ] --END-- [ RunTime:0.000294s ]

[ 2016-05-21T00:56:20+08:00 ] 192.168.2.105 /Stock/index.php?m=Home&c=Index&a=getMessage&startId=120
INFO: [ app_init ] --START--
INFO: Run Behavior\BuildLiteBehavior [ RunTime:0.000009s ]
INFO: [ app_init ] --END-- [ RunTime:0.000200s ]
INFO: [ app_begin ] --START--
INFO: Run Behavior\ReadHtmlCacheBehavior [ RunTime:0.000255s ]
INFO: [ app_begin ] --END-- [ RunTime:0.000281s ]
SQL: SHOW COLUMNS FROM `message` [ RunTime:0.0004s ]
SQL: SHOW COLUMNS FROM `barrage_msg` [ RunTime:0.0003s ]
SQL: SELECT * FROM `barrage_msg` WHERE ( `messageId` > '120' AND `messageId` < 123  )  [ RunTime:0.0003s ]
INFO: [ app_end ] --START--
INFO: Run Behavior\ShowPageTraceBehavior [ RunTime:0.000260s ]
INFO: [ app_end ] --END-- [ RunTime:0.000284s ]

[ 2016-05-21T00:56:23+08:00 ] 192.168.2.105 /Stock/index.php?m=Home&c=Index&a=getMessage&startId=122
INFO: [ app_init ] --START--
INFO: Run Behavior\BuildLiteBehavior [ RunTime:0.000009s ]
INFO: [ app_init ] --END-- [ RunTime:0.000208s ]
INFO: [ app_begin ] --START--
INFO: Run Behavior\ReadHtmlCacheBehavior [ RunTime:0.000223s ]
INFO: [ app_begin ] --END-- [ RunTime:0.000247s ]
SQL: SHOW COLUMNS FROM `message` [ RunTime:0.0004s ]
SQL: SHOW COLUMNS FROM `barrage_msg` [ RunTime:0.0004s ]
SQL: SELECT * FROM `barrage_msg` WHERE ( `messageId` > '122' AND `messageId` < 125  )  [ RunTime:0.0003s ]
INFO: [ app_end ] --START--
INFO: Run Behavior\ShowPageTraceBehavior [ RunTime:0.000462s ]
INFO: [ app_end ] --END-- [ RunTime:0.000499s ]

[ 2016-05-21T00:56:26+08:00 ] 192.168.2.105 /Stock/index.php?m=Home&c=Index&a=getMessage&startId=124
INFO: [ app_init ] --START--
INFO: Run Behavior\BuildLiteBehavior [ RunTime:0.000008s ]
INFO: [ app_init ] --END-- [ RunTime:0.000175s ]
INFO: [ app_begin ] --START--
INFO: Run Behavior\ReadHtmlCacheBehavior [ RunTime:0.000216s ]
INFO: [ app_begin ] --END-- [ RunTime:0.000239s ]
SQL: SHOW COLUMNS FROM `message` [ RunTime:0.0004s ]
SQL: SHOW COLUMNS FROM `barrage_msg` [ RunTime:0.0002s ]
SQL: SELECT * FROM `barrage_msg` WHERE ( `messageId` > '124' AND `messageId` < 127  )  [ RunTime:0.0002s ]
INFO: [ app_end ] --START--
INFO: Run Behavior\ShowPageTraceBehavior [ RunTime:0.000275s ]
INFO: [ app_end ] --END-- [ RunTime:0.000301s ]

[ 2016-05-21T00:56:29+08:00 ] 192.168.2.105 /Stock/index.php?m=Home&c=Index&a=getMessage&startId=126
INFO: [ app_init ] --START--
INFO: Run Behavior\BuildLiteBehavior [ RunTime:0.000008s ]
INFO: [ app_init ] --END-- [ RunTime:0.000171s ]
INFO: [ app_begin ] --START--
INFO: Run Behavior\ReadHtmlCacheBehavior [ RunTime:0.000223s ]
INFO: [ app_begin ] --END-- [ RunTime:0.000246s ]
SQL: SHOW COLUMNS FROM `message` [ RunTime:0.0004s ]
SQL: SHOW COLUMNS FROM `barrage_msg` [ RunTime:0.0003s ]
SQL: SELECT * FROM `barrage_msg` WHERE ( `messageId` > '126' AND `messageId` < 129  )  [ RunTime:0.0002s ]
INFO: [ app_end ] --START--
INFO: Run Behavior\ShowPageTraceBehavior [ RunTime:0.000338s ]
INFO: [ app_end ] --END-- [ RunTime:0.000365s ]

[ 2016-05-21T00:56:32+08:00 ] 192.168.2.105 /Stock/index.php?m=Home&c=Index&a=getMessage&startId=128
INFO: [ app_init ] --START--
INFO: Run Behavior\BuildLiteBehavior [ RunTime:0.000009s ]
INFO: [ app_init ] --END-- [ RunTime:0.000209s ]
INFO: [ app_begin ] --START--
INFO: Run Behavior\ReadHtmlCacheBehavior [ RunTime:0.000254s ]
INFO: [ app_begin ] --END-- [ RunTime:0.000281s ]
SQL: SHOW COLUMNS FROM `message` [ RunTime:0.0004s ]
SQL: SHOW COLUMNS FROM `barrage_msg` [ RunTime:0.0003s ]
SQL: SELECT * FROM `barrage_msg` WHERE ( `messageId` > '128' AND `messageId` < 131  )  [ RunTime:0.0002s ]
INFO: [ app_end ] --START--
INFO: Run Behavior\ShowPageTraceBehavior [ RunTime:0.000322s ]
INFO: [ app_end ] --END-- [ RunTime:0.000349s ]

[ 2016-05-21T00:56:35+08:00 ] 192.168.2.105 /Stock/index.php?m=Home&c=Index&a=getMessage&startId=130
INFO: [ app_init ] --START--
INFO: Run Behavior\BuildLiteBehavior [ RunTime:0.000010s ]
INFO: [ app_init ] --END-- [ RunTime:0.000206s ]
INFO: [ app_begin ] --START--
INFO: Run Behavior\ReadHtmlCacheBehavior [ RunTime:0.000250s ]
INFO: [ app_begin ] --END-- [ RunTime:0.000275s ]
SQL: SHOW COLUMNS FROM `message` [ RunTime:0.0004s ]
SQL: SHOW COLUMNS FROM `barrage_msg` [ RunTime:0.0003s ]
SQL: SELECT * FROM `barrage_msg` WHERE ( `messageId` > '130' AND `messageId` < 133  )  [ RunTime:0.0003s ]
INFO: [ app_end ] --START--
INFO: Run Behavior\ShowPageTraceBehavior [ RunTime:0.000299s ]
INFO: [ app_end ] --END-- [ RunTime:0.000326s ]

[ 2016-05-21T00:56:38+08:00 ] 192.168.2.105 /Stock/index.php?m=Home&c=Index&a=getMessage&startId=132
INFO: [ app_init ] --START--
INFO: Run Behavior\BuildLiteBehavior [ RunTime:0.000007s ]
INFO: [ app_init ] --END-- [ RunTime:0.000181s ]
INFO: [ app_begin ] --START--
INFO: Run Behavior\ReadHtmlCacheBehavior [ RunTime:0.000221s ]
INFO: [ app_begin ] --END-- [ RunTime:0.000245s ]
SQL: SHOW COLUMNS FROM `message` [ RunTime:0.0003s ]
SQL: SHOW COLUMNS FROM `barrage_msg` [ RunTime:0.0004s ]
SQL: SELECT * FROM `barrage_msg` WHERE ( `messageId` > '132' AND `messageId` < 135  )  [ RunTime:0.0003s ]
INFO: [ app_end ] --START--
INFO: Run Behavior\ShowPageTraceBehavior [ RunTime:0.000418s ]
INFO: [ app_end ] --END-- [ RunTime:0.000449s ]

[ 2016-05-21T00:56:41+08:00 ] 192.168.2.105 /Stock/index.php?m=Home&c=Index&a=getMessage&startId=134
INFO: [ app_init ] --START--
INFO: Run Behavior\BuildLiteBehavior [ RunTime:0.000008s ]
INFO: [ app_init ] --END-- [ RunTime:0.000183s ]
INFO: [ app_begin ] --START--
INFO: Run Behavior\ReadHtmlCacheBehavior [ RunTime:0.000215s ]
INFO: [ app_begin ] --END-- [ RunTime:0.000239s ]
SQL: SHOW COLUMNS FROM `message` [ RunTime:0.0004s ]
SQL: SHOW COLUMNS FROM `barrage_msg` [ RunTime:0.0003s ]
SQL: SELECT * FROM `barrage_msg` WHERE ( `messageId` > '134' AND `messageId` < 137  )  [ RunTime:0.0003s ]
INFO: [ app_end ] --START--
INFO: Run Behavior\ShowPageTraceBehavior [ RunTime:0.000262s ]
INFO: [ app_end ] --END-- [ RunTime:0.000287s ]

[ 2016-05-21T00:56:44+08:00 ] 192.168.2.105 /Stock/index.php?m=Home&c=Index&a=getMessage&startId=136
INFO: [ app_init ] --START--
INFO: Run Behavior\BuildLiteBehavior [ RunTime:0.000010s ]
INFO: [ app_init ] --END-- [ RunTime:0.000208s ]
INFO: [ app_begin ] --START--
INFO: Run Behavior\ReadHtmlCacheBehavior [ RunTime:0.000255s ]
INFO: [ app_begin ] --END-- [ RunTime:0.000283s ]
SQL: SHOW COLUMNS FROM `message` [ RunTime:0.0004s ]
SQL: SHOW COLUMNS FROM `barrage_msg` [ RunTime:0.0003s ]
SQL: SELECT * FROM `barrage_msg` WHERE ( `messageId` > '136' AND `messageId` < 139  )  [ RunTime:0.0003s ]
INFO: [ app_end ] --START--
INFO: Run Behavior\ShowPageTraceBehavior [ RunTime:0.000335s ]
INFO: [ app_end ] --END-- [ RunTime:0.000368s ]

[ 2016-05-21T00:56:47+08:00 ] 192.168.2.105 /Stock/index.php?m=Home&c=Index&a=getMessage&startId=138
INFO: [ app_init ] --START--
INFO: Run Behavior\BuildLiteBehavior [ RunTime:0.000010s ]
INFO: [ app_init ] --END-- [ RunTime:0.000210s ]
INFO: [ app_begin ] --START--
INFO: Run Behavior\ReadHtmlCacheBehavior [ RunTime:0.000268s ]
INFO: [ app_begin ] --END-- [ RunTime:0.000299s ]
SQL: SHOW COLUMNS FROM `message` [ RunTime:0.0004s ]
SQL: SHOW COLUMNS FROM `barrage_msg` [ RunTime:0.0003s ]
SQL: SELECT * FROM `barrage_msg` WHERE ( `messageId` > '138' AND `messageId` < 141  )  [ RunTime:0.0003s ]
INFO: [ app_end ] --START--
INFO: Run Behavior\ShowPageTraceBehavior [ RunTime:0.000261s ]
INFO: [ app_end ] --END-- [ RunTime:0.000285s ]

[ 2016-05-21T00:56:50+08:00 ] 192.168.2.105 /Stock/index.php?m=Home&c=Index&a=getMessage&startId=140
INFO: [ app_init ] --START--
INFO: Run Behavior\BuildLiteBehavior [ RunTime:0.000009s ]
INFO: [ app_init ] --END-- [ RunTime:0.000218s ]
INFO: [ app_begin ] --START--
INFO: Run Behavior\ReadHtmlCacheBehavior [ RunTime:0.000277s ]
INFO: [ app_begin ] --END-- [ RunTime:0.000305s ]
SQL: SHOW COLUMNS FROM `message` [ RunTime:0.0004s ]
SQL: SHOW COLUMNS FROM `barrage_msg` [ RunTime:0.0003s ]
SQL: SELECT * FROM `barrage_msg` WHERE ( `messageId` > '140' AND `messageId` < 143  )  [ RunTime:0.0003s ]
INFO: [ app_end ] --START--
INFO: Run Behavior\ShowPageTraceBehavior [ RunTime:0.000302s ]
INFO: [ app_end ] --END-- [ RunTime:0.000330s ]

[ 2016-05-21T00:56:53+08:00 ] 192.168.2.105 /Stock/index.php?m=Home&c=Index&a=getMessage&startId=142
INFO: [ app_init ] --START--
INFO: Run Behavior\BuildLiteBehavior [ RunTime:0.000010s ]
INFO: [ app_init ] --END-- [ RunTime:0.000217s ]
INFO: [ app_begin ] --START--
INFO: Run Behavior\ReadHtmlCacheBehavior [ RunTime:0.000264s ]
INFO: [ app_begin ] --END-- [ RunTime:0.000293s ]
SQL: SHOW COLUMNS FROM `message` [ RunTime:0.0003s ]
SQL: SHOW COLUMNS FROM `barrage_msg` [ RunTime:0.0003s ]
SQL: SELECT * FROM `barrage_msg` WHERE ( `messageId` > '142' AND `messageId` < 145  )  [ RunTime:0.0002s ]
INFO: [ app_end ] --START--
INFO: Run Behavior\ShowPageTraceBehavior [ RunTime:0.000328s ]
INFO: [ app_end ] --END-- [ RunTime:0.000355s ]

[ 2016-05-21T00:56:56+08:00 ] 192.168.2.105 /Stock/index.php?m=Home&c=Index&a=getMessage&startId=144
INFO: [ app_init ] --START--
INFO: Run Behavior\BuildLiteBehavior [ RunTime:0.000009s ]
INFO: [ app_init ] --END-- [ RunTime:0.000204s ]
INFO: [ app_begin ] --START--
INFO: Run Behavior\ReadHtmlCacheBehavior [ RunTime:0.000246s ]
INFO: [ app_begin ] --END-- [ RunTime:0.000274s ]
SQL: SHOW COLUMNS FROM `message` [ RunTime:0.0004s ]
SQL: SHOW COLUMNS FROM `barrage_msg` [ RunTime:0.0003s ]
SQL: SELECT * FROM `barrage_msg` WHERE ( `messageId` > '144' AND `messageId` < 147  )  [ RunTime:0.0003s ]
INFO: [ app_end ] --START--
INFO: Run Behavior\ShowPageTraceBehavior [ RunTime:0.000255s ]
INFO: [ app_end ] --END-- [ RunTime:0.000280s ]

[ 2016-05-21T00:56:59+08:00 ] 192.168.2.105 /Stock/index.php?m=Home&c=Index&a=getMessage&startId=146
INFO: [ app_init ] --START--
INFO: Run Behavior\BuildLiteBehavior [ RunTime:0.000008s ]
INFO: [ app_init ] --END-- [ RunTime:0.000201s ]
INFO: [ app_begin ] --START--
INFO: Run Behavior\ReadHtmlCacheBehavior [ RunTime:0.000279s ]
INFO: [ app_begin ] --END-- [ RunTime:0.000306s ]
SQL: SHOW COLUMNS FROM `message` [ RunTime:0.0003s ]
SQL: SHOW COLUMNS FROM `barrage_msg` [ RunTime:0.0003s ]
SQL: SELECT * FROM `barrage_msg` WHERE ( `messageId` > '146' AND `messageId` < 149  )  [ RunTime:0.0003s ]
INFO: [ app_end ] --START--
INFO: Run Behavior\ShowPageTraceBehavior [ RunTime:0.000265s ]
INFO: [ app_end ] --END-- [ RunTime:0.000289s ]

[ 2016-05-21T00:57:02+08:00 ] 192.168.2.105 /Stock/index.php?m=Home&c=Index&a=getMessage&startId=148
INFO: [ app_init ] --START--
INFO: Run Behavior\BuildLiteBehavior [ RunTime:0.000008s ]
INFO: [ app_init ] --END-- [ RunTime:0.000185s ]
INFO: [ app_begin ] --START--
INFO: Run Behavior\ReadHtmlCacheBehavior [ RunTime:0.000212s ]
INFO: [ app_begin ] --END-- [ RunTime:0.000235s ]
SQL: SHOW COLUMNS FROM `message` [ RunTime:0.0004s ]
SQL: SHOW COLUMNS FROM `barrage_msg` [ RunTime:0.0004s ]
SQL: SELECT * FROM `barrage_msg` WHERE ( `messageId` > '148' AND `messageId` < 151  )  [ RunTime:0.0002s ]
INFO: [ app_end ] --START--
INFO: Run Behavior\ShowPageTraceBehavior [ RunTime:0.000298s ]
INFO: [ app_end ] --END-- [ RunTime:0.000354s ]

[ 2016-05-21T00:57:05+08:00 ] 192.168.2.105 /Stock/index.php?m=Home&c=Index&a=getMessage&startId=150
INFO: [ app_init ] --START--
INFO: Run Behavior\BuildLiteBehavior [ RunTime:0.000009s ]
INFO: [ app_init ] --END-- [ RunTime:0.000194s ]
INFO: [ app_begin ] --START--
INFO: Run Behavior\ReadHtmlCacheBehavior [ RunTime:0.000222s ]
INFO: [ app_begin ] --END-- [ RunTime:0.000246s ]
SQL: SHOW COLUMNS FROM `message` [ RunTime:0.0003s ]
SQL: SHOW COLUMNS FROM `barrage_msg` [ RunTime:0.0003s ]
SQL: SELECT * FROM `barrage_msg` WHERE ( `messageId` > '150' AND `messageId` < 153  )  [ RunTime:0.0004s ]
INFO: [ app_end ] --START--
INFO: Run Behavior\ShowPageTraceBehavior [ RunTime:0.000372s ]
INFO: [ app_end ] --END-- [ RunTime:0.000404s ]

[ 2016-05-21T00:57:08+08:00 ] 192.168.2.105 /Stock/index.php?m=Home&c=Index&a=getMessage&startId=152
INFO: [ app_init ] --START--
INFO: Run Behavior\BuildLiteBehavior [ RunTime:0.000008s ]
INFO: [ app_init ] --END-- [ RunTime:0.000168s ]
INFO: [ app_begin ] --START--
INFO: Run Behavior\ReadHtmlCacheBehavior [ RunTime:0.000210s ]
INFO: [ app_begin ] --END-- [ RunTime:0.000232s ]
SQL: SHOW COLUMNS FROM `message` [ RunTime:0.0004s ]
SQL: SHOW COLUMNS FROM `barrage_msg` [ RunTime:0.0006s ]
SQL: SELECT * FROM `barrage_msg` WHERE ( `messageId` > '152' AND `messageId` < 155  )  [ RunTime:0.0003s ]
INFO: [ app_end ] --START--
INFO: Run Behavior\ShowPageTraceBehavior [ RunTime:0.000349s ]
INFO: [ app_end ] --END-- [ RunTime:0.000379s ]

[ 2016-05-21T00:57:11+08:00 ] 192.168.2.105 /Stock/index.php?m=Home&c=Index&a=getMessage&startId=154
INFO: [ app_init ] --START--
INFO: Run Behavior\BuildLiteBehavior [ RunTime:0.000009s ]
INFO: [ app_init ] --END-- [ RunTime:0.000201s ]
INFO: [ app_begin ] --START--
INFO: Run Behavior\ReadHtmlCacheBehavior [ RunTime:0.000229s ]
INFO: [ app_begin ] --END-- [ RunTime:0.000255s ]
SQL: SHOW COLUMNS FROM `message` [ RunTime:0.0004s ]
SQL: SHOW COLUMNS FROM `barrage_msg` [ RunTime:0.0004s ]
SQL: SELECT * FROM `barrage_msg` WHERE ( `messageId` > '154' AND `messageId` < 157  )  [ RunTime:0.0003s ]
INFO: [ app_end ] --START--
INFO: Run Behavior\ShowPageTraceBehavior [ RunTime:0.000267s ]
INFO: [ app_end ] --END-- [ RunTime:0.000292s ]

[ 2016-05-21T00:57:14+08:00 ] 192.168.2.105 /Stock/index.php?m=Home&c=Index&a=getMessage&startId=156
INFO: [ app_init ] --START--
INFO: Run Behavior\BuildLiteBehavior [ RunTime:0.000010s ]
INFO: [ app_init ] --END-- [ RunTime:0.000202s ]
INFO: [ app_begin ] --START--
INFO: Run Behavior\ReadHtmlCacheBehavior [ RunTime:0.000247s ]
INFO: [ app_begin ] --END-- [ RunTime:0.000274s ]
SQL: SHOW COLUMNS FROM `message` [ RunTime:0.0004s ]
SQL: SHOW COLUMNS FROM `barrage_msg` [ RunTime:0.0003s ]
SQL: SELECT * FROM `barrage_msg` WHERE ( `messageId` > '156' AND `messageId` < 159  )  [ RunTime:0.0002s ]
INFO: [ app_end ] --START--
INFO: Run Behavior\ShowPageTraceBehavior [ RunTime:0.000311s ]
INFO: [ app_end ] --END-- [ RunTime:0.000343s ]

[ 2016-05-21T00:57:17+08:00 ] 192.168.2.105 /Stock/index.php?m=Home&c=Index&a=getMessage&startId=158
INFO: [ app_init ] --START--
INFO: Run Behavior\BuildLiteBehavior [ RunTime:0.000008s ]
INFO: [ app_init ] --END-- [ RunTime:0.000185s ]
INFO: [ app_begin ] --START--
INFO: Run Behavior\ReadHtmlCacheBehavior [ RunTime:0.000225s ]
INFO: [ app_begin ] --END-- [ RunTime:0.000250s ]
SQL: SHOW COLUMNS FROM `message` [ RunTime:0.0004s ]
SQL: SHOW COLUMNS FROM `barrage_msg` [ RunTime:0.0003s ]
SQL: SELECT * FROM `barrage_msg` WHERE ( `messageId` > '158' AND `messageId` < 161  )  [ RunTime:0.0003s ]
INFO: [ app_end ] --START--
INFO: Run Behavior\ShowPageTraceBehavior [ RunTime:0.000255s ]
INFO: [ app_end ] --END-- [ RunTime:0.000279s ]

[ 2016-05-21T00:57:19+08:00 ] 192.168.2.105 /Stock/index.php?m=Home&c=Index&a=getMessage&startId=160
INFO: [ app_init ] --START--
INFO: Run Behavior\BuildLiteBehavior [ RunTime:0.000009s ]
INFO: [ app_init ] --END-- [ RunTime:0.000207s ]
INFO: [ app_begin ] --START--
INFO: Run Behavior\ReadHtmlCacheBehavior [ RunTime:0.000244s ]
INFO: [ app_begin ] --END-- [ RunTime:0.000270s ]
SQL: SHOW COLUMNS FROM `message` [ RunTime:0.0003s ]
SQL: SHOW COLUMNS FROM `barrage_msg` [ RunTime:0.0003s ]
SQL: SELECT * FROM `barrage_msg` WHERE ( `messageId` > '160' AND `messageId` < 163  )  [ RunTime:0.0002s ]
INFO: [ app_end ] --START--
INFO: Run Behavior\ShowPageTraceBehavior [ RunTime:0.000296s ]
INFO: [ app_end ] --END-- [ RunTime:0.000324s ]

[ 2016-05-21T00:57:22+08:00 ] 192.168.2.105 /Stock/index.php?m=Home&c=Index&a=getMessage&startId=162
INFO: [ app_init ] --START--
INFO: Run Behavior\BuildLiteBehavior [ RunTime:0.000007s ]
INFO: [ app_init ] --END-- [ RunTime:0.000167s ]
INFO: [ app_begin ] --START--
INFO: Run Behavior\ReadHtmlCacheBehavior [ RunTime:0.000203s ]
INFO: [ app_begin ] --END-- [ RunTime:0.000226s ]
SQL: SHOW COLUMNS FROM `message` [ RunTime:0.0003s ]
SQL: SHOW COLUMNS FROM `barrage_msg` [ RunTime:0.0003s ]
SQL: SELECT * FROM `barrage_msg` WHERE ( `messageId` > '162' AND `messageId` < 165  )  [ RunTime:0.0002s ]
INFO: [ app_end ] --START--
INFO: Run Behavior\ShowPageTraceBehavior [ RunTime:0.000241s ]
INFO: [ app_end ] --END-- [ RunTime:0.000265s ]

[ 2016-05-21T00:57:26+08:00 ] 192.168.2.105 /Stock/index.php?m=Home&c=Index&a=getMessage&startId=164
INFO: [ app_init ] --START--
INFO: Run Behavior\BuildLiteBehavior [ RunTime:0.000009s ]
INFO: [ app_init ] --END-- [ RunTime:0.000243s ]
INFO: [ app_begin ] --START--
INFO: Run Behavior\ReadHtmlCacheBehavior [ RunTime:0.000246s ]
INFO: [ app_begin ] --END-- [ RunTime:0.000273s ]
SQL: SHOW COLUMNS FROM `message` [ RunTime:0.0003s ]
SQL: SHOW COLUMNS FROM `barrage_msg` [ RunTime:0.0003s ]
SQL: SELECT * FROM `barrage_msg` WHERE ( `messageId` > '164' AND `messageId` < 167  )  [ RunTime:0.0003s ]
INFO: [ app_end ] --START--
INFO: Run Behavior\ShowPageTraceBehavior [ RunTime:0.000257s ]
INFO: [ app_end ] --END-- [ RunTime:0.000282s ]

[ 2016-05-21T00:57:29+08:00 ] 192.168.2.105 /Stock/index.php?m=Home&c=Index&a=getMessage&startId=166
INFO: [ app_init ] --START--
INFO: Run Behavior\BuildLiteBehavior [ RunTime:0.000009s ]
INFO: [ app_init ] --END-- [ RunTime:0.000197s ]
INFO: [ app_begin ] --START--
INFO: Run Behavior\ReadHtmlCacheBehavior [ RunTime:0.000244s ]
INFO: [ app_begin ] --END-- [ RunTime:0.000270s ]
SQL: SHOW COLUMNS FROM `message` [ RunTime:0.0004s ]
SQL: SHOW COLUMNS FROM `barrage_msg` [ RunTime:0.0003s ]
SQL: SELECT * FROM `barrage_msg` WHERE ( `messageId` > '166' AND `messageId` < 169  )  [ RunTime:0.0003s ]
INFO: [ app_end ] --START--
INFO: Run Behavior\ShowPageTraceBehavior [ RunTime:0.000290s ]
INFO: [ app_end ] --END-- [ RunTime:0.000316s ]

[ 2016-05-21T00:57:32+08:00 ] 192.168.2.105 /Stock/index.php?m=Home&c=Index&a=getMessage&startId=168
INFO: [ app_init ] --START--
INFO: Run Behavior\BuildLiteBehavior [ RunTime:0.000009s ]
INFO: [ app_init ] --END-- [ RunTime:0.000197s ]
INFO: [ app_begin ] --START--
INFO: Run Behavior\ReadHtmlCacheBehavior [ RunTime:0.000244s ]
INFO: [ app_begin ] --END-- [ RunTime:0.000271s ]
SQL: SHOW COLUMNS FROM `message` [ RunTime:0.0004s ]
SQL: SHOW COLUMNS FROM `barrage_msg` [ RunTime:0.0003s ]
SQL: SELECT * FROM `barrage_msg` WHERE ( `messageId` > '168' AND `messageId` < 171  )  [ RunTime:0.0003s ]
INFO: [ app_end ] --START--
INFO: Run Behavior\ShowPageTraceBehavior [ RunTime:0.000289s ]
INFO: [ app_end ] --END-- [ RunTime:0.000316s ]

[ 2016-05-21T00:57:35+08:00 ] 192.168.2.105 /Stock/index.php?m=Home&c=Index&a=getMessage&startId=170
INFO: [ app_init ] --START--
INFO: Run Behavior\BuildLiteBehavior [ RunTime:0.000009s ]
INFO: [ app_init ] --END-- [ RunTime:0.000202s ]
INFO: [ app_begin ] --START--
INFO: Run Behavior\ReadHtmlCacheBehavior [ RunTime:0.000248s ]
INFO: [ app_begin ] --END-- [ RunTime:0.000275s ]
SQL: SHOW COLUMNS FROM `message` [ RunTime:0.0004s ]
SQL: SHOW COLUMNS FROM `barrage_msg` [ RunTime:0.0003s ]
SQL: SELECT * FROM `barrage_msg` WHERE ( `messageId` > '170' AND `messageId` < 173  )  [ RunTime:0.0003s ]
INFO: [ app_end ] --START--
INFO: Run Behavior\ShowPageTraceBehavior [ RunTime:0.000296s ]
INFO: [ app_end ] --END-- [ RunTime:0.000322s ]

[ 2016-05-21T00:57:38+08:00 ] 192.168.2.105 /Stock/index.php?m=Home&c=Index&a=getMessage&startId=172
INFO: [ app_init ] --START--
INFO: Run Behavior\BuildLiteBehavior [ RunTime:0.000037s ]
INFO: [ app_init ] --END-- [ RunTime:0.000380s ]
INFO: [ app_begin ] --START--
INFO: Run Behavior\ReadHtmlCacheBehavior [ RunTime:0.000249s ]
INFO: [ app_begin ] --END-- [ RunTime:0.000277s ]
SQL: SHOW COLUMNS FROM `message` [ RunTime:0.0004s ]
SQL: SHOW COLUMNS FROM `barrage_msg` [ RunTime:0.0003s ]
SQL: SELECT * FROM `barrage_msg` WHERE ( `messageId` > '172' AND `messageId` < 175  )  [ RunTime:0.0003s ]
INFO: [ app_end ] --START--
INFO: Run Behavior\ShowPageTraceBehavior [ RunTime:0.000289s ]
INFO: [ app_end ] --END-- [ RunTime:0.000316s ]

[ 2016-05-21T00:57:41+08:00 ] 192.168.2.105 /Stock/index.php?m=Home&c=Index&a=getMessage&startId=174
INFO: [ app_init ] --START--
INFO: Run Behavior\BuildLiteBehavior [ RunTime:0.000009s ]
INFO: [ app_init ] --END-- [ RunTime:0.000199s ]
INFO: [ app_begin ] --START--
INFO: Run Behavior\ReadHtmlCacheBehavior [ RunTime:0.000248s ]
INFO: [ app_begin ] --END-- [ RunTime:0.000274s ]
SQL: SHOW COLUMNS FROM `message` [ RunTime:0.0004s ]
SQL: SHOW COLUMNS FROM `barrage_msg` [ RunTime:0.0003s ]
SQL: SELECT * FROM `barrage_msg` WHERE ( `messageId` > '174' AND `messageId` < 177  )  [ RunTime:0.0003s ]
INFO: [ app_end ] --START--
INFO: Run Behavior\ShowPageTraceBehavior [ RunTime:0.000291s ]
INFO: [ app_end ] --END-- [ RunTime:0.000317s ]

[ 2016-05-21T00:57:44+08:00 ] 192.168.2.105 /Stock/index.php?m=Home&c=Index&a=getMessage&startId=176
INFO: [ app_init ] --START--
INFO: Run Behavior\BuildLiteBehavior [ RunTime:0.000009s ]
INFO: [ app_init ] --END-- [ RunTime:0.000199s ]
INFO: [ app_begin ] --START--
INFO: Run Behavior\ReadHtmlCacheBehavior [ RunTime:0.000244s ]
INFO: [ app_begin ] --END-- [ RunTime:0.000272s ]
SQL: SHOW COLUMNS FROM `message` [ RunTime:0.0004s ]
SQL: SHOW COLUMNS FROM `barrage_msg` [ RunTime:0.0003s ]
SQL: SELECT * FROM `barrage_msg` WHERE ( `messageId` > '176' AND `messageId` < 179  )  [ RunTime:0.0003s ]
INFO: [ app_end ] --START--
INFO: Run Behavior\ShowPageTraceBehavior [ RunTime:0.000292s ]
INFO: [ app_end ] --END-- [ RunTime:0.000319s ]

[ 2016-05-21T03:57:48+08:00 ] 192.168.2.105 /Stock/index.php?m=Home&c=Index&a=getMessage&startId=178
INFO: [ app_init ] --START--
INFO: Run Behavior\BuildLiteBehavior [ RunTime:0.000012s ]
INFO: [ app_init ] --END-- [ RunTime:0.000292s ]
INFO: [ app_begin ] --START--
INFO: Run Behavior\ReadHtmlCacheBehavior [ RunTime:0.000368s ]
INFO: [ app_begin ] --END-- [ RunTime:0.000446s ]
SQL: SHOW COLUMNS FROM `message` [ RunTime:0.0004s ]
SQL: SHOW COLUMNS FROM `barrage_msg` [ RunTime:0.0004s ]
SQL: SELECT * FROM `barrage_msg` WHERE ( `messageId` > '178' AND `messageId` < 181  )  [ RunTime:0.0003s ]
INFO: [ app_end ] --START--
INFO: Run Behavior\ShowPageTraceBehavior [ RunTime:0.000468s ]
INFO: [ app_end ] --END-- [ RunTime:0.000514s ]

