[ 2016-05-08T13:53:15+08:00 ] 127.0.0.1 /Stock/index.php?m=Home&c=Index&a=index
INFO: [ app_init ] --START--
INFO: Run Behavior\BuildLiteBehavior [ RunTime:0.000016s ]
INFO: [ app_init ] --END-- [ RunTime:0.000722s ]

[ 2016-05-08T14:34:59+08:00 ] 172.33.12.161 /Stock/index.php?m=Home&c=Index&a=index
INFO: [ app_init ] --START--
INFO: Run Behavior\BuildLiteBehavior [ RunTime:0.000015s ]
INFO: [ app_init ] --END-- [ RunTime:0.000440s ]

[ 2016-05-08T14:35:50+08:00 ] 172.33.12.161 /Stock/index.php?m=Home&c=Index&a=index
INFO: [ app_init ] --START--
INFO: Run Behavior\BuildLiteBehavior [ RunTime:0.000015s ]
INFO: [ app_init ] --END-- [ RunTime:0.000370s ]

[ 2016-05-08T14:35:50+08:00 ] 172.33.12.161 /Stock/index.php?m=Home&c=Index&a=getMessage&startId=0
INFO: [ app_init ] --START--
INFO: Run Behavior\BuildLiteBehavior [ RunTime:0.000010s ]
INFO: [ app_init ] --END-- [ RunTime:0.000263s ]
INFO: [ app_begin ] --START--
INFO: Run Behavior\ReadHtmlCacheBehavior [ RunTime:0.000333s ]
INFO: [ app_begin ] --END-- [ RunTime:0.000375s ]
NOTIC: [2048] Declaration of Home\Controller\IndexController::show() should be compatible with Think\Controller::show($content, $charset = '', $contentType = '', $prefix = '') /Users/study/PHP/devspace/Stock/Home/Controller/IndexController.class.php 第 34 行.
SQL: SHOW COLUMNS FROM `message` [ RunTime:0.0058s ]
SQL: SHOW COLUMNS FROM `barrage_msg` [ RunTime:0.0005s ]
SQL: SELECT * FROM `barrage_msg` WHERE ( `messageId` > '0' AND `messageId` < 3  )  [ RunTime:0.0027s ]
INFO: [ app_end ] --START--
INFO: Run Behavior\ShowPageTraceBehavior [ RunTime:0.000448s ]
INFO: [ app_end ] --END-- [ RunTime:0.000490s ]

[ 2016-05-08T14:35:53+08:00 ] 172.33.12.161 /Stock/index.php?m=Home&c=Index&a=getMessage&startId=2
INFO: [ app_init ] --START--
INFO: Run Behavior\BuildLiteBehavior [ RunTime:0.000022s ]
INFO: [ app_init ] --END-- [ RunTime:0.000342s ]
INFO: [ app_begin ] --START--
INFO: Run Behavior\ReadHtmlCacheBehavior [ RunTime:0.000425s ]
INFO: [ app_begin ] --END-- [ RunTime:0.000479s ]
NOTIC: [2048] Declaration of Home\Controller\IndexController::show() should be compatible with Think\Controller::show($content, $charset = '', $contentType = '', $prefix = '') /Users/study/PHP/devspace/Stock/Home/Controller/IndexController.class.php 第 34 行.
SQL: SHOW COLUMNS FROM `message` [ RunTime:0.0004s ]
SQL: SHOW COLUMNS FROM `barrage_msg` [ RunTime:0.0005s ]
SQL: SELECT * FROM `barrage_msg` WHERE ( `messageId` > '2' AND `messageId` < 5  )  [ RunTime:0.0003s ]
INFO: [ app_end ] --START--
INFO: Run Behavior\ShowPageTraceBehavior [ RunTime:0.002672s ]
INFO: [ app_end ] --END-- [ RunTime:0.002742s ]

[ 2016-05-08T14:35:56+08:00 ] 172.33.12.161 /Stock/index.php?m=Home&c=Index&a=getMessage&startId=4
INFO: [ app_init ] --START--
INFO: Run Behavior\BuildLiteBehavior [ RunTime:0.000010s ]
INFO: [ app_init ] --END-- [ RunTime:0.000294s ]
INFO: [ app_begin ] --START--
INFO: Run Behavior\ReadHtmlCacheBehavior [ RunTime:0.000232s ]
INFO: [ app_begin ] --END-- [ RunTime:0.000257s ]
NOTIC: [2048] Declaration of Home\Controller\IndexController::show() should be compatible with Think\Controller::show($content, $charset = '', $contentType = '', $prefix = '') /Users/study/PHP/devspace/Stock/Home/Controller/IndexController.class.php 第 34 行.
SQL: SHOW COLUMNS FROM `message` [ RunTime:0.0009s ]
SQL: SHOW COLUMNS FROM `barrage_msg` [ RunTime:0.0005s ]
SQL: SELECT * FROM `barrage_msg` WHERE ( `messageId` > '4' AND `messageId` < 7  )  [ RunTime:0.0003s ]
INFO: [ app_end ] --START--
INFO: Run Behavior\ShowPageTraceBehavior [ RunTime:0.000420s ]
INFO: [ app_end ] --END-- [ RunTime:0.000456s ]

[ 2016-05-08T14:35:59+08:00 ] 172.33.12.161 /Stock/index.php?m=Home&c=Index&a=getMessage&startId=6
INFO: [ app_init ] --START--
INFO: Run Behavior\BuildLiteBehavior [ RunTime:0.000008s ]
INFO: [ app_init ] --END-- [ RunTime:0.000180s ]
INFO: [ app_begin ] --START--
INFO: Run Behavior\ReadHtmlCacheBehavior [ RunTime:0.000228s ]
INFO: [ app_begin ] --END-- [ RunTime:0.000251s ]
NOTIC: [2048] Declaration of Home\Controller\IndexController::show() should be compatible with Think\Controller::show($content, $charset = '', $contentType = '', $prefix = '') /Users/study/PHP/devspace/Stock/Home/Controller/IndexController.class.php 第 34 行.
SQL: SHOW COLUMNS FROM `message` [ RunTime:0.0006s ]
SQL: SHOW COLUMNS FROM `barrage_msg` [ RunTime:0.0003s ]
SQL: SELECT * FROM `barrage_msg` WHERE ( `messageId` > '6' AND `messageId` < 9  )  [ RunTime:0.0003s ]
INFO: [ app_end ] --START--
INFO: Run Behavior\ShowPageTraceBehavior [ RunTime:0.000370s ]
INFO: [ app_end ] --END-- [ RunTime:0.000404s ]

[ 2016-05-08T14:36:02+08:00 ] 172.33.12.161 /Stock/index.php?m=Home&c=Index&a=getMessage&startId=8
INFO: [ app_init ] --START--
INFO: Run Behavior\BuildLiteBehavior [ RunTime:0.000008s ]
INFO: [ app_init ] --END-- [ RunTime:0.000173s ]
INFO: [ app_begin ] --START--
INFO: Run Behavior\ReadHtmlCacheBehavior [ RunTime:0.000227s ]
INFO: [ app_begin ] --END-- [ RunTime:0.000251s ]
NOTIC: [2048] Declaration of Home\Controller\IndexController::show() should be compatible with Think\Controller::show($content, $charset = '', $contentType = '', $prefix = '') /Users/study/PHP/devspace/Stock/Home/Controller/IndexController.class.php 第 34 行.
SQL: SHOW COLUMNS FROM `message` [ RunTime:0.0005s ]
SQL: SHOW COLUMNS FROM `barrage_msg` [ RunTime:0.0004s ]
SQL: SELECT * FROM `barrage_msg` WHERE ( `messageId` > '8' AND `messageId` < 11  )  [ RunTime:0.0004s ]
INFO: [ app_end ] --START--
INFO: Run Behavior\ShowPageTraceBehavior [ RunTime:0.000457s ]
INFO: [ app_end ] --END-- [ RunTime:0.000497s ]

[ 2016-05-08T14:36:05+08:00 ] 172.33.12.161 /Stock/index.php?m=Home&c=Index&a=getMessage&startId=10
INFO: [ app_init ] --START--
INFO: Run Behavior\BuildLiteBehavior [ RunTime:0.000008s ]
INFO: [ app_init ] --END-- [ RunTime:0.000175s ]
INFO: [ app_begin ] --START--
INFO: Run Behavior\ReadHtmlCacheBehavior [ RunTime:0.000223s ]
INFO: [ app_begin ] --END-- [ RunTime:0.000247s ]
NOTIC: [2048] Declaration of Home\Controller\IndexController::show() should be compatible with Think\Controller::show($content, $charset = '', $contentType = '', $prefix = '') /Users/study/PHP/devspace/Stock/Home/Controller/IndexController.class.php 第 34 行.
SQL: SHOW COLUMNS FROM `message` [ RunTime:0.0005s ]
SQL: SHOW COLUMNS FROM `barrage_msg` [ RunTime:0.0004s ]
SQL: SELECT * FROM `barrage_msg` WHERE ( `messageId` > '10' AND `messageId` < 13  )  [ RunTime:0.0003s ]
INFO: [ app_end ] --START--
INFO: Run Behavior\ShowPageTraceBehavior [ RunTime:0.000264s ]
INFO: [ app_end ] --END-- [ RunTime:0.000290s ]

[ 2016-05-08T14:36:08+08:00 ] 172.33.12.161 /Stock/index.php?m=Home&c=Index&a=getMessage&startId=12
INFO: [ app_init ] --START--
INFO: Run Behavior\BuildLiteBehavior [ RunTime:0.000008s ]
INFO: [ app_init ] --END-- [ RunTime:0.000187s ]
INFO: [ app_begin ] --START--
INFO: Run Behavior\ReadHtmlCacheBehavior [ RunTime:0.000238s ]
INFO: [ app_begin ] --END-- [ RunTime:0.000262s ]
NOTIC: [2048] Declaration of Home\Controller\IndexController::show() should be compatible with Think\Controller::show($content, $charset = '', $contentType = '', $prefix = '') /Users/study/PHP/devspace/Stock/Home/Controller/IndexController.class.php 第 34 行.
SQL: SHOW COLUMNS FROM `message` [ RunTime:0.0004s ]
SQL: SHOW COLUMNS FROM `barrage_msg` [ RunTime:0.0003s ]
SQL: SELECT * FROM `barrage_msg` WHERE ( `messageId` > '12' AND `messageId` < 15  )  [ RunTime:0.0002s ]
INFO: [ app_end ] --START--
INFO: Run Behavior\ShowPageTraceBehavior [ RunTime:0.000242s ]
INFO: [ app_end ] --END-- [ RunTime:0.000266s ]

[ 2016-05-08T14:36:11+08:00 ] 172.33.12.161 /Stock/index.php?m=Home&c=Index&a=getMessage&startId=14
INFO: [ app_init ] --START--
INFO: Run Behavior\BuildLiteBehavior [ RunTime:0.000007s ]
INFO: [ app_init ] --END-- [ RunTime:0.000164s ]
INFO: [ app_begin ] --START--
INFO: Run Behavior\ReadHtmlCacheBehavior [ RunTime:0.000266s ]
INFO: [ app_begin ] --END-- [ RunTime:0.000289s ]
NOTIC: [2048] Declaration of Home\Controller\IndexController::show() should be compatible with Think\Controller::show($content, $charset = '', $contentType = '', $prefix = '') /Users/study/PHP/devspace/Stock/Home/Controller/IndexController.class.php 第 34 行.
SQL: SHOW COLUMNS FROM `message` [ RunTime:0.0004s ]
SQL: SHOW COLUMNS FROM `barrage_msg` [ RunTime:0.0003s ]
SQL: SELECT * FROM `barrage_msg` WHERE ( `messageId` > '14' AND `messageId` < 17  )  [ RunTime:0.0002s ]
INFO: [ app_end ] --START--
INFO: Run Behavior\ShowPageTraceBehavior [ RunTime:0.000265s ]
INFO: [ app_end ] --END-- [ RunTime:0.000289s ]

[ 2016-05-08T14:36:14+08:00 ] 172.33.12.161 /Stock/index.php?m=Home&c=Index&a=getMessage&startId=16
INFO: [ app_init ] --START--
INFO: Run Behavior\BuildLiteBehavior [ RunTime:0.000010s ]
INFO: [ app_init ] --END-- [ RunTime:0.000207s ]
INFO: [ app_begin ] --START--
INFO: Run Behavior\ReadHtmlCacheBehavior [ RunTime:0.000258s ]
INFO: [ app_begin ] --END-- [ RunTime:0.000285s ]
NOTIC: [2048] Declaration of Home\Controller\IndexController::show() should be compatible with Think\Controller::show($content, $charset = '', $contentType = '', $prefix = '') /Users/study/PHP/devspace/Stock/Home/Controller/IndexController.class.php 第 34 行.
SQL: SHOW COLUMNS FROM `message` [ RunTime:0.0007s ]
SQL: SHOW COLUMNS FROM `barrage_msg` [ RunTime:0.0007s ]
SQL: SELECT * FROM `barrage_msg` WHERE ( `messageId` > '16' AND `messageId` < 19  )  [ RunTime:0.0004s ]
INFO: [ app_end ] --START--
INFO: Run Behavior\ShowPageTraceBehavior [ RunTime:0.000365s ]
INFO: [ app_end ] --END-- [ RunTime:0.000402s ]

[ 2016-05-08T14:36:17+08:00 ] 172.33.12.161 /Stock/index.php?m=Home&c=Index&a=getMessage&startId=18
INFO: [ app_init ] --START--
INFO: Run Behavior\BuildLiteBehavior [ RunTime:0.000008s ]
INFO: [ app_init ] --END-- [ RunTime:0.000177s ]
INFO: [ app_begin ] --START--
INFO: Run Behavior\ReadHtmlCacheBehavior [ RunTime:0.000226s ]
INFO: [ app_begin ] --END-- [ RunTime:0.000250s ]
NOTIC: [2048] Declaration of Home\Controller\IndexController::show() should be compatible with Think\Controller::show($content, $charset = '', $contentType = '', $prefix = '') /Users/study/PHP/devspace/Stock/Home/Controller/IndexController.class.php 第 34 行.
SQL: SHOW COLUMNS FROM `message` [ RunTime:0.0004s ]
SQL: SHOW COLUMNS FROM `barrage_msg` [ RunTime:0.0003s ]
SQL: SELECT * FROM `barrage_msg` WHERE ( `messageId` > '18' AND `messageId` < 21  )  [ RunTime:0.0002s ]
INFO: [ app_end ] --START--
INFO: Run Behavior\ShowPageTraceBehavior [ RunTime:0.000265s ]
INFO: [ app_end ] --END-- [ RunTime:0.000291s ]

[ 2016-05-08T14:36:20+08:00 ] 172.33.12.161 /Stock/index.php?m=Home&c=Index&a=getMessage&startId=20
INFO: [ app_init ] --START--
INFO: Run Behavior\BuildLiteBehavior [ RunTime:0.000009s ]
INFO: [ app_init ] --END-- [ RunTime:0.000194s ]
INFO: [ app_begin ] --START--
INFO: Run Behavior\ReadHtmlCacheBehavior [ RunTime:0.000244s ]
INFO: [ app_begin ] --END-- [ RunTime:0.000270s ]
NOTIC: [2048] Declaration of Home\Controller\IndexController::show() should be compatible with Think\Controller::show($content, $charset = '', $contentType = '', $prefix = '') /Users/study/PHP/devspace/Stock/Home/Controller/IndexController.class.php 第 34 行.
SQL: SHOW COLUMNS FROM `message` [ RunTime:0.0004s ]
SQL: SHOW COLUMNS FROM `barrage_msg` [ RunTime:0.0003s ]
SQL: SELECT * FROM `barrage_msg` WHERE ( `messageId` > '20' AND `messageId` < 23  )  [ RunTime:0.0003s ]
INFO: [ app_end ] --START--
INFO: Run Behavior\ShowPageTraceBehavior [ RunTime:0.000239s ]
INFO: [ app_end ] --END-- [ RunTime:0.000264s ]

[ 2016-05-08T14:36:24+08:00 ] 172.33.12.161 /Stock/index.php?m=Home&c=Index&a=getMessage&startId=22
INFO: [ app_init ] --START--
INFO: Run Behavior\BuildLiteBehavior [ RunTime:0.000008s ]
INFO: [ app_init ] --END-- [ RunTime:0.000190s ]
INFO: [ app_begin ] --START--
INFO: Run Behavior\ReadHtmlCacheBehavior [ RunTime:0.000241s ]
INFO: [ app_begin ] --END-- [ RunTime:0.000267s ]
NOTIC: [2048] Declaration of Home\Controller\IndexController::show() should be compatible with Think\Controller::show($content, $charset = '', $contentType = '', $prefix = '') /Users/study/PHP/devspace/Stock/Home/Controller/IndexController.class.php 第 34 行.
SQL: SHOW COLUMNS FROM `message` [ RunTime:0.0004s ]
SQL: SHOW COLUMNS FROM `barrage_msg` [ RunTime:0.0003s ]
SQL: SELECT * FROM `barrage_msg` WHERE ( `messageId` > '22' AND `messageId` < 25  )  [ RunTime:0.0021s ]
INFO: [ app_end ] --START--
INFO: Run Behavior\ShowPageTraceBehavior [ RunTime:0.000300s ]
INFO: [ app_end ] --END-- [ RunTime:0.000330s ]

[ 2016-05-08T14:36:27+08:00 ] 172.33.12.161 /Stock/index.php?m=Home&c=Index&a=getMessage&startId=24
INFO: [ app_init ] --START--
INFO: Run Behavior\BuildLiteBehavior [ RunTime:0.000008s ]
INFO: [ app_init ] --END-- [ RunTime:0.000180s ]
INFO: [ app_begin ] --START--
INFO: Run Behavior\ReadHtmlCacheBehavior [ RunTime:0.000221s ]
INFO: [ app_begin ] --END-- [ RunTime:0.000247s ]
NOTIC: [2048] Declaration of Home\Controller\IndexController::show() should be compatible with Think\Controller::show($content, $charset = '', $contentType = '', $prefix = '') /Users/study/PHP/devspace/Stock/Home/Controller/IndexController.class.php 第 34 行.
SQL: SHOW COLUMNS FROM `message` [ RunTime:0.0005s ]
SQL: SHOW COLUMNS FROM `barrage_msg` [ RunTime:0.0003s ]
SQL: SELECT * FROM `barrage_msg` WHERE ( `messageId` > '24' AND `messageId` < 27  )  [ RunTime:0.0003s ]
INFO: [ app_end ] --START--
INFO: Run Behavior\ShowPageTraceBehavior [ RunTime:0.000283s ]
INFO: [ app_end ] --END-- [ RunTime:0.000312s ]

[ 2016-05-08T14:36:30+08:00 ] 172.33.12.161 /Stock/index.php?m=Home&c=Index&a=getMessage&startId=26
INFO: [ app_init ] --START--
INFO: Run Behavior\BuildLiteBehavior [ RunTime:0.000008s ]
INFO: [ app_init ] --END-- [ RunTime:0.000191s ]
INFO: [ app_begin ] --START--
INFO: Run Behavior\ReadHtmlCacheBehavior [ RunTime:0.000223s ]
INFO: [ app_begin ] --END-- [ RunTime:0.000247s ]
NOTIC: [2048] Declaration of Home\Controller\IndexController::show() should be compatible with Think\Controller::show($content, $charset = '', $contentType = '', $prefix = '') /Users/study/PHP/devspace/Stock/Home/Controller/IndexController.class.php 第 34 行.
SQL: SHOW COLUMNS FROM `message` [ RunTime:0.0004s ]
SQL: SHOW COLUMNS FROM `barrage_msg` [ RunTime:0.0003s ]
SQL: SELECT * FROM `barrage_msg` WHERE ( `messageId` > '26' AND `messageId` < 29  )  [ RunTime:0.0003s ]
INFO: [ app_end ] --START--
INFO: Run Behavior\ShowPageTraceBehavior [ RunTime:0.000239s ]
INFO: [ app_end ] --END-- [ RunTime:0.000264s ]

[ 2016-05-08T14:36:33+08:00 ] 172.33.12.161 /Stock/index.php?m=Home&c=Index&a=getMessage&startId=28
INFO: [ app_init ] --START--
INFO: Run Behavior\BuildLiteBehavior [ RunTime:0.000018s ]
INFO: [ app_init ] --END-- [ RunTime:0.000177s ]
INFO: [ app_begin ] --START--
INFO: Run Behavior\ReadHtmlCacheBehavior [ RunTime:0.000217s ]
INFO: [ app_begin ] --END-- [ RunTime:0.000240s ]
NOTIC: [2048] Declaration of Home\Controller\IndexController::show() should be compatible with Think\Controller::show($content, $charset = '', $contentType = '', $prefix = '') /Users/study/PHP/devspace/Stock/Home/Controller/IndexController.class.php 第 34 行.
SQL: SHOW COLUMNS FROM `message` [ RunTime:0.0005s ]
SQL: SHOW COLUMNS FROM `barrage_msg` [ RunTime:0.0003s ]
SQL: SELECT * FROM `barrage_msg` WHERE ( `messageId` > '28' AND `messageId` < 31  )  [ RunTime:0.0002s ]
INFO: [ app_end ] --START--
INFO: Run Behavior\ShowPageTraceBehavior [ RunTime:0.000238s ]
INFO: [ app_end ] --END-- [ RunTime:0.000262s ]

[ 2016-05-08T14:36:36+08:00 ] 172.33.12.161 /Stock/index.php?m=Home&c=Index&a=getMessage&startId=30
INFO: [ app_init ] --START--
INFO: Run Behavior\BuildLiteBehavior [ RunTime:0.000007s ]
INFO: [ app_init ] --END-- [ RunTime:0.000165s ]
INFO: [ app_begin ] --START--
INFO: Run Behavior\ReadHtmlCacheBehavior [ RunTime:0.000231s ]
INFO: [ app_begin ] --END-- [ RunTime:0.000253s ]
NOTIC: [2048] Declaration of Home\Controller\IndexController::show() should be compatible with Think\Controller::show($content, $charset = '', $contentType = '', $prefix = '') /Users/study/PHP/devspace/Stock/Home/Controller/IndexController.class.php 第 34 行.
SQL: SHOW COLUMNS FROM `message` [ RunTime:0.0004s ]
SQL: SHOW COLUMNS FROM `barrage_msg` [ RunTime:0.0003s ]
SQL: SELECT * FROM `barrage_msg` WHERE ( `messageId` > '30' AND `messageId` < 33  )  [ RunTime:0.0003s ]
INFO: [ app_end ] --START--
INFO: Run Behavior\ShowPageTraceBehavior [ RunTime:0.000311s ]
INFO: [ app_end ] --END-- [ RunTime:0.000340s ]

[ 2016-05-08T14:36:39+08:00 ] 172.33.12.161 /Stock/index.php?m=Home&c=Index&a=getMessage&startId=32
INFO: [ app_init ] --START--
INFO: Run Behavior\BuildLiteBehavior [ RunTime:0.000007s ]
INFO: [ app_init ] --END-- [ RunTime:0.000185s ]
INFO: [ app_begin ] --START--
INFO: Run Behavior\ReadHtmlCacheBehavior [ RunTime:0.000214s ]
INFO: [ app_begin ] --END-- [ RunTime:0.000236s ]
NOTIC: [2048] Declaration of Home\Controller\IndexController::show() should be compatible with Think\Controller::show($content, $charset = '', $contentType = '', $prefix = '') /Users/study/PHP/devspace/Stock/Home/Controller/IndexController.class.php 第 34 行.
SQL: SHOW COLUMNS FROM `message` [ RunTime:0.0004s ]
SQL: SHOW COLUMNS FROM `barrage_msg` [ RunTime:0.0003s ]
SQL: SELECT * FROM `barrage_msg` WHERE ( `messageId` > '32' AND `messageId` < 35  )  [ RunTime:0.0002s ]
INFO: [ app_end ] --START--
INFO: Run Behavior\ShowPageTraceBehavior [ RunTime:0.000241s ]
INFO: [ app_end ] --END-- [ RunTime:0.000265s ]

[ 2016-05-08T14:36:42+08:00 ] 172.33.12.161 /Stock/index.php?m=Home&c=Index&a=getMessage&startId=34
INFO: [ app_init ] --START--
INFO: Run Behavior\BuildLiteBehavior [ RunTime:0.000007s ]
INFO: [ app_init ] --END-- [ RunTime:0.000245s ]
INFO: [ app_begin ] --START--
INFO: Run Behavior\ReadHtmlCacheBehavior [ RunTime:0.000257s ]
INFO: [ app_begin ] --END-- [ RunTime:0.000281s ]
NOTIC: [2048] Declaration of Home\Controller\IndexController::show() should be compatible with Think\Controller::show($content, $charset = '', $contentType = '', $prefix = '') /Users/study/PHP/devspace/Stock/Home/Controller/IndexController.class.php 第 34 行.
SQL: SHOW COLUMNS FROM `message` [ RunTime:0.0003s ]
SQL: SHOW COLUMNS FROM `barrage_msg` [ RunTime:0.0003s ]
SQL: SELECT * FROM `barrage_msg` WHERE ( `messageId` > '34' AND `messageId` < 37  )  [ RunTime:0.0002s ]
INFO: [ app_end ] --START--
INFO: Run Behavior\ShowPageTraceBehavior [ RunTime:0.000258s ]
INFO: [ app_end ] --END-- [ RunTime:0.000293s ]

[ 2016-05-08T14:36:45+08:00 ] 172.33.12.161 /Stock/index.php?m=Home&c=Index&a=getMessage&startId=36
INFO: [ app_init ] --START--
INFO: Run Behavior\BuildLiteBehavior [ RunTime:0.000008s ]
INFO: [ app_init ] --END-- [ RunTime:0.000197s ]
INFO: [ app_begin ] --START--
INFO: Run Behavior\ReadHtmlCacheBehavior [ RunTime:0.000253s ]
INFO: [ app_begin ] --END-- [ RunTime:0.000280s ]
NOTIC: [2048] Declaration of Home\Controller\IndexController::show() should be compatible with Think\Controller::show($content, $charset = '', $contentType = '', $prefix = '') /Users/study/PHP/devspace/Stock/Home/Controller/IndexController.class.php 第 34 行.
SQL: SHOW COLUMNS FROM `message` [ RunTime:0.0004s ]
SQL: SHOW COLUMNS FROM `barrage_msg` [ RunTime:0.0004s ]
SQL: SELECT * FROM `barrage_msg` WHERE ( `messageId` > '36' AND `messageId` < 39  )  [ RunTime:0.0003s ]
INFO: [ app_end ] --START--
INFO: Run Behavior\ShowPageTraceBehavior [ RunTime:0.000272s ]
INFO: [ app_end ] --END-- [ RunTime:0.000298s ]

[ 2016-05-08T14:36:48+08:00 ] 172.33.12.161 /Stock/index.php?m=Home&c=Index&a=getMessage&startId=38
INFO: [ app_init ] --START--
INFO: Run Behavior\BuildLiteBehavior [ RunTime:0.000008s ]
INFO: [ app_init ] --END-- [ RunTime:0.000162s ]
INFO: [ app_begin ] --START--
INFO: Run Behavior\ReadHtmlCacheBehavior [ RunTime:0.000204s ]
INFO: [ app_begin ] --END-- [ RunTime:0.000226s ]
NOTIC: [2048] Declaration of Home\Controller\IndexController::show() should be compatible with Think\Controller::show($content, $charset = '', $contentType = '', $prefix = '') /Users/study/PHP/devspace/Stock/Home/Controller/IndexController.class.php 第 34 行.
SQL: SHOW COLUMNS FROM `message` [ RunTime:0.0004s ]
SQL: SHOW COLUMNS FROM `barrage_msg` [ RunTime:0.0003s ]
SQL: SELECT * FROM `barrage_msg` WHERE ( `messageId` > '38' AND `messageId` < 41  )  [ RunTime:0.0003s ]
INFO: [ app_end ] --START--
INFO: Run Behavior\ShowPageTraceBehavior [ RunTime:0.000240s ]
INFO: [ app_end ] --END-- [ RunTime:0.000264s ]

[ 2016-05-08T14:36:51+08:00 ] 172.33.12.161 /Stock/index.php?m=Home&c=Index&a=getMessage&startId=40
INFO: [ app_init ] --START--
INFO: Run Behavior\BuildLiteBehavior [ RunTime:0.000007s ]
INFO: [ app_init ] --END-- [ RunTime:0.000161s ]
INFO: [ app_begin ] --START--
INFO: Run Behavior\ReadHtmlCacheBehavior [ RunTime:0.000203s ]
INFO: [ app_begin ] --END-- [ RunTime:0.000225s ]
NOTIC: [2048] Declaration of Home\Controller\IndexController::show() should be compatible with Think\Controller::show($content, $charset = '', $contentType = '', $prefix = '') /Users/study/PHP/devspace/Stock/Home/Controller/IndexController.class.php 第 34 行.
SQL: SHOW COLUMNS FROM `message` [ RunTime:0.0003s ]
SQL: SHOW COLUMNS FROM `barrage_msg` [ RunTime:0.0003s ]
SQL: SELECT * FROM `barrage_msg` WHERE ( `messageId` > '40' AND `messageId` < 43  )  [ RunTime:0.0003s ]
INFO: [ app_end ] --START--
INFO: Run Behavior\ShowPageTraceBehavior [ RunTime:0.000238s ]
INFO: [ app_end ] --END-- [ RunTime:0.000262s ]

[ 2016-05-08T14:36:54+08:00 ] 172.33.12.161 /Stock/index.php?m=Home&c=Index&a=getMessage&startId=42
INFO: [ app_init ] --START--
INFO: Run Behavior\BuildLiteBehavior [ RunTime:0.000007s ]
INFO: [ app_init ] --END-- [ RunTime:0.000162s ]
INFO: [ app_begin ] --START--
INFO: Run Behavior\ReadHtmlCacheBehavior [ RunTime:0.000203s ]
INFO: [ app_begin ] --END-- [ RunTime:0.000226s ]
NOTIC: [2048] Declaration of Home\Controller\IndexController::show() should be compatible with Think\Controller::show($content, $charset = '', $contentType = '', $prefix = '') /Users/study/PHP/devspace/Stock/Home/Controller/IndexController.class.php 第 34 行.
SQL: SHOW COLUMNS FROM `message` [ RunTime:0.0003s ]
SQL: SHOW COLUMNS FROM `barrage_msg` [ RunTime:0.0003s ]
SQL: SELECT * FROM `barrage_msg` WHERE ( `messageId` > '42' AND `messageId` < 45  )  [ RunTime:0.0003s ]
INFO: [ app_end ] --START--
INFO: Run Behavior\ShowPageTraceBehavior [ RunTime:0.000244s ]
INFO: [ app_end ] --END-- [ RunTime:0.000267s ]

[ 2016-05-08T14:36:57+08:00 ] 172.33.12.161 /Stock/index.php?m=Home&c=Index&a=getMessage&startId=44
INFO: [ app_init ] --START--
INFO: Run Behavior\BuildLiteBehavior [ RunTime:0.000007s ]
INFO: [ app_init ] --END-- [ RunTime:0.000170s ]
INFO: [ app_begin ] --START--
INFO: Run Behavior\ReadHtmlCacheBehavior [ RunTime:0.000215s ]
INFO: [ app_begin ] --END-- [ RunTime:0.000237s ]
NOTIC: [2048] Declaration of Home\Controller\IndexController::show() should be compatible with Think\Controller::show($content, $charset = '', $contentType = '', $prefix = '') /Users/study/PHP/devspace/Stock/Home/Controller/IndexController.class.php 第 34 行.
SQL: SHOW COLUMNS FROM `message` [ RunTime:0.0004s ]
SQL: SHOW COLUMNS FROM `barrage_msg` [ RunTime:0.0003s ]
SQL: SELECT * FROM `barrage_msg` WHERE ( `messageId` > '44' AND `messageId` < 47  )  [ RunTime:0.0003s ]
INFO: [ app_end ] --START--
INFO: Run Behavior\ShowPageTraceBehavior [ RunTime:0.000279s ]
INFO: [ app_end ] --END-- [ RunTime:0.000303s ]

[ 2016-05-08T14:37:00+08:00 ] 172.33.12.161 /Stock/index.php?m=Home&c=Index&a=getMessage&startId=46
INFO: [ app_init ] --START--
INFO: Run Behavior\BuildLiteBehavior [ RunTime:0.000007s ]
INFO: [ app_init ] --END-- [ RunTime:0.000164s ]
INFO: [ app_begin ] --START--
INFO: Run Behavior\ReadHtmlCacheBehavior [ RunTime:0.000203s ]
INFO: [ app_begin ] --END-- [ RunTime:0.000227s ]
NOTIC: [2048] Declaration of Home\Controller\IndexController::show() should be compatible with Think\Controller::show($content, $charset = '', $contentType = '', $prefix = '') /Users/study/PHP/devspace/Stock/Home/Controller/IndexController.class.php 第 34 行.
SQL: SHOW COLUMNS FROM `message` [ RunTime:0.0005s ]
SQL: SHOW COLUMNS FROM `barrage_msg` [ RunTime:0.0004s ]
SQL: SELECT * FROM `barrage_msg` WHERE ( `messageId` > '46' AND `messageId` < 49  )  [ RunTime:0.0003s ]
INFO: [ app_end ] --START--
INFO: Run Behavior\ShowPageTraceBehavior [ RunTime:0.000412s ]
INFO: [ app_end ] --END-- [ RunTime:0.000448s ]

[ 2016-05-08T14:37:03+08:00 ] 172.33.12.161 /Stock/index.php?m=Home&c=Index&a=getMessage&startId=48
INFO: [ app_init ] --START--
INFO: Run Behavior\BuildLiteBehavior [ RunTime:0.000007s ]
INFO: [ app_init ] --END-- [ RunTime:0.000170s ]
INFO: [ app_begin ] --START--
INFO: Run Behavior\ReadHtmlCacheBehavior [ RunTime:0.000226s ]
INFO: [ app_begin ] --END-- [ RunTime:0.000249s ]
NOTIC: [2048] Declaration of Home\Controller\IndexController::show() should be compatible with Think\Controller::show($content, $charset = '', $contentType = '', $prefix = '') /Users/study/PHP/devspace/Stock/Home/Controller/IndexController.class.php 第 34 行.
SQL: SHOW COLUMNS FROM `message` [ RunTime:0.0004s ]
SQL: SHOW COLUMNS FROM `barrage_msg` [ RunTime:0.0004s ]
SQL: SELECT * FROM `barrage_msg` WHERE ( `messageId` > '48' AND `messageId` < 51  )  [ RunTime:0.0003s ]
INFO: [ app_end ] --START--
INFO: Run Behavior\ShowPageTraceBehavior [ RunTime:0.000354s ]
INFO: [ app_end ] --END-- [ RunTime:0.000392s ]

[ 2016-05-08T14:37:06+08:00 ] 172.33.12.161 /Stock/index.php?m=Home&c=Index&a=getMessage&startId=50
INFO: [ app_init ] --START--
INFO: Run Behavior\BuildLiteBehavior [ RunTime:0.000007s ]
INFO: [ app_init ] --END-- [ RunTime:0.000166s ]
INFO: [ app_begin ] --START--
INFO: Run Behavior\ReadHtmlCacheBehavior [ RunTime:0.000206s ]
INFO: [ app_begin ] --END-- [ RunTime:0.000228s ]
NOTIC: [2048] Declaration of Home\Controller\IndexController::show() should be compatible with Think\Controller::show($content, $charset = '', $contentType = '', $prefix = '') /Users/study/PHP/devspace/Stock/Home/Controller/IndexController.class.php 第 34 行.
SQL: SHOW COLUMNS FROM `message` [ RunTime:0.0003s ]
SQL: SHOW COLUMNS FROM `barrage_msg` [ RunTime:0.0002s ]
SQL: SELECT * FROM `barrage_msg` WHERE ( `messageId` > '50' AND `messageId` < 53  )  [ RunTime:0.0003s ]
INFO: [ app_end ] --START--
INFO: Run Behavior\ShowPageTraceBehavior [ RunTime:0.000265s ]
INFO: [ app_end ] --END-- [ RunTime:0.000289s ]

[ 2016-05-08T14:37:09+08:00 ] 172.33.12.161 /Stock/index.php?m=Home&c=Index&a=getMessage&startId=52
INFO: [ app_init ] --START--
INFO: Run Behavior\BuildLiteBehavior [ RunTime:0.000008s ]
INFO: [ app_init ] --END-- [ RunTime:0.000177s ]
INFO: [ app_begin ] --START--
INFO: Run Behavior\ReadHtmlCacheBehavior [ RunTime:0.000222s ]
INFO: [ app_begin ] --END-- [ RunTime:0.000245s ]
NOTIC: [2048] Declaration of Home\Controller\IndexController::show() should be compatible with Think\Controller::show($content, $charset = '', $contentType = '', $prefix = '') /Users/study/PHP/devspace/Stock/Home/Controller/IndexController.class.php 第 34 行.
SQL: SHOW COLUMNS FROM `message` [ RunTime:0.0003s ]
SQL: SHOW COLUMNS FROM `barrage_msg` [ RunTime:0.0003s ]
SQL: SELECT * FROM `barrage_msg` WHERE ( `messageId` > '52' AND `messageId` < 55  )  [ RunTime:0.0002s ]
INFO: [ app_end ] --START--
INFO: Run Behavior\ShowPageTraceBehavior [ RunTime:0.000289s ]
INFO: [ app_end ] --END-- [ RunTime:0.000316s ]

[ 2016-05-08T14:37:12+08:00 ] 172.33.12.161 /Stock/index.php?m=Home&c=Index&a=getMessage&startId=54
INFO: [ app_init ] --START--
INFO: Run Behavior\BuildLiteBehavior [ RunTime:0.000008s ]
INFO: [ app_init ] --END-- [ RunTime:0.000170s ]
INFO: [ app_begin ] --START--
INFO: Run Behavior\ReadHtmlCacheBehavior [ RunTime:0.000212s ]
INFO: [ app_begin ] --END-- [ RunTime:0.000235s ]
NOTIC: [2048] Declaration of Home\Controller\IndexController::show() should be compatible with Think\Controller::show($content, $charset = '', $contentType = '', $prefix = '') /Users/study/PHP/devspace/Stock/Home/Controller/IndexController.class.php 第 34 行.
SQL: SHOW COLUMNS FROM `message` [ RunTime:0.0004s ]
SQL: SHOW COLUMNS FROM `barrage_msg` [ RunTime:0.0003s ]
SQL: SELECT * FROM `barrage_msg` WHERE ( `messageId` > '54' AND `messageId` < 57  )  [ RunTime:0.0003s ]
INFO: [ app_end ] --START--
INFO: Run Behavior\ShowPageTraceBehavior [ RunTime:0.000254s ]
INFO: [ app_end ] --END-- [ RunTime:0.000279s ]

[ 2016-05-08T14:37:15+08:00 ] 172.33.12.161 /Stock/index.php?m=Home&c=Index&a=getMessage&startId=56
INFO: [ app_init ] --START--
INFO: Run Behavior\BuildLiteBehavior [ RunTime:0.000008s ]
INFO: [ app_init ] --END-- [ RunTime:0.000170s ]
INFO: [ app_begin ] --START--
INFO: Run Behavior\ReadHtmlCacheBehavior [ RunTime:0.000214s ]
INFO: [ app_begin ] --END-- [ RunTime:0.000237s ]
NOTIC: [2048] Declaration of Home\Controller\IndexController::show() should be compatible with Think\Controller::show($content, $charset = '', $contentType = '', $prefix = '') /Users/study/PHP/devspace/Stock/Home/Controller/IndexController.class.php 第 34 行.
SQL: SHOW COLUMNS FROM `message` [ RunTime:0.0003s ]
SQL: SHOW COLUMNS FROM `barrage_msg` [ RunTime:0.0026s ]
SQL: SELECT * FROM `barrage_msg` WHERE ( `messageId` > '56' AND `messageId` < 59  )  [ RunTime:0.0003s ]
INFO: [ app_end ] --START--
INFO: Run Behavior\ShowPageTraceBehavior [ RunTime:0.000389s ]
INFO: [ app_end ] --END-- [ RunTime:0.000428s ]

[ 2016-05-08T14:37:18+08:00 ] 172.33.12.161 /Stock/index.php?m=Home&c=Index&a=getMessage&startId=58
INFO: [ app_init ] --START--
INFO: Run Behavior\BuildLiteBehavior [ RunTime:0.000007s ]
INFO: [ app_init ] --END-- [ RunTime:0.000163s ]
INFO: [ app_begin ] --START--
INFO: Run Behavior\ReadHtmlCacheBehavior [ RunTime:0.000210s ]
INFO: [ app_begin ] --END-- [ RunTime:0.000232s ]
NOTIC: [2048] Declaration of Home\Controller\IndexController::show() should be compatible with Think\Controller::show($content, $charset = '', $contentType = '', $prefix = '') /Users/study/PHP/devspace/Stock/Home/Controller/IndexController.class.php 第 34 行.
SQL: SHOW COLUMNS FROM `message` [ RunTime:0.0003s ]
SQL: SHOW COLUMNS FROM `barrage_msg` [ RunTime:0.0003s ]
SQL: SELECT * FROM `barrage_msg` WHERE ( `messageId` > '58' AND `messageId` < 61  )  [ RunTime:0.0002s ]
INFO: [ app_end ] --START--
INFO: Run Behavior\ShowPageTraceBehavior [ RunTime:0.000237s ]
INFO: [ app_end ] --END-- [ RunTime:0.000262s ]

[ 2016-05-08T14:37:20+08:00 ] 172.33.12.161 /Stock/index.php?m=Home&c=Index&a=getMessage&startId=60
INFO: [ app_init ] --START--
INFO: Run Behavior\BuildLiteBehavior [ RunTime:0.000008s ]
INFO: [ app_init ] --END-- [ RunTime:0.000172s ]
INFO: [ app_begin ] --START--
INFO: Run Behavior\ReadHtmlCacheBehavior [ RunTime:0.000214s ]
INFO: [ app_begin ] --END-- [ RunTime:0.000237s ]
NOTIC: [2048] Declaration of Home\Controller\IndexController::show() should be compatible with Think\Controller::show($content, $charset = '', $contentType = '', $prefix = '') /Users/study/PHP/devspace/Stock/Home/Controller/IndexController.class.php 第 34 行.
SQL: SHOW COLUMNS FROM `message` [ RunTime:0.0003s ]
SQL: SHOW COLUMNS FROM `barrage_msg` [ RunTime:0.0003s ]
SQL: SELECT * FROM `barrage_msg` WHERE ( `messageId` > '60' AND `messageId` < 63  )  [ RunTime:0.0003s ]
INFO: [ app_end ] --START--
INFO: Run Behavior\ShowPageTraceBehavior [ RunTime:0.000261s ]
INFO: [ app_end ] --END-- [ RunTime:0.000286s ]

[ 2016-05-08T14:37:23+08:00 ] 172.33.12.161 /Stock/index.php?m=Home&c=Index&a=getMessage&startId=62
INFO: [ app_init ] --START--
INFO: Run Behavior\BuildLiteBehavior [ RunTime:0.000008s ]
INFO: [ app_init ] --END-- [ RunTime:0.000175s ]
INFO: [ app_begin ] --START--
INFO: Run Behavior\ReadHtmlCacheBehavior [ RunTime:0.000224s ]
INFO: [ app_begin ] --END-- [ RunTime:0.000248s ]
NOTIC: [2048] Declaration of Home\Controller\IndexController::show() should be compatible with Think\Controller::show($content, $charset = '', $contentType = '', $prefix = '') /Users/study/PHP/devspace/Stock/Home/Controller/IndexController.class.php 第 34 行.
SQL: SHOW COLUMNS FROM `message` [ RunTime:0.0003s ]
SQL: SHOW COLUMNS FROM `barrage_msg` [ RunTime:0.0003s ]
SQL: SELECT * FROM `barrage_msg` WHERE ( `messageId` > '62' AND `messageId` < 65  )  [ RunTime:0.0003s ]
INFO: [ app_end ] --START--
INFO: Run Behavior\ShowPageTraceBehavior [ RunTime:0.000242s ]
INFO: [ app_end ] --END-- [ RunTime:0.000267s ]

[ 2016-05-08T14:37:26+08:00 ] 172.33.12.161 /Stock/index.php?m=Home&c=Index&a=getMessage&startId=64
INFO: [ app_init ] --START--
INFO: Run Behavior\BuildLiteBehavior [ RunTime:0.000008s ]
INFO: [ app_init ] --END-- [ RunTime:0.000170s ]
INFO: [ app_begin ] --START--
INFO: Run Behavior\ReadHtmlCacheBehavior [ RunTime:0.000232s ]
INFO: [ app_begin ] --END-- [ RunTime:0.000256s ]
NOTIC: [2048] Declaration of Home\Controller\IndexController::show() should be compatible with Think\Controller::show($content, $charset = '', $contentType = '', $prefix = '') /Users/study/PHP/devspace/Stock/Home/Controller/IndexController.class.php 第 34 行.
SQL: SHOW COLUMNS FROM `message` [ RunTime:0.0004s ]
SQL: SHOW COLUMNS FROM `barrage_msg` [ RunTime:0.0003s ]
SQL: SELECT * FROM `barrage_msg` WHERE ( `messageId` > '64' AND `messageId` < 67  )  [ RunTime:0.0003s ]
INFO: [ app_end ] --START--
INFO: Run Behavior\ShowPageTraceBehavior [ RunTime:0.000245s ]
INFO: [ app_end ] --END-- [ RunTime:0.000269s ]

[ 2016-05-08T14:37:29+08:00 ] 172.33.12.161 /Stock/index.php?m=Home&c=Index&a=getMessage&startId=66
INFO: [ app_init ] --START--
INFO: Run Behavior\BuildLiteBehavior [ RunTime:0.000007s ]
INFO: [ app_init ] --END-- [ RunTime:0.000168s ]
INFO: [ app_begin ] --START--
INFO: Run Behavior\ReadHtmlCacheBehavior [ RunTime:0.000222s ]
INFO: [ app_begin ] --END-- [ RunTime:0.000255s ]
NOTIC: [2048] Declaration of Home\Controller\IndexController::show() should be compatible with Think\Controller::show($content, $charset = '', $contentType = '', $prefix = '') /Users/study/PHP/devspace/Stock/Home/Controller/IndexController.class.php 第 34 行.
SQL: SHOW COLUMNS FROM `message` [ RunTime:0.0004s ]
SQL: SHOW COLUMNS FROM `barrage_msg` [ RunTime:0.0004s ]
SQL: SELECT * FROM `barrage_msg` WHERE ( `messageId` > '66' AND `messageId` < 69  )  [ RunTime:0.0003s ]
INFO: [ app_end ] --START--
INFO: Run Behavior\ShowPageTraceBehavior [ RunTime:0.000281s ]
INFO: [ app_end ] --END-- [ RunTime:0.000311s ]

[ 2016-05-08T14:37:32+08:00 ] 172.33.12.161 /Stock/index.php?m=Home&c=Index&a=getMessage&startId=68
INFO: [ app_init ] --START--
INFO: Run Behavior\BuildLiteBehavior [ RunTime:0.000009s ]
INFO: [ app_init ] --END-- [ RunTime:0.000172s ]
INFO: [ app_begin ] --START--
INFO: Run Behavior\ReadHtmlCacheBehavior [ RunTime:0.000212s ]
INFO: [ app_begin ] --END-- [ RunTime:0.000236s ]
NOTIC: [2048] Declaration of Home\Controller\IndexController::show() should be compatible with Think\Controller::show($content, $charset = '', $contentType = '', $prefix = '') /Users/study/PHP/devspace/Stock/Home/Controller/IndexController.class.php 第 34 行.
SQL: SHOW COLUMNS FROM `message` [ RunTime:0.0004s ]
SQL: SHOW COLUMNS FROM `barrage_msg` [ RunTime:0.0003s ]
SQL: SELECT * FROM `barrage_msg` WHERE ( `messageId` > '68' AND `messageId` < 71  )  [ RunTime:0.0002s ]
INFO: [ app_end ] --START--
INFO: Run Behavior\ShowPageTraceBehavior [ RunTime:0.000315s ]
INFO: [ app_end ] --END-- [ RunTime:0.000345s ]

[ 2016-05-08T14:37:35+08:00 ] 172.33.12.161 /Stock/index.php?m=Home&c=Index&a=getMessage&startId=70
INFO: [ app_init ] --START--
INFO: Run Behavior\BuildLiteBehavior [ RunTime:0.000009s ]
INFO: [ app_init ] --END-- [ RunTime:0.000213s ]
INFO: [ app_begin ] --START--
INFO: Run Behavior\ReadHtmlCacheBehavior [ RunTime:0.000234s ]
INFO: [ app_begin ] --END-- [ RunTime:0.000258s ]
NOTIC: [2048] Declaration of Home\Controller\IndexController::show() should be compatible with Think\Controller::show($content, $charset = '', $contentType = '', $prefix = '') /Users/study/PHP/devspace/Stock/Home/Controller/IndexController.class.php 第 34 行.
SQL: SHOW COLUMNS FROM `message` [ RunTime:0.0003s ]
SQL: SHOW COLUMNS FROM `barrage_msg` [ RunTime:0.0002s ]
SQL: SELECT * FROM `barrage_msg` WHERE ( `messageId` > '70' AND `messageId` < 73  )  [ RunTime:0.0003s ]
INFO: [ app_end ] --START--
INFO: Run Behavior\ShowPageTraceBehavior [ RunTime:0.000278s ]
INFO: [ app_end ] --END-- [ RunTime:0.000303s ]

[ 2016-05-08T14:37:38+08:00 ] 172.33.12.161 /Stock/index.php?m=Home&c=Index&a=getMessage&startId=72
INFO: [ app_init ] --START--
INFO: Run Behavior\BuildLiteBehavior [ RunTime:0.000008s ]
INFO: [ app_init ] --END-- [ RunTime:0.000172s ]
INFO: [ app_begin ] --START--
INFO: Run Behavior\ReadHtmlCacheBehavior [ RunTime:0.000218s ]
INFO: [ app_begin ] --END-- [ RunTime:0.000241s ]
NOTIC: [2048] Declaration of Home\Controller\IndexController::show() should be compatible with Think\Controller::show($content, $charset = '', $contentType = '', $prefix = '') /Users/study/PHP/devspace/Stock/Home/Controller/IndexController.class.php 第 34 行.
SQL: SHOW COLUMNS FROM `message` [ RunTime:0.0004s ]
SQL: SHOW COLUMNS FROM `barrage_msg` [ RunTime:0.0003s ]
SQL: SELECT * FROM `barrage_msg` WHERE ( `messageId` > '72' AND `messageId` < 75  )  [ RunTime:0.0002s ]
INFO: [ app_end ] --START--
INFO: Run Behavior\ShowPageTraceBehavior [ RunTime:0.000243s ]
INFO: [ app_end ] --END-- [ RunTime:0.000267s ]

[ 2016-05-08T14:37:41+08:00 ] 172.33.12.161 /Stock/index.php?m=Home&c=Index&a=getMessage&startId=74
INFO: [ app_init ] --START--
INFO: Run Behavior\BuildLiteBehavior [ RunTime:0.000009s ]
INFO: [ app_init ] --END-- [ RunTime:0.000193s ]
INFO: [ app_begin ] --START--
INFO: Run Behavior\ReadHtmlCacheBehavior [ RunTime:0.000243s ]
INFO: [ app_begin ] --END-- [ RunTime:0.000268s ]
NOTIC: [2048] Declaration of Home\Controller\IndexController::show() should be compatible with Think\Controller::show($content, $charset = '', $contentType = '', $prefix = '') /Users/study/PHP/devspace/Stock/Home/Controller/IndexController.class.php 第 34 行.
SQL: SHOW COLUMNS FROM `message` [ RunTime:0.0004s ]
SQL: SHOW COLUMNS FROM `barrage_msg` [ RunTime:0.0003s ]
SQL: SELECT * FROM `barrage_msg` WHERE ( `messageId` > '74' AND `messageId` < 77  )  [ RunTime:0.0002s ]
INFO: [ app_end ] --START--
INFO: Run Behavior\ShowPageTraceBehavior [ RunTime:0.000290s ]
INFO: [ app_end ] --END-- [ RunTime:0.000315s ]

[ 2016-05-08T14:37:44+08:00 ] 172.33.12.161 /Stock/index.php?m=Home&c=Index&a=getMessage&startId=76
INFO: [ app_init ] --START--
INFO: Run Behavior\BuildLiteBehavior [ RunTime:0.000008s ]
INFO: [ app_init ] --END-- [ RunTime:0.000194s ]
INFO: [ app_begin ] --START--
INFO: Run Behavior\ReadHtmlCacheBehavior [ RunTime:0.000232s ]
INFO: [ app_begin ] --END-- [ RunTime:0.000255s ]
NOTIC: [2048] Declaration of Home\Controller\IndexController::show() should be compatible with Think\Controller::show($content, $charset = '', $contentType = '', $prefix = '') /Users/study/PHP/devspace/Stock/Home/Controller/IndexController.class.php 第 34 行.
SQL: SHOW COLUMNS FROM `message` [ RunTime:0.0005s ]
SQL: SHOW COLUMNS FROM `barrage_msg` [ RunTime:0.0005s ]
SQL: SELECT * FROM `barrage_msg` WHERE ( `messageId` > '76' AND `messageId` < 79  )  [ RunTime:0.0003s ]
INFO: [ app_end ] --START--
INFO: Run Behavior\ShowPageTraceBehavior [ RunTime:0.000405s ]
INFO: [ app_end ] --END-- [ RunTime:0.000441s ]

[ 2016-05-08T14:37:47+08:00 ] 172.33.12.161 /Stock/index.php?m=Home&c=Index&a=getMessage&startId=78
INFO: [ app_init ] --START--
INFO: Run Behavior\BuildLiteBehavior [ RunTime:0.000010s ]
INFO: [ app_init ] --END-- [ RunTime:0.000289s ]
INFO: [ app_begin ] --START--
INFO: Run Behavior\ReadHtmlCacheBehavior [ RunTime:0.000295s ]
INFO: [ app_begin ] --END-- [ RunTime:0.000328s ]
NOTIC: [2048] Declaration of Home\Controller\IndexController::show() should be compatible with Think\Controller::show($content, $charset = '', $contentType = '', $prefix = '') /Users/study/PHP/devspace/Stock/Home/Controller/IndexController.class.php 第 34 行.
SQL: SHOW COLUMNS FROM `message` [ RunTime:0.0004s ]
SQL: SHOW COLUMNS FROM `barrage_msg` [ RunTime:0.0003s ]
SQL: SELECT * FROM `barrage_msg` WHERE ( `messageId` > '78' AND `messageId` < 81  )  [ RunTime:0.0002s ]
INFO: [ app_end ] --START--
INFO: Run Behavior\ShowPageTraceBehavior [ RunTime:0.000403s ]
INFO: [ app_end ] --END-- [ RunTime:0.000443s ]

[ 2016-05-08T14:37:50+08:00 ] 172.33.12.161 /Stock/index.php?m=Home&c=Index&a=getMessage&startId=80
INFO: [ app_init ] --START--
INFO: Run Behavior\BuildLiteBehavior [ RunTime:0.000008s ]
INFO: [ app_init ] --END-- [ RunTime:0.000175s ]
INFO: [ app_begin ] --START--
INFO: Run Behavior\ReadHtmlCacheBehavior [ RunTime:0.000220s ]
INFO: [ app_begin ] --END-- [ RunTime:0.000244s ]
NOTIC: [2048] Declaration of Home\Controller\IndexController::show() should be compatible with Think\Controller::show($content, $charset = '', $contentType = '', $prefix = '') /Users/study/PHP/devspace/Stock/Home/Controller/IndexController.class.php 第 34 行.
SQL: SHOW COLUMNS FROM `message` [ RunTime:0.0004s ]
SQL: SHOW COLUMNS FROM `barrage_msg` [ RunTime:0.0003s ]
SQL: SELECT * FROM `barrage_msg` WHERE ( `messageId` > '80' AND `messageId` < 83  )  [ RunTime:0.0002s ]
INFO: [ app_end ] --START--
INFO: Run Behavior\ShowPageTraceBehavior [ RunTime:0.000250s ]
INFO: [ app_end ] --END-- [ RunTime:0.000275s ]

[ 2016-05-08T14:37:53+08:00 ] 172.33.12.161 /Stock/index.php?m=Home&c=Index&a=getMessage&startId=82
INFO: [ app_init ] --START--
INFO: Run Behavior\BuildLiteBehavior [ RunTime:0.000012s ]
INFO: [ app_init ] --END-- [ RunTime:0.000251s ]
INFO: [ app_begin ] --START--
INFO: Run Behavior\ReadHtmlCacheBehavior [ RunTime:0.000326s ]
INFO: [ app_begin ] --END-- [ RunTime:0.000368s ]
NOTIC: [2048] Declaration of Home\Controller\IndexController::show() should be compatible with Think\Controller::show($content, $charset = '', $contentType = '', $prefix = '') /Users/study/PHP/devspace/Stock/Home/Controller/IndexController.class.php 第 34 行.
SQL: SHOW COLUMNS FROM `message` [ RunTime:0.0004s ]
SQL: SHOW COLUMNS FROM `barrage_msg` [ RunTime:0.0003s ]
SQL: SELECT * FROM `barrage_msg` WHERE ( `messageId` > '82' AND `messageId` < 85  )  [ RunTime:0.0002s ]
INFO: [ app_end ] --START--
INFO: Run Behavior\ShowPageTraceBehavior [ RunTime:0.000284s ]
INFO: [ app_end ] --END-- [ RunTime:0.000311s ]

[ 2016-05-08T14:37:56+08:00 ] 172.33.12.161 /Stock/index.php?m=Home&c=Index&a=getMessage&startId=84
INFO: [ app_init ] --START--
INFO: Run Behavior\BuildLiteBehavior [ RunTime:0.000008s ]
INFO: [ app_init ] --END-- [ RunTime:0.000188s ]
INFO: [ app_begin ] --START--
INFO: Run Behavior\ReadHtmlCacheBehavior [ RunTime:0.000232s ]
INFO: [ app_begin ] --END-- [ RunTime:0.000257s ]
NOTIC: [2048] Declaration of Home\Controller\IndexController::show() should be compatible with Think\Controller::show($content, $charset = '', $contentType = '', $prefix = '') /Users/study/PHP/devspace/Stock/Home/Controller/IndexController.class.php 第 34 行.
SQL: SHOW COLUMNS FROM `message` [ RunTime:0.0003s ]
SQL: SHOW COLUMNS FROM `barrage_msg` [ RunTime:0.0003s ]
SQL: SELECT * FROM `barrage_msg` WHERE ( `messageId` > '84' AND `messageId` < 87  )  [ RunTime:0.0002s ]
INFO: [ app_end ] --START--
INFO: Run Behavior\ShowPageTraceBehavior [ RunTime:0.000250s ]
INFO: [ app_end ] --END-- [ RunTime:0.000275s ]

[ 2016-05-08T14:37:59+08:00 ] 172.33.12.161 /Stock/index.php?m=Home&c=Index&a=getMessage&startId=86
INFO: [ app_init ] --START--
INFO: Run Behavior\BuildLiteBehavior [ RunTime:0.000008s ]
INFO: [ app_init ] --END-- [ RunTime:0.000185s ]
INFO: [ app_begin ] --START--
INFO: Run Behavior\ReadHtmlCacheBehavior [ RunTime:0.000245s ]
INFO: [ app_begin ] --END-- [ RunTime:0.000269s ]
NOTIC: [2048] Declaration of Home\Controller\IndexController::show() should be compatible with Think\Controller::show($content, $charset = '', $contentType = '', $prefix = '') /Users/study/PHP/devspace/Stock/Home/Controller/IndexController.class.php 第 34 行.
SQL: SHOW COLUMNS FROM `message` [ RunTime:0.0003s ]
SQL: SHOW COLUMNS FROM `barrage_msg` [ RunTime:0.0003s ]
SQL: SELECT * FROM `barrage_msg` WHERE ( `messageId` > '86' AND `messageId` < 89  )  [ RunTime:0.0002s ]
INFO: [ app_end ] --START--
INFO: Run Behavior\ShowPageTraceBehavior [ RunTime:0.000248s ]
INFO: [ app_end ] --END-- [ RunTime:0.000273s ]

[ 2016-05-08T14:38:02+08:00 ] 172.33.12.161 /Stock/index.php?m=Home&c=Index&a=getMessage&startId=88
INFO: [ app_init ] --START--
INFO: Run Behavior\BuildLiteBehavior [ RunTime:0.000008s ]
INFO: [ app_init ] --END-- [ RunTime:0.000189s ]
INFO: [ app_begin ] --START--
INFO: Run Behavior\ReadHtmlCacheBehavior [ RunTime:0.000229s ]
INFO: [ app_begin ] --END-- [ RunTime:0.000253s ]
NOTIC: [2048] Declaration of Home\Controller\IndexController::show() should be compatible with Think\Controller::show($content, $charset = '', $contentType = '', $prefix = '') /Users/study/PHP/devspace/Stock/Home/Controller/IndexController.class.php 第 34 行.
SQL: SHOW COLUMNS FROM `message` [ RunTime:0.0004s ]
SQL: SHOW COLUMNS FROM `barrage_msg` [ RunTime:0.0003s ]
SQL: SELECT * FROM `barrage_msg` WHERE ( `messageId` > '88' AND `messageId` < 91  )  [ RunTime:0.0002s ]
INFO: [ app_end ] --START--
INFO: Run Behavior\ShowPageTraceBehavior [ RunTime:0.000272s ]
INFO: [ app_end ] --END-- [ RunTime:0.000297s ]

[ 2016-05-08T14:38:05+08:00 ] 172.33.12.161 /Stock/index.php?m=Home&c=Index&a=getMessage&startId=90
INFO: [ app_init ] --START--
INFO: Run Behavior\BuildLiteBehavior [ RunTime:0.000030s ]
INFO: [ app_init ] --END-- [ RunTime:0.000500s ]
INFO: [ app_begin ] --START--
INFO: Run Behavior\ReadHtmlCacheBehavior [ RunTime:0.000272s ]
INFO: [ app_begin ] --END-- [ RunTime:0.000308s ]
NOTIC: [2048] Declaration of Home\Controller\IndexController::show() should be compatible with Think\Controller::show($content, $charset = '', $contentType = '', $prefix = '') /Users/study/PHP/devspace/Stock/Home/Controller/IndexController.class.php 第 34 行.
SQL: SHOW COLUMNS FROM `message` [ RunTime:0.0003s ]
SQL: SHOW COLUMNS FROM `barrage_msg` [ RunTime:0.0003s ]
SQL: SELECT * FROM `barrage_msg` WHERE ( `messageId` > '90' AND `messageId` < 93  )  [ RunTime:0.0003s ]
INFO: [ app_end ] --START--
INFO: Run Behavior\ShowPageTraceBehavior [ RunTime:0.000261s ]
INFO: [ app_end ] --END-- [ RunTime:0.000287s ]

[ 2016-05-08T14:38:08+08:00 ] 172.33.12.161 /Stock/index.php?m=Home&c=Index&a=getMessage&startId=92
INFO: [ app_init ] --START--
INFO: Run Behavior\BuildLiteBehavior [ RunTime:0.000008s ]
INFO: [ app_init ] --END-- [ RunTime:0.000200s ]
INFO: [ app_begin ] --START--
INFO: Run Behavior\ReadHtmlCacheBehavior [ RunTime:0.000248s ]
INFO: [ app_begin ] --END-- [ RunTime:0.000275s ]
NOTIC: [2048] Declaration of Home\Controller\IndexController::show() should be compatible with Think\Controller::show($content, $charset = '', $contentType = '', $prefix = '') /Users/study/PHP/devspace/Stock/Home/Controller/IndexController.class.php 第 34 行.
SQL: SHOW COLUMNS FROM `message` [ RunTime:0.0004s ]
SQL: SHOW COLUMNS FROM `barrage_msg` [ RunTime:0.0003s ]
SQL: SELECT * FROM `barrage_msg` WHERE ( `messageId` > '92' AND `messageId` < 95  )  [ RunTime:0.0003s ]
INFO: [ app_end ] --START--
INFO: Run Behavior\ShowPageTraceBehavior [ RunTime:0.000269s ]
INFO: [ app_end ] --END-- [ RunTime:0.000294s ]

[ 2016-05-08T14:38:11+08:00 ] 172.33.12.161 /Stock/index.php?m=Home&c=Index&a=getMessage&startId=94
INFO: [ app_init ] --START--
INFO: Run Behavior\BuildLiteBehavior [ RunTime:0.000008s ]
INFO: [ app_init ] --END-- [ RunTime:0.000189s ]
INFO: [ app_begin ] --START--
INFO: Run Behavior\ReadHtmlCacheBehavior [ RunTime:0.000223s ]
INFO: [ app_begin ] --END-- [ RunTime:0.000247s ]
NOTIC: [2048] Declaration of Home\Controller\IndexController::show() should be compatible with Think\Controller::show($content, $charset = '', $contentType = '', $prefix = '') /Users/study/PHP/devspace/Stock/Home/Controller/IndexController.class.php 第 34 行.
SQL: SHOW COLUMNS FROM `message` [ RunTime:0.0003s ]
SQL: SHOW COLUMNS FROM `barrage_msg` [ RunTime:0.0002s ]
SQL: SELECT * FROM `barrage_msg` WHERE ( `messageId` > '94' AND `messageId` < 97  )  [ RunTime:0.0002s ]
INFO: [ app_end ] --START--
INFO: Run Behavior\ShowPageTraceBehavior [ RunTime:0.000246s ]
INFO: [ app_end ] --END-- [ RunTime:0.000272s ]

[ 2016-05-08T14:38:14+08:00 ] 172.33.12.161 /Stock/index.php?m=Home&c=Index&a=getMessage&startId=96
INFO: [ app_init ] --START--
INFO: Run Behavior\BuildLiteBehavior [ RunTime:0.000008s ]
INFO: [ app_init ] --END-- [ RunTime:0.000184s ]
INFO: [ app_begin ] --START--
INFO: Run Behavior\ReadHtmlCacheBehavior [ RunTime:0.000214s ]
INFO: [ app_begin ] --END-- [ RunTime:0.000236s ]
NOTIC: [2048] Declaration of Home\Controller\IndexController::show() should be compatible with Think\Controller::show($content, $charset = '', $contentType = '', $prefix = '') /Users/study/PHP/devspace/Stock/Home/Controller/IndexController.class.php 第 34 行.
SQL: SHOW COLUMNS FROM `message` [ RunTime:0.0004s ]
SQL: SHOW COLUMNS FROM `barrage_msg` [ RunTime:0.0004s ]
SQL: SELECT * FROM `barrage_msg` WHERE ( `messageId` > '96' AND `messageId` < 99  )  [ RunTime:0.0003s ]
INFO: [ app_end ] --START--
INFO: Run Behavior\ShowPageTraceBehavior [ RunTime:0.000324s ]
INFO: [ app_end ] --END-- [ RunTime:0.000356s ]

[ 2016-05-08T14:38:17+08:00 ] 172.33.12.161 /Stock/index.php?m=Home&c=Index&a=getMessage&startId=98
INFO: [ app_init ] --START--
INFO: Run Behavior\BuildLiteBehavior [ RunTime:0.000021s ]
INFO: [ app_init ] --END-- [ RunTime:0.000304s ]
INFO: [ app_begin ] --START--
INFO: Run Behavior\ReadHtmlCacheBehavior [ RunTime:0.000290s ]
INFO: [ app_begin ] --END-- [ RunTime:0.000320s ]
NOTIC: [2048] Declaration of Home\Controller\IndexController::show() should be compatible with Think\Controller::show($content, $charset = '', $contentType = '', $prefix = '') /Users/study/PHP/devspace/Stock/Home/Controller/IndexController.class.php 第 34 行.
SQL: SHOW COLUMNS FROM `message` [ RunTime:0.0003s ]
SQL: SHOW COLUMNS FROM `barrage_msg` [ RunTime:0.0003s ]
SQL: SELECT * FROM `barrage_msg` WHERE ( `messageId` > '98' AND `messageId` < 101  )  [ RunTime:0.0002s ]
INFO: [ app_end ] --START--
INFO: Run Behavior\ShowPageTraceBehavior [ RunTime:0.000282s ]
INFO: [ app_end ] --END-- [ RunTime:0.000311s ]

[ 2016-05-08T14:38:20+08:00 ] 172.33.12.161 /Stock/index.php?m=Home&c=Index&a=getMessage&startId=100
INFO: [ app_init ] --START--
INFO: Run Behavior\BuildLiteBehavior [ RunTime:0.000010s ]
INFO: [ app_init ] --END-- [ RunTime:0.000205s ]
INFO: [ app_begin ] --START--
INFO: Run Behavior\ReadHtmlCacheBehavior [ RunTime:0.000250s ]
INFO: [ app_begin ] --END-- [ RunTime:0.000278s ]
NOTIC: [2048] Declaration of Home\Controller\IndexController::show() should be compatible with Think\Controller::show($content, $charset = '', $contentType = '', $prefix = '') /Users/study/PHP/devspace/Stock/Home/Controller/IndexController.class.php 第 34 行.
SQL: SHOW COLUMNS FROM `message` [ RunTime:0.0005s ]
SQL: SHOW COLUMNS FROM `barrage_msg` [ RunTime:0.0003s ]
SQL: SELECT * FROM `barrage_msg` WHERE ( `messageId` > '100' AND `messageId` < 103  )  [ RunTime:0.0003s ]
INFO: [ app_end ] --START--
INFO: Run Behavior\ShowPageTraceBehavior [ RunTime:0.000294s ]
INFO: [ app_end ] --END-- [ RunTime:0.000321s ]

[ 2016-05-08T14:38:23+08:00 ] 172.33.12.161 /Stock/index.php?m=Home&c=Index&a=getMessage&startId=102
INFO: [ app_init ] --START--
INFO: Run Behavior\BuildLiteBehavior [ RunTime:0.000007s ]
INFO: [ app_init ] --END-- [ RunTime:0.000172s ]
INFO: [ app_begin ] --START--
INFO: Run Behavior\ReadHtmlCacheBehavior [ RunTime:0.000219s ]
INFO: [ app_begin ] --END-- [ RunTime:0.000242s ]
NOTIC: [2048] Declaration of Home\Controller\IndexController::show() should be compatible with Think\Controller::show($content, $charset = '', $contentType = '', $prefix = '') /Users/study/PHP/devspace/Stock/Home/Controller/IndexController.class.php 第 34 行.
SQL: SHOW COLUMNS FROM `message` [ RunTime:0.0003s ]
SQL: SHOW COLUMNS FROM `barrage_msg` [ RunTime:0.0003s ]
SQL: SELECT * FROM `barrage_msg` WHERE ( `messageId` > '102' AND `messageId` < 105  )  [ RunTime:0.0002s ]
INFO: [ app_end ] --START--
INFO: Run Behavior\ShowPageTraceBehavior [ RunTime:0.000278s ]
INFO: [ app_end ] --END-- [ RunTime:0.000304s ]

[ 2016-05-08T14:38:26+08:00 ] 172.33.12.161 /Stock/index.php?m=Home&c=Index&a=getMessage&startId=104
INFO: [ app_init ] --START--
INFO: Run Behavior\BuildLiteBehavior [ RunTime:0.000007s ]
INFO: [ app_init ] --END-- [ RunTime:0.000175s ]
INFO: [ app_begin ] --START--
INFO: Run Behavior\ReadHtmlCacheBehavior [ RunTime:0.000211s ]
INFO: [ app_begin ] --END-- [ RunTime:0.000235s ]
NOTIC: [2048] Declaration of Home\Controller\IndexController::show() should be compatible with Think\Controller::show($content, $charset = '', $contentType = '', $prefix = '') /Users/study/PHP/devspace/Stock/Home/Controller/IndexController.class.php 第 34 行.
SQL: SHOW COLUMNS FROM `message` [ RunTime:0.0003s ]
SQL: SHOW COLUMNS FROM `barrage_msg` [ RunTime:0.0003s ]
SQL: SELECT * FROM `barrage_msg` WHERE ( `messageId` > '104' AND `messageId` < 107  )  [ RunTime:0.0002s ]
INFO: [ app_end ] --START--
INFO: Run Behavior\ShowPageTraceBehavior [ RunTime:0.000275s ]
INFO: [ app_end ] --END-- [ RunTime:0.000301s ]

[ 2016-05-08T14:38:29+08:00 ] 172.33.12.161 /Stock/index.php?m=Home&c=Index&a=getMessage&startId=106
INFO: [ app_init ] --START--
INFO: Run Behavior\BuildLiteBehavior [ RunTime:0.000007s ]
INFO: [ app_init ] --END-- [ RunTime:0.000166s ]
INFO: [ app_begin ] --START--
INFO: Run Behavior\ReadHtmlCacheBehavior [ RunTime:0.000212s ]
INFO: [ app_begin ] --END-- [ RunTime:0.000235s ]
NOTIC: [2048] Declaration of Home\Controller\IndexController::show() should be compatible with Think\Controller::show($content, $charset = '', $contentType = '', $prefix = '') /Users/study/PHP/devspace/Stock/Home/Controller/IndexController.class.php 第 34 行.
SQL: SHOW COLUMNS FROM `message` [ RunTime:0.0004s ]
SQL: SHOW COLUMNS FROM `barrage_msg` [ RunTime:0.0003s ]
SQL: SELECT * FROM `barrage_msg` WHERE ( `messageId` > '106' AND `messageId` < 109  )  [ RunTime:0.0002s ]
INFO: [ app_end ] --START--
INFO: Run Behavior\ShowPageTraceBehavior [ RunTime:0.000261s ]
INFO: [ app_end ] --END-- [ RunTime:0.000285s ]

[ 2016-05-08T14:41:39+08:00 ] 127.0.0.1 /Stock/index.php?m=Home&c=Index&a=index
INFO: [ app_init ] --START--
INFO: Run Behavior\BuildLiteBehavior [ RunTime:0.000009s ]
INFO: [ app_init ] --END-- [ RunTime:0.000178s ]

[ 2016-05-08T15:49:40+08:00 ] 127.0.0.1 /Stock/index.php?m=Home&c=Login&a=index
INFO: [ app_init ] --START--
INFO: Run Behavior\BuildLiteBehavior [ RunTime:0.000009s ]
INFO: [ app_init ] --END-- [ RunTime:0.000206s ]
ERR: 无法加载控制器:Login

[ 2016-05-08T15:49:54+08:00 ] 127.0.0.1 /Stock/index.php?m=Home&c=Login&a=index
INFO: [ app_init ] --START--
INFO: Run Behavior\BuildLiteBehavior [ RunTime:0.000007s ]
INFO: [ app_init ] --END-- [ RunTime:0.000168s ]

[ 2016-05-08T16:02:56+08:00 ] 127.0.0.1 /Stock/index.php?m=Home&c=Login&a=index
INFO: [ app_init ] --START--
INFO: Run Behavior\BuildLiteBehavior [ RunTime:0.000007s ]
INFO: [ app_init ] --END-- [ RunTime:0.000192s ]
ERR: 模板不存在:/Users/study/PHP/devspace//Stock/Home/View/Login/index.html

[ 2016-05-08T16:02:59+08:00 ] 127.0.0.1 /Stock/index.php?m=Home&c=Index&a=index
INFO: [ app_init ] --START--
INFO: Run Behavior\BuildLiteBehavior [ RunTime:0.000007s ]
INFO: [ app_init ] --END-- [ RunTime:0.000204s ]

[ 2016-05-08T16:06:25+08:00 ] 127.0.0.1 /Stock/index.php
INFO: [ app_init ] --START--
INFO: Run Behavior\BuildLiteBehavior [ RunTime:0.000008s ]
INFO: [ app_init ] --END-- [ RunTime:0.000183s ]

[ 2016-05-08T16:07:06+08:00 ] 127.0.0.1 /Stock/index.php
INFO: [ app_init ] --START--
INFO: Run Behavior\BuildLiteBehavior [ RunTime:0.000010s ]
INFO: [ app_init ] --END-- [ RunTime:0.000256s ]

[ 2016-05-08T16:07:39+08:00 ] 127.0.0.1 /Stock/index.php?m=Home&c=Index&a=index
INFO: [ app_init ] --START--
INFO: Run Behavior\BuildLiteBehavior [ RunTime:0.000010s ]
INFO: [ app_init ] --END-- [ RunTime:0.000232s ]

[ 2016-05-08T16:12:26+08:00 ] 127.0.0.1 /Stock/index.php?m=Home&c=Index&a=index
INFO: [ app_init ] --START--
INFO: Run Behavior\BuildLiteBehavior [ RunTime:0.000008s ]
INFO: [ app_init ] --END-- [ RunTime:0.000180s ]

[ 2016-05-08T16:14:24+08:00 ] 127.0.0.1 /Stock/index.php?m=Home&c=Index&a=index
INFO: [ app_init ] --START--
INFO: Run Behavior\BuildLiteBehavior [ RunTime:0.000008s ]
INFO: [ app_init ] --END-- [ RunTime:0.000177s ]

[ 2016-05-08T16:15:32+08:00 ] 127.0.0.1 /Stock/index.php?m=Home&c=Index&a=index
INFO: [ app_init ] --START--
INFO: Run Behavior\BuildLiteBehavior [ RunTime:0.000007s ]
INFO: [ app_init ] --END-- [ RunTime:0.000179s ]

[ 2016-05-08T16:45:53+08:00 ] 127.0.0.1 /Stock/index.php?/Home/Index/index.html
INFO: [ app_init ] --START--
INFO: Run Behavior\BuildLiteBehavior [ RunTime:0.000008s ]
INFO: [ app_init ] --END-- [ RunTime:0.000188s ]

[ 2016-05-08T16:46:14+08:00 ] 127.0.0.1 /Stock/index.php?/Home/Index/index.html
INFO: [ app_init ] --START--
INFO: Run Behavior\BuildLiteBehavior [ RunTime:0.000008s ]
INFO: [ app_init ] --END-- [ RunTime:0.000182s ]

[ 2016-05-08T16:46:21+08:00 ] 127.0.0.1 /Stock/index.php?/Home/Login/login.html
INFO: [ app_init ] --START--
INFO: Run Behavior\BuildLiteBehavior [ RunTime:0.000008s ]
INFO: [ app_init ] --END-- [ RunTime:0.000182s ]

[ 2016-05-08T16:46:29+08:00 ] 127.0.0.1 /Stock/index.php?/Home/Login/login.html
INFO: [ app_init ] --START--
INFO: Run Behavior\BuildLiteBehavior [ RunTime:0.000008s ]
INFO: [ app_init ] --END-- [ RunTime:0.000195s ]

[ 2016-05-08T16:46:49+08:00 ] 127.0.0.1 /Stock/index.php?/Home/Index/index.html
INFO: [ app_init ] --START--
INFO: Run Behavior\BuildLiteBehavior [ RunTime:0.000008s ]
INFO: [ app_init ] --END-- [ RunTime:0.000167s ]

[ 2016-05-08T16:46:55+08:00 ] 127.0.0.1 /Stock/index.php?/Home/Login/login.html
INFO: [ app_init ] --START--
INFO: Run Behavior\BuildLiteBehavior [ RunTime:0.000007s ]
INFO: [ app_init ] --END-- [ RunTime:0.000166s ]

[ 2016-05-08T16:47:03+08:00 ] 127.0.0.1 /Stock/index.php?m=Home&c=Index&a=index
INFO: [ app_init ] --START--
INFO: Run Behavior\BuildLiteBehavior [ RunTime:0.000008s ]
INFO: [ app_init ] --END-- [ RunTime:0.000182s ]

[ 2016-05-08T16:47:21+08:00 ] 127.0.0.1 /Stock/index.php?m=Home&c=Index&a=index
INFO: [ app_init ] --START--
INFO: Run Behavior\BuildLiteBehavior [ RunTime:0.000008s ]
INFO: [ app_init ] --END-- [ RunTime:0.000171s ]

[ 2016-05-08T16:56:25+08:00 ] 127.0.0.1 /Stock/index.php?/Home/Index/index
INFO: [ app_init ] --START--
INFO: Run Behavior\BuildLiteBehavior [ RunTime:0.000019s ]
INFO: [ app_init ] --END-- [ RunTime:0.000204s ]

[ 2016-05-08T16:56:29+08:00 ] 127.0.0.1 /Stock/index.php?/Home/Index/index
INFO: [ app_init ] --START--
INFO: Run Behavior\BuildLiteBehavior [ RunTime:0.000008s ]
INFO: [ app_init ] --END-- [ RunTime:0.000185s ]

[ 2016-05-08T16:56:29+08:00 ] 172.33.12.161 /Stock/index.php?m=Home&c=Index&a=getMessage&startId=0
INFO: [ app_init ] --START--
INFO: Run Behavior\BuildLiteBehavior [ RunTime:0.000010s ]
INFO: [ app_init ] --END-- [ RunTime:0.000188s ]

[ 2016-05-08T16:56:31+08:00 ] 127.0.0.1 /Stock/index.php?/Home/Index/index
INFO: [ app_init ] --START--
INFO: Run Behavior\BuildLiteBehavior [ RunTime:0.000007s ]
INFO: [ app_init ] --END-- [ RunTime:0.000175s ]

[ 2016-05-08T16:56:31+08:00 ] 172.33.12.161 /Stock/index.php?m=Home&c=Index&a=getMessage&startId=0
INFO: [ app_init ] --START--
INFO: Run Behavior\BuildLiteBehavior [ RunTime:0.000010s ]
INFO: [ app_init ] --END-- [ RunTime:0.000215s ]

[ 2016-05-08T16:56:34+08:00 ] 172.33.12.161 /Stock/index.php?m=Home&c=Index&a=getMessage&startId=2
INFO: [ app_init ] --START--
INFO: Run Behavior\BuildLiteBehavior [ RunTime:0.000008s ]
INFO: [ app_init ] --END-- [ RunTime:0.000193s ]

[ 2016-05-08T16:56:37+08:00 ] 172.33.12.161 /Stock/index.php?m=Home&c=Index&a=getMessage&startId=4
INFO: [ app_init ] --START--
INFO: Run Behavior\BuildLiteBehavior [ RunTime:0.000010s ]
INFO: [ app_init ] --END-- [ RunTime:0.000230s ]

[ 2016-05-08T16:56:40+08:00 ] 172.33.12.161 /Stock/index.php?m=Home&c=Index&a=getMessage&startId=6
INFO: [ app_init ] --START--
INFO: Run Behavior\BuildLiteBehavior [ RunTime:0.000009s ]
INFO: [ app_init ] --END-- [ RunTime:0.000197s ]

[ 2016-05-08T16:56:43+08:00 ] 172.33.12.161 /Stock/index.php?m=Home&c=Index&a=getMessage&startId=8
INFO: [ app_init ] --START--
INFO: Run Behavior\BuildLiteBehavior [ RunTime:0.000009s ]
INFO: [ app_init ] --END-- [ RunTime:0.000194s ]

[ 2016-05-08T16:56:44+08:00 ] 127.0.0.1 /Stock/index.php?/Home/Login/login.html
INFO: [ app_init ] --START--
INFO: Run Behavior\BuildLiteBehavior [ RunTime:0.000007s ]
INFO: [ app_init ] --END-- [ RunTime:0.000173s ]

[ 2016-05-08T16:56:44+08:00 ] 172.33.12.161 /Stock/index.php?m=Home&c=Index&a=getMessage&startId=0
INFO: [ app_init ] --START--
INFO: Run Behavior\BuildLiteBehavior [ RunTime:0.000010s ]
INFO: [ app_init ] --END-- [ RunTime:0.000196s ]

[ 2016-05-08T16:56:47+08:00 ] 172.33.12.161 /Stock/index.php?m=Home&c=Index&a=getMessage&startId=2
INFO: [ app_init ] --START--
INFO: Run Behavior\BuildLiteBehavior [ RunTime:0.000008s ]
INFO: [ app_init ] --END-- [ RunTime:0.000198s ]

[ 2016-05-08T16:56:50+08:00 ] 172.33.12.161 /Stock/index.php?m=Home&c=Index&a=getMessage&startId=4
INFO: [ app_init ] --START--
INFO: Run Behavior\BuildLiteBehavior [ RunTime:0.000009s ]
INFO: [ app_init ] --END-- [ RunTime:0.000192s ]

[ 2016-05-08T16:56:53+08:00 ] 172.33.12.161 /Stock/index.php?m=Home&c=Index&a=getMessage&startId=6
INFO: [ app_init ] --START--
INFO: Run Behavior\BuildLiteBehavior [ RunTime:0.000010s ]
INFO: [ app_init ] --END-- [ RunTime:0.000213s ]

[ 2016-05-08T16:56:56+08:00 ] 172.33.12.161 /Stock/index.php?m=Home&c=Index&a=getMessage&startId=8
INFO: [ app_init ] --START--
INFO: Run Behavior\BuildLiteBehavior [ RunTime:0.000009s ]
INFO: [ app_init ] --END-- [ RunTime:0.000205s ]

[ 2016-05-08T16:57:00+08:00 ] 172.33.12.161 /Stock/index.php?m=Home&c=Index&a=getMessage&startId=10
INFO: [ app_init ] --START--
INFO: Run Behavior\BuildLiteBehavior [ RunTime:0.000009s ]
INFO: [ app_init ] --END-- [ RunTime:0.000203s ]

[ 2016-05-08T16:57:03+08:00 ] 172.33.12.161 /Stock/index.php?m=Home&c=Index&a=getMessage&startId=12
INFO: [ app_init ] --START--
INFO: Run Behavior\BuildLiteBehavior [ RunTime:0.000008s ]
INFO: [ app_init ] --END-- [ RunTime:0.000170s ]

[ 2016-05-08T16:57:06+08:00 ] 172.33.12.161 /Stock/index.php?m=Home&c=Index&a=getMessage&startId=14
INFO: [ app_init ] --START--
INFO: Run Behavior\BuildLiteBehavior [ RunTime:0.000009s ]
INFO: [ app_init ] --END-- [ RunTime:0.000211s ]

[ 2016-05-08T16:57:09+08:00 ] 172.33.12.161 /Stock/index.php?m=Home&c=Index&a=getMessage&startId=16
INFO: [ app_init ] --START--
INFO: Run Behavior\BuildLiteBehavior [ RunTime:0.000009s ]
INFO: [ app_init ] --END-- [ RunTime:0.000183s ]

[ 2016-05-08T16:57:13+08:00 ] 172.33.12.161 /Stock/index.php?m=Home&c=Index&a=getMessage&startId=18
INFO: [ app_init ] --START--
INFO: Run Behavior\BuildLiteBehavior [ RunTime:0.000040s ]
INFO: [ app_init ] --END-- [ RunTime:0.000260s ]

[ 2016-05-08T16:57:16+08:00 ] 172.33.12.161 /Stock/index.php?m=Home&c=Index&a=getMessage&startId=20
INFO: [ app_init ] --START--
INFO: Run Behavior\BuildLiteBehavior [ RunTime:0.000009s ]
INFO: [ app_init ] --END-- [ RunTime:0.000194s ]

[ 2016-05-08T16:57:17+08:00 ] 172.33.12.161 /Stock/index.php?m=Home&c=Index&a=getMessage&startId=22
INFO: [ app_init ] --START--
INFO: Run Behavior\BuildLiteBehavior [ RunTime:0.000010s ]
INFO: [ app_init ] --END-- [ RunTime:0.000217s ]

[ 2016-05-08T16:57:20+08:00 ] 172.33.12.161 /Stock/index.php?m=Home&c=Index&a=getMessage&startId=24
INFO: [ app_init ] --START--
INFO: Run Behavior\BuildLiteBehavior [ RunTime:0.000009s ]
INFO: [ app_init ] --END-- [ RunTime:0.000197s ]

[ 2016-05-08T16:57:25+08:00 ] 172.33.12.161 /Stock/index.php?m=Home&c=Index&a=getMessage&startId=26
INFO: [ app_init ] --START--
INFO: Run Behavior\BuildLiteBehavior [ RunTime:0.000009s ]
INFO: [ app_init ] --END-- [ RunTime:0.000231s ]

[ 2016-05-08T16:57:27+08:00 ] 172.33.12.161 /Stock/index.php?m=Home&c=Index&a=getMessage&startId=28
INFO: [ app_init ] --START--
INFO: Run Behavior\BuildLiteBehavior [ RunTime:0.000009s ]
INFO: [ app_init ] --END-- [ RunTime:0.000201s ]

[ 2016-05-08T16:57:31+08:00 ] 172.33.12.161 /Stock/index.php?m=Home&c=Index&a=getMessage&startId=30
INFO: [ app_init ] --START--
INFO: Run Behavior\BuildLiteBehavior [ RunTime:0.000010s ]
INFO: [ app_init ] --END-- [ RunTime:0.000220s ]

[ 2016-05-08T16:57:33+08:00 ] 172.33.12.161 /Stock/index.php?m=Home&c=Index&a=getMessage&startId=32
INFO: [ app_init ] --START--
INFO: Run Behavior\BuildLiteBehavior [ RunTime:0.000010s ]
INFO: [ app_init ] --END-- [ RunTime:0.000211s ]

[ 2016-05-08T16:57:36+08:00 ] 172.33.12.161 /Stock/index.php?m=Home&c=Index&a=getMessage&startId=34
INFO: [ app_init ] --START--
INFO: Run Behavior\BuildLiteBehavior [ RunTime:0.000008s ]
INFO: [ app_init ] --END-- [ RunTime:0.000187s ]

[ 2016-05-08T16:57:40+08:00 ] 172.33.12.161 /Stock/index.php?m=Home&c=Index&a=getMessage&startId=36
INFO: [ app_init ] --START--
INFO: Run Behavior\BuildLiteBehavior [ RunTime:0.000008s ]
INFO: [ app_init ] --END-- [ RunTime:0.000198s ]

[ 2016-05-08T16:57:42+08:00 ] 172.33.12.161 /Stock/index.php?m=Home&c=Index&a=getMessage&startId=38
INFO: [ app_init ] --START--
INFO: Run Behavior\BuildLiteBehavior [ RunTime:0.000010s ]
INFO: [ app_init ] --END-- [ RunTime:0.000225s ]

[ 2016-05-08T16:57:45+08:00 ] 172.33.12.161 /Stock/index.php?m=Home&c=Index&a=getMessage&startId=40
INFO: [ app_init ] --START--
INFO: Run Behavior\BuildLiteBehavior [ RunTime:0.000009s ]
INFO: [ app_init ] --END-- [ RunTime:0.000194s ]

[ 2016-05-08T16:57:49+08:00 ] 172.33.12.161 /Stock/index.php?m=Home&c=Index&a=getMessage&startId=42
INFO: [ app_init ] --START--
INFO: Run Behavior\BuildLiteBehavior [ RunTime:0.000008s ]
INFO: [ app_init ] --END-- [ RunTime:0.000181s ]

[ 2016-05-08T16:57:52+08:00 ] 172.33.12.161 /Stock/index.php?m=Home&c=Index&a=getMessage&startId=44
INFO: [ app_init ] --START--
INFO: Run Behavior\BuildLiteBehavior [ RunTime:0.000008s ]
INFO: [ app_init ] --END-- [ RunTime:0.000197s ]

[ 2016-05-08T16:57:55+08:00 ] 172.33.12.161 /Stock/index.php?m=Home&c=Index&a=getMessage&startId=46
INFO: [ app_init ] --START--
INFO: Run Behavior\BuildLiteBehavior [ RunTime:0.000009s ]
INFO: [ app_init ] --END-- [ RunTime:0.000217s ]

[ 2016-05-08T16:57:58+08:00 ] 172.33.12.161 /Stock/index.php?m=Home&c=Index&a=getMessage&startId=48
INFO: [ app_init ] --START--
INFO: Run Behavior\BuildLiteBehavior [ RunTime:0.000008s ]
INFO: [ app_init ] --END-- [ RunTime:0.000201s ]

[ 2016-05-08T16:58:00+08:00 ] 172.33.12.161 /Stock/index.php?m=Home&c=Index&a=getMessage&startId=50
INFO: [ app_init ] --START--
INFO: Run Behavior\BuildLiteBehavior [ RunTime:0.000009s ]
INFO: [ app_init ] --END-- [ RunTime:0.000249s ]

[ 2016-05-08T16:58:04+08:00 ] 172.33.12.161 /Stock/index.php?m=Home&c=Index&a=getMessage&startId=52
INFO: [ app_init ] --START--
INFO: Run Behavior\BuildLiteBehavior [ RunTime:0.000009s ]
INFO: [ app_init ] --END-- [ RunTime:0.000195s ]

[ 2016-05-08T16:58:07+08:00 ] 172.33.12.161 /Stock/index.php?m=Home&c=Index&a=getMessage&startId=54
INFO: [ app_init ] --START--
INFO: Run Behavior\BuildLiteBehavior [ RunTime:0.000008s ]
INFO: [ app_init ] --END-- [ RunTime:0.000198s ]

[ 2016-05-08T16:58:10+08:00 ] 172.33.12.161 /Stock/index.php?m=Home&c=Index&a=getMessage&startId=56
INFO: [ app_init ] --START--
INFO: Run Behavior\BuildLiteBehavior [ RunTime:0.000009s ]
INFO: [ app_init ] --END-- [ RunTime:0.000201s ]

[ 2016-05-08T16:58:13+08:00 ] 172.33.12.161 /Stock/index.php?m=Home&c=Index&a=getMessage&startId=58
INFO: [ app_init ] --START--
INFO: Run Behavior\BuildLiteBehavior [ RunTime:0.000009s ]
INFO: [ app_init ] --END-- [ RunTime:0.000196s ]

[ 2016-05-08T16:58:15+08:00 ] 172.33.12.161 /Stock/index.php?m=Home&c=Index&a=getMessage&startId=60
INFO: [ app_init ] --START--
INFO: Run Behavior\BuildLiteBehavior [ RunTime:0.000009s ]
INFO: [ app_init ] --END-- [ RunTime:0.000234s ]

[ 2016-05-08T16:58:19+08:00 ] 172.33.12.161 /Stock/index.php?m=Home&c=Index&a=getMessage&startId=62
INFO: [ app_init ] --START--
INFO: Run Behavior\BuildLiteBehavior [ RunTime:0.000008s ]
INFO: [ app_init ] --END-- [ RunTime:0.000176s ]

[ 2016-05-08T16:58:22+08:00 ] 172.33.12.161 /Stock/index.php?m=Home&c=Index&a=getMessage&startId=64
INFO: [ app_init ] --START--
INFO: Run Behavior\BuildLiteBehavior [ RunTime:0.000008s ]
INFO: [ app_init ] --END-- [ RunTime:0.000194s ]

[ 2016-05-08T16:58:24+08:00 ] 172.33.12.161 /Stock/index.php?m=Home&c=Index&a=getMessage&startId=66
INFO: [ app_init ] --START--
INFO: Run Behavior\BuildLiteBehavior [ RunTime:0.000009s ]
INFO: [ app_init ] --END-- [ RunTime:0.000193s ]

[ 2016-05-08T16:58:27+08:00 ] 172.33.12.161 /Stock/index.php?m=Home&c=Index&a=getMessage&startId=68
INFO: [ app_init ] --START--
INFO: Run Behavior\BuildLiteBehavior [ RunTime:0.000009s ]
INFO: [ app_init ] --END-- [ RunTime:0.000204s ]

[ 2016-05-08T16:58:29+08:00 ] 172.33.12.161 /Stock/index.php?m=Home&c=Index&a=getMessage&startId=70
INFO: [ app_init ] --START--
INFO: Run Behavior\BuildLiteBehavior [ RunTime:0.000009s ]
INFO: [ app_init ] --END-- [ RunTime:0.000199s ]

[ 2016-05-08T16:58:30+08:00 ] 127.0.0.1 /Stock/index.php?/Home/Login/login.html
INFO: [ app_init ] --START--
INFO: Run Behavior\BuildLiteBehavior [ RunTime:0.000008s ]
INFO: [ app_init ] --END-- [ RunTime:0.000173s ]

[ 2016-05-08T16:58:30+08:00 ] 172.33.12.161 /Stock/index.php?m=Home&c=Index&a=getMessage&startId=0
INFO: [ app_init ] --START--
INFO: Run Behavior\BuildLiteBehavior [ RunTime:0.000017s ]
INFO: [ app_init ] --END-- [ RunTime:0.000304s ]

[ 2016-05-08T16:58:32+08:00 ] 127.0.0.1 /Stock/index.php?/Home/Login/login.html
INFO: [ app_init ] --START--
INFO: Run Behavior\BuildLiteBehavior [ RunTime:0.000007s ]
INFO: [ app_init ] --END-- [ RunTime:0.000169s ]

[ 2016-05-08T16:58:32+08:00 ] 172.33.12.161 /Stock/index.php?m=Home&c=Index&a=getMessage&startId=0
INFO: [ app_init ] --START--
INFO: Run Behavior\BuildLiteBehavior [ RunTime:0.000008s ]
INFO: [ app_init ] --END-- [ RunTime:0.000181s ]

[ 2016-05-08T16:58:32+08:00 ] 127.0.0.1 /Stock/index.php?/Home/Login/login.html
INFO: [ app_init ] --START--
INFO: Run Behavior\BuildLiteBehavior [ RunTime:0.000007s ]
INFO: [ app_init ] --END-- [ RunTime:0.000166s ]

[ 2016-05-08T16:58:32+08:00 ] 127.0.0.1 /Stock/index.php?/Home/Login/login.html
INFO: [ app_init ] --START--
INFO: Run Behavior\BuildLiteBehavior [ RunTime:0.000008s ]
INFO: [ app_init ] --END-- [ RunTime:0.000174s ]

[ 2016-05-08T16:58:32+08:00 ] 127.0.0.1 /Stock/index.php?/Home/Login/login.html
INFO: [ app_init ] --START--
INFO: Run Behavior\BuildLiteBehavior [ RunTime:0.000010s ]
INFO: [ app_init ] --END-- [ RunTime:0.000187s ]

[ 2016-05-08T16:58:32+08:00 ] 127.0.0.1 /Stock/index.php?/Home/Login/login.html
INFO: [ app_init ] --START--
INFO: Run Behavior\BuildLiteBehavior [ RunTime:0.000006s ]
INFO: [ app_init ] --END-- [ RunTime:0.000165s ]

[ 2016-05-08T16:58:33+08:00 ] 127.0.0.1 /Stock/index.php?/Home/Login/login.html
INFO: [ app_init ] --START--
INFO: Run Behavior\BuildLiteBehavior [ RunTime:0.000008s ]
INFO: [ app_init ] --END-- [ RunTime:0.000181s ]

[ 2016-05-08T16:58:33+08:00 ] 127.0.0.1 /Stock/index.php?/Home/Login/login.html
INFO: [ app_init ] --START--
INFO: Run Behavior\BuildLiteBehavior [ RunTime:0.000008s ]
INFO: [ app_init ] --END-- [ RunTime:0.000187s ]

[ 2016-05-08T16:58:33+08:00 ] 172.33.12.161 /Stock/index.php?m=Home&c=Index&a=getMessage&startId=0
INFO: [ app_init ] --START--
INFO: Run Behavior\BuildLiteBehavior [ RunTime:0.000012s ]
INFO: [ app_init ] --END-- [ RunTime:0.000265s ]

[ 2016-05-08T16:58:36+08:00 ] 172.33.12.161 /Stock/index.php?m=Home&c=Index&a=getMessage&startId=2
INFO: [ app_init ] --START--
INFO: Run Behavior\BuildLiteBehavior [ RunTime:0.000011s ]
INFO: [ app_init ] --END-- [ RunTime:0.000238s ]

[ 2016-05-08T16:58:39+08:00 ] 172.33.12.161 /Stock/index.php?m=Home&c=Index&a=getMessage&startId=4
INFO: [ app_init ] --START--
INFO: Run Behavior\BuildLiteBehavior [ RunTime:0.000010s ]
INFO: [ app_init ] --END-- [ RunTime:0.000283s ]

[ 2016-05-08T16:58:41+08:00 ] 127.0.0.1 /Stock/index.php?m=Home&c=Index&a=index
INFO: [ app_init ] --START--
INFO: Run Behavior\BuildLiteBehavior [ RunTime:0.000008s ]
INFO: [ app_init ] --END-- [ RunTime:0.000176s ]

[ 2016-05-08T16:58:41+08:00 ] 172.33.12.161 /Stock/index.php?m=Home&c=Index&a=getMessage&startId=0
INFO: [ app_init ] --START--
INFO: Run Behavior\BuildLiteBehavior [ RunTime:0.000020s ]
INFO: [ app_init ] --END-- [ RunTime:0.000382s ]

[ 2016-05-08T16:58:44+08:00 ] 172.33.12.161 /Stock/index.php?m=Home&c=Index&a=getMessage&startId=2
INFO: [ app_init ] --START--
INFO: Run Behavior\BuildLiteBehavior [ RunTime:0.000009s ]
INFO: [ app_init ] --END-- [ RunTime:0.000199s ]

[ 2016-05-08T16:58:47+08:00 ] 172.33.12.161 /Stock/index.php?m=Home&c=Index&a=getMessage&startId=4
INFO: [ app_init ] --START--
INFO: Run Behavior\BuildLiteBehavior [ RunTime:0.000010s ]
INFO: [ app_init ] --END-- [ RunTime:0.000218s ]

[ 2016-05-08T16:58:50+08:00 ] 172.33.12.161 /Stock/index.php?m=Home&c=Index&a=getMessage&startId=6
INFO: [ app_init ] --START--
INFO: Run Behavior\BuildLiteBehavior [ RunTime:0.000009s ]
INFO: [ app_init ] --END-- [ RunTime:0.000221s ]

[ 2016-05-08T16:58:53+08:00 ] 172.33.12.161 /Stock/index.php?m=Home&c=Index&a=getMessage&startId=8
INFO: [ app_init ] --START--
INFO: Run Behavior\BuildLiteBehavior [ RunTime:0.000009s ]
INFO: [ app_init ] --END-- [ RunTime:0.000206s ]

[ 2016-05-08T16:58:56+08:00 ] 172.33.12.161 /Stock/index.php?m=Home&c=Index&a=getMessage&startId=10
INFO: [ app_init ] --START--
INFO: Run Behavior\BuildLiteBehavior [ RunTime:0.000010s ]
INFO: [ app_init ] --END-- [ RunTime:0.000194s ]

[ 2016-05-08T16:58:59+08:00 ] 172.33.12.161 /Stock/index.php?m=Home&c=Index&a=getMessage&startId=12
INFO: [ app_init ] --START--
INFO: Run Behavior\BuildLiteBehavior [ RunTime:0.000009s ]
INFO: [ app_init ] --END-- [ RunTime:0.000199s ]

[ 2016-05-08T16:59:08+08:00 ] 127.0.0.1 /Stock/index.php?/Home/Index/index
INFO: [ app_init ] --START--
INFO: Run Behavior\BuildLiteBehavior [ RunTime:0.000008s ]
INFO: [ app_init ] --END-- [ RunTime:0.000176s ]

[ 2016-05-08T16:59:08+08:00 ] 172.33.12.161 /Stock/index.php?m=Home&c=Index&a=getMessage&startId=0
INFO: [ app_init ] --START--
INFO: Run Behavior\BuildLiteBehavior [ RunTime:0.000010s ]
INFO: [ app_init ] --END-- [ RunTime:0.000204s ]

[ 2016-05-08T16:59:11+08:00 ] 172.33.12.161 /Stock/index.php?m=Home&c=Index&a=getMessage&startId=2
INFO: [ app_init ] --START--
INFO: Run Behavior\BuildLiteBehavior [ RunTime:0.000008s ]
INFO: [ app_init ] --END-- [ RunTime:0.000181s ]

[ 2016-05-08T17:03:57+08:00 ] 172.33.12.161 /Stock/index.php?m=Home&c=Index&a=getMessage&startId=0
INFO: [ app_init ] --START--
INFO: Run Behavior\BuildLiteBehavior [ RunTime:0.000008s ]
INFO: [ app_init ] --END-- [ RunTime:0.000179s ]

[ 2016-05-08T17:04:00+08:00 ] 172.33.12.161 /Stock/index.php?m=Home&c=Index&a=getMessage&startId=0
INFO: [ app_init ] --START--
INFO: Run Behavior\BuildLiteBehavior [ RunTime:0.000009s ]
INFO: [ app_init ] --END-- [ RunTime:0.000184s ]

[ 2016-05-08T17:04:03+08:00 ] 172.33.12.161 /Stock/index.php?m=Home&c=Index&a=getMessage&startId=2
INFO: [ app_init ] --START--
INFO: Run Behavior\BuildLiteBehavior [ RunTime:0.000008s ]
INFO: [ app_init ] --END-- [ RunTime:0.000202s ]

[ 2016-05-08T17:04:06+08:00 ] 172.33.12.161 /Stock/index.php?m=Home&c=Index&a=getMessage&startId=4
INFO: [ app_init ] --START--
INFO: Run Behavior\BuildLiteBehavior [ RunTime:0.000009s ]
INFO: [ app_init ] --END-- [ RunTime:0.000203s ]

[ 2016-05-08T17:04:09+08:00 ] 172.33.12.161 /Stock/index.php?m=Home&c=Index&a=getMessage&startId=6
INFO: [ app_init ] --START--
INFO: Run Behavior\BuildLiteBehavior [ RunTime:0.000010s ]
INFO: [ app_init ] --END-- [ RunTime:0.000233s ]

[ 2016-05-08T17:04:09+08:00 ] 127.0.0.1 /Stock/index.php?m=Home&c=Login&a=login
INFO: [ app_init ] --START--
INFO: Run Behavior\BuildLiteBehavior [ RunTime:0.000007s ]
INFO: [ app_init ] --END-- [ RunTime:0.000170s ]

[ 2016-05-08T17:04:42+08:00 ] 127.0.0.1 /Stock/index.php?m=Home&c=Login&a=login
INFO: [ app_init ] --START--
INFO: Run Behavior\BuildLiteBehavior [ RunTime:0.000007s ]
INFO: [ app_init ] --END-- [ RunTime:0.000165s ]

[ 2016-05-08T17:04:43+08:00 ] 172.33.12.161 /Stock/index.php?m=Home&c=Index&a=getMessage&startId=0
INFO: [ app_init ] --START--
INFO: Run Behavior\BuildLiteBehavior [ RunTime:0.000011s ]
INFO: [ app_init ] --END-- [ RunTime:0.000220s ]

[ 2016-05-08T17:04:44+08:00 ] 127.0.0.1 /Stock/index.php?m=Home&c=Index&a=index
INFO: [ app_init ] --START--
INFO: Run Behavior\BuildLiteBehavior [ RunTime:0.000007s ]
INFO: [ app_init ] --END-- [ RunTime:0.000171s ]

[ 2016-05-08T17:23:59+08:00 ] 127.0.0.1 /Stock/index.php?/Home/Index/index.html
INFO: [ app_init ] --START--
INFO: Run Behavior\BuildLiteBehavior [ RunTime:0.000008s ]
INFO: [ app_init ] --END-- [ RunTime:0.000174s ]

[ 2016-05-08T17:24:32+08:00 ] 127.0.0.1 /Stock/index.php?/Home/Login/login.html
INFO: [ app_init ] --START--
INFO: Run Behavior\BuildLiteBehavior [ RunTime:0.000008s ]
INFO: [ app_init ] --END-- [ RunTime:0.000192s ]

[ 2016-05-08T17:26:50+08:00 ] 127.0.0.1 /Stock/index.php?m=Home&c=Index&a=index
INFO: [ app_init ] --START--
INFO: Run Behavior\BuildLiteBehavior [ RunTime:0.000009s ]
INFO: [ app_init ] --END-- [ RunTime:0.000184s ]

[ 2016-05-08T17:27:15+08:00 ] 127.0.0.1 /Stock/index.php?m=Home&c=Index&a=index
INFO: [ app_init ] --START--
INFO: Run Behavior\BuildLiteBehavior [ RunTime:0.000009s ]
INFO: [ app_init ] --END-- [ RunTime:0.000189s ]

[ 2016-05-08T17:27:36+08:00 ] 127.0.0.1 /Stock/index.php?m=Home&c=Index&a=index
INFO: [ app_init ] --START--
INFO: Run Behavior\BuildLiteBehavior [ RunTime:0.000008s ]
INFO: [ app_init ] --END-- [ RunTime:0.000176s ]

[ 2016-05-08T17:31:25+08:00 ] 127.0.0.1 /Stock/index.php?m=Home&c=Index&a=index
INFO: [ app_init ] --START--
INFO: Run Behavior\BuildLiteBehavior [ RunTime:0.000009s ]
INFO: [ app_init ] --END-- [ RunTime:0.000212s ]

[ 2016-05-08T17:31:46+08:00 ] 127.0.0.1 /Stock/index.php?m=Home&c=Index&a=index
INFO: [ app_init ] --START--
INFO: Run Behavior\BuildLiteBehavior [ RunTime:0.000008s ]
INFO: [ app_init ] --END-- [ RunTime:0.000186s ]

[ 2016-05-08T17:31:58+08:00 ] 127.0.0.1 /Stock/index.php/Home/Login/login.html
INFO: [ app_init ] --START--
INFO: Run Behavior\BuildLiteBehavior [ RunTime:0.000009s ]
INFO: [ app_init ] --END-- [ RunTime:0.000200s ]

[ 2016-05-08T17:32:13+08:00 ] 127.0.0.1 /Stock/index.php/Home/Index/lindex.html
INFO: [ app_init ] --START--
INFO: Run Behavior\BuildLiteBehavior [ RunTime:0.000014s ]
INFO: [ app_init ] --END-- [ RunTime:0.000392s ]
ERR: 非法操作:lindex

[ 2016-05-08T17:32:20+08:00 ] 127.0.0.1 /Stock/index.php/Home/Index/index
INFO: [ app_init ] --START--
INFO: Run Behavior\BuildLiteBehavior [ RunTime:0.000007s ]
INFO: [ app_init ] --END-- [ RunTime:0.000174s ]

[ 2016-05-08T17:32:35+08:00 ] 127.0.0.1 /Stock/index.php/Home/Index/lindex.html
INFO: [ app_init ] --START--
INFO: Run Behavior\BuildLiteBehavior [ RunTime:0.000008s ]
INFO: [ app_init ] --END-- [ RunTime:0.000196s ]
ERR: 非法操作:lindex

[ 2016-05-08T17:32:36+08:00 ] 127.0.0.1 /Stock/index.php/Home/Index/lindex.html
INFO: [ app_init ] --START--
INFO: Run Behavior\BuildLiteBehavior [ RunTime:0.000007s ]
INFO: [ app_init ] --END-- [ RunTime:0.000175s ]
ERR: 非法操作:lindex

[ 2016-05-08T17:32:52+08:00 ] 127.0.0.1 /Stock/index.php/Home/Index/index.html
INFO: [ app_init ] --START--
INFO: Run Behavior\BuildLiteBehavior [ RunTime:0.000008s ]
INFO: [ app_init ] --END-- [ RunTime:0.000177s ]

[ 2016-05-08T17:32:52+08:00 ] 127.0.0.1 /Stock/index.php/Home/Index/front/dist/js/all.min.js
INFO: [ app_init ] --START--
INFO: Run Behavior\BuildLiteBehavior [ RunTime:0.000009s ]
INFO: [ app_init ] --END-- [ RunTime:0.000326s ]
ERR: 非法操作:front

[ 2016-05-08T17:32:52+08:00 ] 127.0.0.1 /Stock/index.php/Home/Index/front/dist/css/all.min.css
INFO: [ app_init ] --START--
INFO: Run Behavior\BuildLiteBehavior [ RunTime:0.000012s ]
INFO: [ app_init ] --END-- [ RunTime:0.000305s ]
ERR: 非法操作:front

[ 2016-05-08T17:32:52+08:00 ] 127.0.0.1 /Stock/index.php/Home/Index/Public/static/js/jquery.js
INFO: [ app_init ] --START--
INFO: Run Behavior\BuildLiteBehavior [ RunTime:0.000011s ]
INFO: [ app_init ] --END-- [ RunTime:0.000298s ]
ERR: 非法操作:Public

[ 2016-05-08T17:35:55+08:00 ] 127.0.0.1 /Stock/index.php?m=Home&c=Index&a=index
INFO: [ app_init ] --START--
INFO: Run Behavior\BuildLiteBehavior [ RunTime:0.000007s ]
INFO: [ app_init ] --END-- [ RunTime:0.000199s ]

[ 2016-05-08T17:35:55+08:00 ] 172.33.12.161 /Stock/index.php?m=Home&c=Index&a=getMessage&startId=0
INFO: [ app_init ] --START--
INFO: Run Behavior\BuildLiteBehavior [ RunTime:0.000030s ]
INFO: [ app_init ] --END-- [ RunTime:0.000262s ]

[ 2016-05-08T17:35:58+08:00 ] 172.33.12.161 /Stock/index.php?m=Home&c=Index&a=getMessage&startId=2
INFO: [ app_init ] --START--
INFO: Run Behavior\BuildLiteBehavior [ RunTime:0.000008s ]
INFO: [ app_init ] --END-- [ RunTime:0.000188s ]

[ 2016-05-08T17:36:01+08:00 ] 172.33.12.161 /Stock/index.php?m=Home&c=Index&a=getMessage&startId=4
INFO: [ app_init ] --START--
INFO: Run Behavior\BuildLiteBehavior [ RunTime:0.000010s ]
INFO: [ app_init ] --END-- [ RunTime:0.000200s ]

[ 2016-05-08T17:36:04+08:00 ] 172.33.12.161 /Stock/index.php?m=Home&c=Index&a=getMessage&startId=6
INFO: [ app_init ] --START--
INFO: Run Behavior\BuildLiteBehavior [ RunTime:0.000008s ]
INFO: [ app_init ] --END-- [ RunTime:0.000193s ]

[ 2016-05-08T17:36:08+08:00 ] 172.33.12.161 /Stock/index.php?m=Home&c=Index&a=getMessage&startId=8
INFO: [ app_init ] --START--
INFO: Run Behavior\BuildLiteBehavior [ RunTime:0.000011s ]
INFO: [ app_init ] --END-- [ RunTime:0.000217s ]

[ 2016-05-08T17:36:11+08:00 ] 172.33.12.161 /Stock/index.php?m=Home&c=Index&a=getMessage&startId=10
INFO: [ app_init ] --START--
INFO: Run Behavior\BuildLiteBehavior [ RunTime:0.000008s ]
INFO: [ app_init ] --END-- [ RunTime:0.000175s ]

[ 2016-05-08T17:36:14+08:00 ] 172.33.12.161 /Stock/index.php?m=Home&c=Index&a=getMessage&startId=12
INFO: [ app_init ] --START--
INFO: Run Behavior\BuildLiteBehavior [ RunTime:0.000009s ]
INFO: [ app_init ] --END-- [ RunTime:0.000191s ]

[ 2016-05-08T17:36:18+08:00 ] 172.33.12.161 /Stock/index.php?m=Home&c=Index&a=getMessage&startId=14
INFO: [ app_init ] --START--
INFO: Run Behavior\BuildLiteBehavior [ RunTime:0.000009s ]
INFO: [ app_init ] --END-- [ RunTime:0.000196s ]

[ 2016-05-08T17:36:21+08:00 ] 172.33.12.161 /Stock/index.php?m=Home&c=Index&a=getMessage&startId=16
INFO: [ app_init ] --START--
INFO: Run Behavior\BuildLiteBehavior [ RunTime:0.000009s ]
INFO: [ app_init ] --END-- [ RunTime:0.000199s ]

[ 2016-05-08T17:36:22+08:00 ] 172.33.12.161 /Stock/index.php?m=Home&c=Index&a=getMessage&startId=18
INFO: [ app_init ] --START--
INFO: Run Behavior\BuildLiteBehavior [ RunTime:0.000009s ]
INFO: [ app_init ] --END-- [ RunTime:0.000215s ]

[ 2016-05-08T17:36:26+08:00 ] 172.33.12.161 /Stock/index.php?m=Home&c=Index&a=getMessage&startId=20
INFO: [ app_init ] --START--
INFO: Run Behavior\BuildLiteBehavior [ RunTime:0.000008s ]
INFO: [ app_init ] --END-- [ RunTime:0.000176s ]

[ 2016-05-08T17:36:29+08:00 ] 172.33.12.161 /Stock/index.php?m=Home&c=Index&a=getMessage&startId=22
INFO: [ app_init ] --START--
INFO: Run Behavior\BuildLiteBehavior [ RunTime:0.000009s ]
INFO: [ app_init ] --END-- [ RunTime:0.000202s ]

[ 2016-05-08T17:36:32+08:00 ] 172.33.12.161 /Stock/index.php?m=Home&c=Index&a=getMessage&startId=24
INFO: [ app_init ] --START--
INFO: Run Behavior\BuildLiteBehavior [ RunTime:0.000009s ]
INFO: [ app_init ] --END-- [ RunTime:0.000197s ]

[ 2016-05-08T17:36:36+08:00 ] 172.33.12.161 /Stock/index.php?m=Home&c=Index&a=getMessage&startId=26
INFO: [ app_init ] --START--
INFO: Run Behavior\BuildLiteBehavior [ RunTime:0.000009s ]
INFO: [ app_init ] --END-- [ RunTime:0.000205s ]

[ 2016-05-08T17:36:38+08:00 ] 172.33.12.161 /Stock/index.php?m=Home&c=Index&a=getMessage&startId=28
INFO: [ app_init ] --START--
INFO: Run Behavior\BuildLiteBehavior [ RunTime:0.000009s ]
INFO: [ app_init ] --END-- [ RunTime:0.000201s ]

[ 2016-05-08T17:36:42+08:00 ] 172.33.12.161 /Stock/index.php?m=Home&c=Index&a=getMessage&startId=30
INFO: [ app_init ] --START--
INFO: Run Behavior\BuildLiteBehavior [ RunTime:0.000009s ]
INFO: [ app_init ] --END-- [ RunTime:0.000194s ]

[ 2016-05-08T17:36:45+08:00 ] 172.33.12.161 /Stock/index.php?m=Home&c=Index&a=getMessage&startId=32
INFO: [ app_init ] --START--
INFO: Run Behavior\BuildLiteBehavior [ RunTime:0.000009s ]
INFO: [ app_init ] --END-- [ RunTime:0.000195s ]

[ 2016-05-08T17:36:47+08:00 ] 172.33.12.161 /Stock/index.php?m=Home&c=Index&a=getMessage&startId=34
INFO: [ app_init ] --START--
INFO: Run Behavior\BuildLiteBehavior [ RunTime:0.000008s ]
INFO: [ app_init ] --END-- [ RunTime:0.000196s ]

[ 2016-05-08T17:36:51+08:00 ] 172.33.12.161 /Stock/index.php?m=Home&c=Index&a=getMessage&startId=36
INFO: [ app_init ] --START--
INFO: Run Behavior\BuildLiteBehavior [ RunTime:0.000008s ]
INFO: [ app_init ] --END-- [ RunTime:0.000203s ]

[ 2016-05-08T17:36:54+08:00 ] 172.33.12.161 /Stock/index.php?m=Home&c=Index&a=getMessage&startId=38
INFO: [ app_init ] --START--
INFO: Run Behavior\BuildLiteBehavior [ RunTime:0.000009s ]
INFO: [ app_init ] --END-- [ RunTime:0.000200s ]

[ 2016-05-08T17:36:57+08:00 ] 172.33.12.161 /Stock/index.php?m=Home&c=Index&a=getMessage&startId=40
INFO: [ app_init ] --START--
INFO: Run Behavior\BuildLiteBehavior [ RunTime:0.000009s ]
INFO: [ app_init ] --END-- [ RunTime:0.000204s ]

[ 2016-05-08T17:36:59+08:00 ] 172.33.12.161 /Stock/index.php?m=Home&c=Index&a=getMessage&startId=42
INFO: [ app_init ] --START--
INFO: Run Behavior\BuildLiteBehavior [ RunTime:0.000010s ]
INFO: [ app_init ] --END-- [ RunTime:0.000235s ]

[ 2016-05-08T17:37:02+08:00 ] 172.33.12.161 /Stock/index.php?m=Home&c=Index&a=getMessage&startId=44
INFO: [ app_init ] --START--
INFO: Run Behavior\BuildLiteBehavior [ RunTime:0.000008s ]
INFO: [ app_init ] --END-- [ RunTime:0.000174s ]

[ 2016-05-08T17:37:06+08:00 ] 172.33.12.161 /Stock/index.php?m=Home&c=Index&a=getMessage&startId=46
INFO: [ app_init ] --START--
INFO: Run Behavior\BuildLiteBehavior [ RunTime:0.000011s ]
INFO: [ app_init ] --END-- [ RunTime:0.000276s ]

[ 2016-05-08T17:37:09+08:00 ] 172.33.12.161 /Stock/index.php?m=Home&c=Index&a=getMessage&startId=48
INFO: [ app_init ] --START--
INFO: Run Behavior\BuildLiteBehavior [ RunTime:0.000008s ]
INFO: [ app_init ] --END-- [ RunTime:0.000202s ]

[ 2016-05-08T17:37:11+08:00 ] 172.33.12.161 /Stock/index.php?m=Home&c=Index&a=getMessage&startId=50
INFO: [ app_init ] --START--
INFO: Run Behavior\BuildLiteBehavior [ RunTime:0.000008s ]
INFO: [ app_init ] --END-- [ RunTime:0.000181s ]

[ 2016-05-08T17:37:15+08:00 ] 172.33.12.161 /Stock/index.php?m=Home&c=Index&a=getMessage&startId=52
INFO: [ app_init ] --START--
INFO: Run Behavior\BuildLiteBehavior [ RunTime:0.000009s ]
INFO: [ app_init ] --END-- [ RunTime:0.000211s ]

[ 2016-05-08T17:37:18+08:00 ] 172.33.12.161 /Stock/index.php?m=Home&c=Index&a=getMessage&startId=54
INFO: [ app_init ] --START--
INFO: Run Behavior\BuildLiteBehavior [ RunTime:0.000008s ]
INFO: [ app_init ] --END-- [ RunTime:0.000199s ]

[ 2016-05-08T17:37:20+08:00 ] 172.33.12.161 /Stock/index.php?m=Home&c=Index&a=getMessage&startId=56
INFO: [ app_init ] --START--
INFO: Run Behavior\BuildLiteBehavior [ RunTime:0.000008s ]
INFO: [ app_init ] --END-- [ RunTime:0.000200s ]

[ 2016-05-08T17:37:23+08:00 ] 172.33.12.161 /Stock/index.php?m=Home&c=Index&a=getMessage&startId=58
INFO: [ app_init ] --START--
INFO: Run Behavior\BuildLiteBehavior [ RunTime:0.000009s ]
INFO: [ app_init ] --END-- [ RunTime:0.000205s ]

[ 2016-05-08T17:37:27+08:00 ] 172.33.12.161 /Stock/index.php?m=Home&c=Index&a=getMessage&startId=60
INFO: [ app_init ] --START--
INFO: Run Behavior\BuildLiteBehavior [ RunTime:0.000008s ]
INFO: [ app_init ] --END-- [ RunTime:0.000217s ]

[ 2016-05-08T17:37:29+08:00 ] 172.33.12.161 /Stock/index.php?m=Home&c=Index&a=getMessage&startId=62
INFO: [ app_init ] --START--
INFO: Run Behavior\BuildLiteBehavior [ RunTime:0.000010s ]
INFO: [ app_init ] --END-- [ RunTime:0.000206s ]

[ 2016-05-08T17:37:33+08:00 ] 172.33.12.161 /Stock/index.php?m=Home&c=Index&a=getMessage&startId=64
INFO: [ app_init ] --START--
INFO: Run Behavior\BuildLiteBehavior [ RunTime:0.000009s ]
INFO: [ app_init ] --END-- [ RunTime:0.000228s ]

[ 2016-05-08T17:37:34+08:00 ] 172.33.12.161 /Stock/index.php?m=Home&c=Index&a=getMessage&startId=66
INFO: [ app_init ] --START--
INFO: Run Behavior\BuildLiteBehavior [ RunTime:0.000007s ]
INFO: [ app_init ] --END-- [ RunTime:0.000179s ]

[ 2016-05-08T17:37:39+08:00 ] 172.33.12.161 /Stock/index.php?m=Home&c=Index&a=getMessage&startId=68
INFO: [ app_init ] --START--
INFO: Run Behavior\BuildLiteBehavior [ RunTime:0.000010s ]
INFO: [ app_init ] --END-- [ RunTime:0.000223s ]

[ 2016-05-08T17:37:42+08:00 ] 172.33.12.161 /Stock/index.php?m=Home&c=Index&a=getMessage&startId=70
INFO: [ app_init ] --START--
INFO: Run Behavior\BuildLiteBehavior [ RunTime:0.000008s ]
INFO: [ app_init ] --END-- [ RunTime:0.000182s ]

[ 2016-05-08T17:37:45+08:00 ] 172.33.12.161 /Stock/index.php?m=Home&c=Index&a=getMessage&startId=72
INFO: [ app_init ] --START--
INFO: Run Behavior\BuildLiteBehavior [ RunTime:0.000008s ]
INFO: [ app_init ] --END-- [ RunTime:0.000220s ]

[ 2016-05-08T17:37:47+08:00 ] 172.33.12.161 /Stock/index.php?m=Home&c=Index&a=getMessage&startId=74
INFO: [ app_init ] --START--
INFO: Run Behavior\BuildLiteBehavior [ RunTime:0.000008s ]
INFO: [ app_init ] --END-- [ RunTime:0.000195s ]

[ 2016-05-08T17:37:51+08:00 ] 172.33.12.161 /Stock/index.php?m=Home&c=Index&a=getMessage&startId=76
INFO: [ app_init ] --START--
INFO: Run Behavior\BuildLiteBehavior [ RunTime:0.000009s ]
INFO: [ app_init ] --END-- [ RunTime:0.000195s ]

[ 2016-05-08T17:37:53+08:00 ] 172.33.12.161 /Stock/index.php?m=Home&c=Index&a=getMessage&startId=78
INFO: [ app_init ] --START--
INFO: Run Behavior\BuildLiteBehavior [ RunTime:0.000008s ]
INFO: [ app_init ] --END-- [ RunTime:0.000182s ]

[ 2016-05-08T17:37:56+08:00 ] 172.33.12.161 /Stock/index.php?m=Home&c=Index&a=getMessage&startId=80
INFO: [ app_init ] --START--
INFO: Run Behavior\BuildLiteBehavior [ RunTime:0.000009s ]
INFO: [ app_init ] --END-- [ RunTime:0.000203s ]

[ 2016-05-08T17:37:59+08:00 ] 172.33.12.161 /Stock/index.php?m=Home&c=Index&a=getMessage&startId=82
INFO: [ app_init ] --START--
INFO: Run Behavior\BuildLiteBehavior [ RunTime:0.000008s ]
INFO: [ app_init ] --END-- [ RunTime:0.000208s ]

[ 2016-05-08T17:38:02+08:00 ] 172.33.12.161 /Stock/index.php?m=Home&c=Index&a=getMessage&startId=84
INFO: [ app_init ] --START--
INFO: Run Behavior\BuildLiteBehavior [ RunTime:0.000009s ]
INFO: [ app_init ] --END-- [ RunTime:0.000202s ]

[ 2016-05-08T17:38:06+08:00 ] 172.33.12.161 /Stock/index.php?m=Home&c=Index&a=getMessage&startId=86
INFO: [ app_init ] --START--
INFO: Run Behavior\BuildLiteBehavior [ RunTime:0.000009s ]
INFO: [ app_init ] --END-- [ RunTime:0.000208s ]

[ 2016-05-08T17:38:09+08:00 ] 172.33.12.161 /Stock/index.php?m=Home&c=Index&a=getMessage&startId=88
INFO: [ app_init ] --START--
INFO: Run Behavior\BuildLiteBehavior [ RunTime:0.000009s ]
INFO: [ app_init ] --END-- [ RunTime:0.000213s ]

[ 2016-05-08T17:38:10+08:00 ] 172.33.12.161 /Stock/index.php?m=Home&c=Index&a=getMessage&startId=90
INFO: [ app_init ] --START--
INFO: Run Behavior\BuildLiteBehavior [ RunTime:0.000008s ]
INFO: [ app_init ] --END-- [ RunTime:0.000246s ]

[ 2016-05-08T17:38:15+08:00 ] 172.33.12.161 /Stock/index.php?m=Home&c=Index&a=getMessage&startId=92
INFO: [ app_init ] --START--
INFO: Run Behavior\BuildLiteBehavior [ RunTime:0.000008s ]
INFO: [ app_init ] --END-- [ RunTime:0.000195s ]

[ 2016-05-08T17:38:18+08:00 ] 172.33.12.161 /Stock/index.php?m=Home&c=Index&a=getMessage&startId=94
INFO: [ app_init ] --START--
INFO: Run Behavior\BuildLiteBehavior [ RunTime:0.000009s ]
INFO: [ app_init ] --END-- [ RunTime:0.000188s ]

[ 2016-05-08T17:38:20+08:00 ] 172.33.12.161 /Stock/index.php?m=Home&c=Index&a=getMessage&startId=96
INFO: [ app_init ] --START--
INFO: Run Behavior\BuildLiteBehavior [ RunTime:0.000008s ]
INFO: [ app_init ] --END-- [ RunTime:0.000205s ]

[ 2016-05-08T17:38:24+08:00 ] 172.33.12.161 /Stock/index.php?m=Home&c=Index&a=getMessage&startId=98
INFO: [ app_init ] --START--
INFO: Run Behavior\BuildLiteBehavior [ RunTime:0.000009s ]
INFO: [ app_init ] --END-- [ RunTime:0.000202s ]

[ 2016-05-08T17:38:27+08:00 ] 172.33.12.161 /Stock/index.php?m=Home&c=Index&a=getMessage&startId=100
INFO: [ app_init ] --START--
INFO: Run Behavior\BuildLiteBehavior [ RunTime:0.000009s ]
INFO: [ app_init ] --END-- [ RunTime:0.000196s ]

[ 2016-05-08T17:38:30+08:00 ] 172.33.12.161 /Stock/index.php?m=Home&c=Index&a=getMessage&startId=102
INFO: [ app_init ] --START--
INFO: Run Behavior\BuildLiteBehavior [ RunTime:0.000009s ]
INFO: [ app_init ] --END-- [ RunTime:0.000194s ]

[ 2016-05-08T17:38:33+08:00 ] 172.33.12.161 /Stock/index.php?m=Home&c=Index&a=getMessage&startId=104
INFO: [ app_init ] --START--
INFO: Run Behavior\BuildLiteBehavior [ RunTime:0.000008s ]
INFO: [ app_init ] --END-- [ RunTime:0.000197s ]

[ 2016-05-08T17:38:34+08:00 ] 172.33.12.161 /Stock/index.php?m=Home&c=Index&a=getMessage&startId=106
INFO: [ app_init ] --START--
INFO: Run Behavior\BuildLiteBehavior [ RunTime:0.000009s ]
INFO: [ app_init ] --END-- [ RunTime:0.000196s ]

[ 2016-05-08T17:38:39+08:00 ] 172.33.12.161 /Stock/index.php?m=Home&c=Index&a=getMessage&startId=108
INFO: [ app_init ] --START--
INFO: Run Behavior\BuildLiteBehavior [ RunTime:0.000008s ]
INFO: [ app_init ] --END-- [ RunTime:0.000194s ]

[ 2016-05-08T17:38:41+08:00 ] 172.33.12.161 /Stock/index.php?m=Home&c=Index&a=getMessage&startId=110
INFO: [ app_init ] --START--
INFO: Run Behavior\BuildLiteBehavior [ RunTime:0.000008s ]
INFO: [ app_init ] --END-- [ RunTime:0.000222s ]

[ 2016-05-08T17:38:43+08:00 ] 172.33.12.161 /Stock/index.php?m=Home&c=Index&a=getMessage&startId=112
INFO: [ app_init ] --START--
INFO: Run Behavior\BuildLiteBehavior [ RunTime:0.000011s ]
INFO: [ app_init ] --END-- [ RunTime:0.000204s ]

[ 2016-05-08T17:38:46+08:00 ] 172.33.12.161 /Stock/index.php?m=Home&c=Index&a=getMessage&startId=114
INFO: [ app_init ] --START--
INFO: Run Behavior\BuildLiteBehavior [ RunTime:0.000008s ]
INFO: [ app_init ] --END-- [ RunTime:0.000197s ]

[ 2016-05-08T17:38:47+08:00 ] 127.0.0.1 /Stock/index.php?m=Home&c=Index&a=index
INFO: [ app_init ] --START--
INFO: Run Behavior\BuildLiteBehavior [ RunTime:0.000025s ]
INFO: [ app_init ] --END-- [ RunTime:0.000385s ]

[ 2016-05-08T17:38:47+08:00 ] 172.33.12.161 /Stock/index.php?m=Home&c=Index&a=getMessage&startId=0
INFO: [ app_init ] --START--
INFO: Run Behavior\BuildLiteBehavior [ RunTime:0.000009s ]
INFO: [ app_init ] --END-- [ RunTime:0.000255s ]

[ 2016-05-08T17:38:50+08:00 ] 172.33.12.161 /Stock/index.php?m=Home&c=Index&a=getMessage&startId=2
INFO: [ app_init ] --START--
INFO: Run Behavior\BuildLiteBehavior [ RunTime:0.000009s ]
INFO: [ app_init ] --END-- [ RunTime:0.000198s ]

[ 2016-05-08T17:38:53+08:00 ] 172.33.12.161 /Stock/index.php?m=Home&c=Index&a=getMessage&startId=4
INFO: [ app_init ] --START--
INFO: Run Behavior\BuildLiteBehavior [ RunTime:0.000008s ]
INFO: [ app_init ] --END-- [ RunTime:0.000227s ]

[ 2016-05-08T17:38:56+08:00 ] 172.33.12.161 /Stock/index.php?m=Home&c=Index&a=getMessage&startId=6
INFO: [ app_init ] --START--
INFO: Run Behavior\BuildLiteBehavior [ RunTime:0.000010s ]
INFO: [ app_init ] --END-- [ RunTime:0.000210s ]

[ 2016-05-08T17:38:59+08:00 ] 172.33.12.161 /Stock/index.php?m=Home&c=Index&a=getMessage&startId=8
INFO: [ app_init ] --START--
INFO: Run Behavior\BuildLiteBehavior [ RunTime:0.000010s ]
INFO: [ app_init ] --END-- [ RunTime:0.000200s ]

[ 2016-05-08T17:39:10+08:00 ] 127.0.0.1 /Stock/index.php/Home/Index/index
INFO: [ app_init ] --START--
INFO: Run Behavior\BuildLiteBehavior [ RunTime:0.000008s ]
INFO: [ app_init ] --END-- [ RunTime:0.000171s ]

[ 2016-05-08T17:39:10+08:00 ] 127.0.0.1 /Stock/index.php/Home/Index/front/dist/js/all.min.js
INFO: [ app_init ] --START--
INFO: Run Behavior\BuildLiteBehavior [ RunTime:0.000009s ]
INFO: [ app_init ] --END-- [ RunTime:0.000301s ]

[ 2016-05-08T17:39:10+08:00 ] 127.0.0.1 /Stock/index.php/Home/Index/front/dist/css/all.min.css
INFO: [ app_init ] --START--
INFO: Run Behavior\BuildLiteBehavior [ RunTime:0.000008s ]
INFO: [ app_init ] --END-- [ RunTime:0.000247s ]

[ 2016-05-08T17:39:10+08:00 ] 127.0.0.1 /Stock/index.php/Home/Index/Public/static/js/jquery.js
INFO: [ app_init ] --START--
INFO: Run Behavior\BuildLiteBehavior [ RunTime:0.000011s ]
INFO: [ app_init ] --END-- [ RunTime:0.000265s ]

