[ 2016-05-15T04:35:56+08:00 ] 192.168.23.6 /Stock/index.php?m=Home&c=Index&a=getMessage&startId=9926
INFO: [ app_init ] --START--
INFO: Run Behavior\BuildLiteBehavior [ RunTime:0.000043s ]
INFO: [ app_init ] --END-- [ RunTime:0.001854s ]
INFO: [ app_begin ] --START--
INFO: Run Behavior\ReadHtmlCacheBehavior [ RunTime:0.001650s ]
INFO: [ app_begin ] --END-- [ RunTime:0.001840s ]
SQL: SHOW COLUMNS FROM `message` [ RunTime:0.0174s ]
SQL: SHOW COLUMNS FROM `barrage_msg` [ RunTime:0.0020s ]
SQL: SELECT * FROM `barrage_msg` WHERE ( `messageId` > '9926' AND `messageId` < 9929  )  [ RunTime:0.0066s ]
INFO: [ app_end ] --START--
INFO: Run Behavior\ShowPageTraceBehavior [ RunTime:0.002060s ]
INFO: [ app_end ] --END-- [ RunTime:0.002237s ]

[ 2016-05-15T04:35:59+08:00 ] 192.168.23.6 /Stock/index.php?m=Home&c=Index&a=getMessage&startId=10
INFO: [ app_init ] --START--
INFO: Run Behavior\BuildLiteBehavior [ RunTime:0.000038s ]
INFO: [ app_init ] --END-- [ RunTime:0.001039s ]
INFO: [ app_begin ] --START--
INFO: Run Behavior\ReadHtmlCacheBehavior [ RunTime:0.001331s ]
INFO: [ app_begin ] --END-- [ RunTime:0.001498s ]
SQL: SHOW COLUMNS FROM `message` [ RunTime:0.0022s ]
SQL: SHOW COLUMNS FROM `barrage_msg` [ RunTime:0.0016s ]
SQL: SELECT * FROM `barrage_msg` WHERE ( `messageId` > '10' AND `messageId` < 13  )  [ RunTime:0.0010s ]
INFO: [ app_end ] --START--
INFO: Run Behavior\ShowPageTraceBehavior [ RunTime:0.001673s ]
INFO: [ app_end ] --END-- [ RunTime:0.001824s ]

[ 2016-05-15T04:36:03+08:00 ] 192.168.23.6 /Stock/index.php?m=Home&c=Index&a=getMessage&startId=12
INFO: [ app_init ] --START--
INFO: Run Behavior\BuildLiteBehavior [ RunTime:0.000038s ]
INFO: [ app_init ] --END-- [ RunTime:0.001094s ]
INFO: [ app_begin ] --START--
INFO: Run Behavior\ReadHtmlCacheBehavior [ RunTime:0.001319s ]
INFO: [ app_begin ] --END-- [ RunTime:0.001489s ]
SQL: SHOW COLUMNS FROM `message` [ RunTime:0.0018s ]
SQL: SHOW COLUMNS FROM `barrage_msg` [ RunTime:0.0013s ]
SQL: SELECT * FROM `barrage_msg` WHERE ( `messageId` > '12' AND `messageId` < 15  )  [ RunTime:0.0009s ]
INFO: [ app_end ] --START--
INFO: Run Behavior\ShowPageTraceBehavior [ RunTime:0.001781s ]
INFO: [ app_end ] --END-- [ RunTime:0.001947s ]

[ 2016-05-15T04:36:07+08:00 ] 192.168.23.6 /Stock/index.php?m=Home&c=Index&a=getMessage&startId=14
INFO: [ app_init ] --START--
INFO: Run Behavior\BuildLiteBehavior [ RunTime:0.000039s ]
INFO: [ app_init ] --END-- [ RunTime:0.001100s ]
INFO: [ app_begin ] --START--
INFO: Run Behavior\ReadHtmlCacheBehavior [ RunTime:0.001237s ]
INFO: [ app_begin ] --END-- [ RunTime:0.001410s ]
SQL: SHOW COLUMNS FROM `message` [ RunTime:0.0043s ]
SQL: SHOW COLUMNS FROM `barrage_msg` [ RunTime:0.0012s ]
SQL: SELECT * FROM `barrage_msg` WHERE ( `messageId` > '14' AND `messageId` < 17  )  [ RunTime:0.0011s ]
INFO: [ app_end ] --START--
INFO: Run Behavior\ShowPageTraceBehavior [ RunTime:0.001608s ]
INFO: [ app_end ] --END-- [ RunTime:0.001760s ]

[ 2016-05-15T04:36:12+08:00 ] 192.168.23.6 /Stock/index.php?m=Home&c=Index&a=getMessage&startId=16
INFO: [ app_init ] --START--
INFO: Run Behavior\BuildLiteBehavior [ RunTime:0.000039s ]
INFO: [ app_init ] --END-- [ RunTime:0.001074s ]
INFO: [ app_begin ] --START--
INFO: Run Behavior\ReadHtmlCacheBehavior [ RunTime:0.001269s ]
INFO: [ app_begin ] --END-- [ RunTime:0.001438s ]
SQL: SHOW COLUMNS FROM `message` [ RunTime:0.0017s ]
SQL: SHOW COLUMNS FROM `barrage_msg` [ RunTime:0.0014s ]
SQL: SELECT * FROM `barrage_msg` WHERE ( `messageId` > '16' AND `messageId` < 19  )  [ RunTime:0.0008s ]
INFO: [ app_end ] --START--
INFO: Run Behavior\ShowPageTraceBehavior [ RunTime:0.001724s ]
INFO: [ app_end ] --END-- [ RunTime:0.001866s ]

[ 2016-05-15T04:36:16+08:00 ] 192.168.23.6 /Stock/index.php?m=Home&c=Index&a=getMessage&startId=18
INFO: [ app_init ] --START--
INFO: Run Behavior\BuildLiteBehavior [ RunTime:0.000031s ]
INFO: [ app_init ] --END-- [ RunTime:0.000699s ]
INFO: [ app_begin ] --START--
INFO: Run Behavior\ReadHtmlCacheBehavior [ RunTime:0.000879s ]
INFO: [ app_begin ] --END-- [ RunTime:0.000981s ]
SQL: SHOW COLUMNS FROM `message` [ RunTime:0.0015s ]
SQL: SHOW COLUMNS FROM `barrage_msg` [ RunTime:0.0012s ]
SQL: SELECT * FROM `barrage_msg` WHERE ( `messageId` > '18' AND `messageId` < 21  )  [ RunTime:0.0008s ]
INFO: [ app_end ] --START--
INFO: Run Behavior\ShowPageTraceBehavior [ RunTime:0.001099s ]
INFO: [ app_end ] --END-- [ RunTime:0.001246s ]

[ 2016-05-15T04:36:22+08:00 ] 192.168.23.6 /Stock/index.php?m=Home&c=Index&a=getMessage&startId=20
INFO: [ app_init ] --START--
INFO: Run Behavior\BuildLiteBehavior [ RunTime:0.000030s ]
INFO: [ app_init ] --END-- [ RunTime:0.000697s ]
INFO: [ app_begin ] --START--
INFO: Run Behavior\ReadHtmlCacheBehavior [ RunTime:0.000912s ]
INFO: [ app_begin ] --END-- [ RunTime:0.001030s ]
SQL: SHOW COLUMNS FROM `message` [ RunTime:0.0014s ]
SQL: SHOW COLUMNS FROM `barrage_msg` [ RunTime:0.0015s ]
SQL: SELECT * FROM `barrage_msg` WHERE ( `messageId` > '20' AND `messageId` < 23  )  [ RunTime:0.0008s ]
INFO: [ app_end ] --START--
INFO: Run Behavior\ShowPageTraceBehavior [ RunTime:0.001062s ]
INFO: [ app_end ] --END-- [ RunTime:0.001178s ]

[ 2016-05-15T04:36:29+08:00 ] 192.168.23.6 /Stock/index.php?m=Home&c=Index&a=getMessage&startId=22
INFO: [ app_init ] --START--
INFO: Run Behavior\BuildLiteBehavior [ RunTime:0.000030s ]
INFO: [ app_init ] --END-- [ RunTime:0.000679s ]
INFO: [ app_begin ] --START--
INFO: Run Behavior\ReadHtmlCacheBehavior [ RunTime:0.000852s ]
INFO: [ app_begin ] --END-- [ RunTime:0.000951s ]
SQL: SHOW COLUMNS FROM `message` [ RunTime:0.0013s ]
SQL: SHOW COLUMNS FROM `barrage_msg` [ RunTime:0.0012s ]
SQL: SELECT * FROM `barrage_msg` WHERE ( `messageId` > '22' AND `messageId` < 25  )  [ RunTime:0.0008s ]
INFO: [ app_end ] --START--
INFO: Run Behavior\ShowPageTraceBehavior [ RunTime:0.001028s ]
INFO: [ app_end ] --END-- [ RunTime:0.001139s ]

[ 2016-05-15T04:36:35+08:00 ] 192.168.23.6 /Stock/index.php?m=Home&c=Index&a=getMessage&startId=24
INFO: [ app_init ] --START--
INFO: Run Behavior\BuildLiteBehavior [ RunTime:0.000032s ]
INFO: [ app_init ] --END-- [ RunTime:0.000695s ]
INFO: [ app_begin ] --START--
INFO: Run Behavior\ReadHtmlCacheBehavior [ RunTime:0.000907s ]
INFO: [ app_begin ] --END-- [ RunTime:0.001008s ]
SQL: SHOW COLUMNS FROM `message` [ RunTime:0.0014s ]
SQL: SHOW COLUMNS FROM `barrage_msg` [ RunTime:0.0014s ]
SQL: SELECT * FROM `barrage_msg` WHERE ( `messageId` > '24' AND `messageId` < 27  )  [ RunTime:0.0009s ]
INFO: [ app_end ] --START--
INFO: Run Behavior\ShowPageTraceBehavior [ RunTime:0.001122s ]
INFO: [ app_end ] --END-- [ RunTime:0.001237s ]

